This is pdfTeX, Version 3.1415926-2.5-1.40.14 (TeX Live 2013/Debian) (format=pdflatex 2015.2.6)  13 FEB 2015 23:19
entering extended mode
 restricted \write18 enabled.
 %&-line parsing enabled.
**Appendix4.tex
(./Appendix4.tex
LaTeX2e <2011/06/27>
Babel <3.9h> and hyphenation patterns for 78 languages loaded.
(/usr/share/texlive/texmf-dist/tex/latex/base/article.cls
Document Class: article 2007/10/19 v1.4h Standard LaTeX document class
(/usr/share/texlive/texmf-dist/tex/latex/base/size12.clo
File: size12.clo 2007/10/19 v1.4h Standard LaTeX file (size option)
)
\c@part=\count79
\c@section=\count80
\c@subsection=\count81
\c@subsubsection=\count82
\c@paragraph=\count83
\c@subparagraph=\count84
\c@figure=\count85
\c@table=\count86
\abovecaptionskip=\skip41
\belowcaptionskip=\skip42
\bibindent=\dimen102
)
(/usr/share/texlive/texmf-dist/tex/latex/graphics/graphicx.sty
Package: graphicx 1999/02/16 v1.0f Enhanced LaTeX Graphics (DPC,SPQR)

(/usr/share/texlive/texmf-dist/tex/latex/graphics/keyval.sty
Package: keyval 1999/03/16 v1.13 key=value parser (DPC)
\KV@toks@=\toks14
)
(/usr/share/texlive/texmf-dist/tex/latex/graphics/graphics.sty
Package: graphics 2009/02/05 v1.0o Standard LaTeX Graphics (DPC,SPQR)

(/usr/share/texlive/texmf-dist/tex/latex/graphics/trig.sty
Package: trig 1999/03/16 v1.09 sin cos tan (DPC)
)
(/usr/share/texlive/texmf-dist/tex/latex/latexconfig/graphics.cfg
File: graphics.cfg 2010/04/23 v1.9 graphics configuration of TeX Live
)
Package graphics Info: Driver file: pdftex.def on input line 91.

(/usr/share/texlive/texmf-dist/tex/latex/pdftex-def/pdftex.def
File: pdftex.def 2011/05/27 v0.06d Graphics/color for pdfTeX

(/usr/share/texlive/texmf-dist/tex/generic/oberdiek/infwarerr.sty
Package: infwarerr 2010/04/08 v1.3 Providing info/warning/error messages (HO)
)
(/usr/share/texlive/texmf-dist/tex/generic/oberdiek/ltxcmds.sty
Package: ltxcmds 2011/11/09 v1.22 LaTeX kernel commands for general use (HO)
)
\Gread@gobject=\count87
))
\Gin@req@height=\dimen103
\Gin@req@width=\dimen104
)
(/usr/share/texlive/texmf-dist/tex/latex/graphics/color.sty
Package: color 2005/11/14 v1.0j Standard LaTeX Color (DPC)

(/usr/share/texlive/texmf-dist/tex/latex/latexconfig/color.cfg
File: color.cfg 2007/01/18 v1.5 color configuration of teTeX/TeXLive
)
Package color Info: Driver file: pdftex.def on input line 130.
)
(/usr/share/texlive/texmf-dist/tex/latex/framed/framed.sty
Package: framed 2011/10/22 v 0.96: framed or shaded text with page breaks
\OuterFrameSep=\skip43
\fb@frw=\dimen105
\fb@frh=\dimen106
\FrameRule=\dimen107
\FrameSep=\dimen108
)
(/usr/share/texlive/texmf-dist/tex/latex/base/alltt.sty
Package: alltt 1997/06/16 v2.0g defines alltt environment
)
(/usr/share/texlive/texmf-dist/tex/latex/base/inputenc.sty
Package: inputenc 2008/03/30 v1.1d Input encoding file
\inpenc@prehook=\toks15
\inpenc@posthook=\toks16

(/usr/share/texlive/texmf-dist/tex/latex/base/utf8.def
File: utf8.def 2008/04/05 v1.1m UTF-8 support for inputenc
Now handling font encoding OML ...
... no UTF-8 mapping file for font encoding OML
Now handling font encoding T1 ...
... processing UTF-8 mapping file for font encoding T1

(/usr/share/texlive/texmf-dist/tex/latex/base/t1enc.dfu
File: t1enc.dfu 2008/04/05 v1.1m UTF-8 support for inputenc
   defining Unicode char U+00A1 (decimal 161)
   defining Unicode char U+00A3 (decimal 163)
   defining Unicode char U+00AB (decimal 171)
   defining Unicode char U+00BB (decimal 187)
   defining Unicode char U+00BF (decimal 191)
   defining Unicode char U+00C0 (decimal 192)
   defining Unicode char U+00C1 (decimal 193)
   defining Unicode char U+00C2 (decimal 194)
   defining Unicode char U+00C3 (decimal 195)
   defining Unicode char U+00C4 (decimal 196)
   defining Unicode char U+00C5 (decimal 197)
   defining Unicode char U+00C6 (decimal 198)
   defining Unicode char U+00C7 (decimal 199)
   defining Unicode char U+00C8 (decimal 200)
   defining Unicode char U+00C9 (decimal 201)
   defining Unicode char U+00CA (decimal 202)
   defining Unicode char U+00CB (decimal 203)
   defining Unicode char U+00CC (decimal 204)
   defining Unicode char U+00CD (decimal 205)
   defining Unicode char U+00CE (decimal 206)
   defining Unicode char U+00CF (decimal 207)
   defining Unicode char U+00D0 (decimal 208)
   defining Unicode char U+00D1 (decimal 209)
   defining Unicode char U+00D2 (decimal 210)
   defining Unicode char U+00D3 (decimal 211)
   defining Unicode char U+00D4 (decimal 212)
   defining Unicode char U+00D5 (decimal 213)
   defining Unicode char U+00D6 (decimal 214)
   defining Unicode char U+00D8 (decimal 216)
   defining Unicode char U+00D9 (decimal 217)
   defining Unicode char U+00DA (decimal 218)
   defining Unicode char U+00DB (decimal 219)
   defining Unicode char U+00DC (decimal 220)
   defining Unicode char U+00DD (decimal 221)
   defining Unicode char U+00DE (decimal 222)
   defining Unicode char U+00DF (decimal 223)
   defining Unicode char U+00E0 (decimal 224)
   defining Unicode char U+00E1 (decimal 225)
   defining Unicode char U+00E2 (decimal 226)
   defining Unicode char U+00E3 (decimal 227)
   defining Unicode char U+00E4 (decimal 228)
   defining Unicode char U+00E5 (decimal 229)
   defining Unicode char U+00E6 (decimal 230)
   defining Unicode char U+00E7 (decimal 231)
   defining Unicode char U+00E8 (decimal 232)
   defining Unicode char U+00E9 (decimal 233)
   defining Unicode char U+00EA (decimal 234)
   defining Unicode char U+00EB (decimal 235)
   defining Unicode char U+00EC (decimal 236)
   defining Unicode char U+00ED (decimal 237)
   defining Unicode char U+00EE (decimal 238)
   defining Unicode char U+00EF (decimal 239)
   defining Unicode char U+00F0 (decimal 240)
   defining Unicode char U+00F1 (decimal 241)
   defining Unicode char U+00F2 (decimal 242)
   defining Unicode char U+00F3 (decimal 243)
   defining Unicode char U+00F4 (decimal 244)
   defining Unicode char U+00F5 (decimal 245)
   defining Unicode char U+00F6 (decimal 246)
   defining Unicode char U+00F8 (decimal 248)
   defining Unicode char U+00F9 (decimal 249)
   defining Unicode char U+00FA (decimal 250)
   defining Unicode char U+00FB (decimal 251)
   defining Unicode char U+00FC (decimal 252)
   defining Unicode char U+00FD (decimal 253)
   defining Unicode char U+00FE (decimal 254)
   defining Unicode char U+00FF (decimal 255)
   defining Unicode char U+0102 (decimal 258)
   defining Unicode char U+0103 (decimal 259)
   defining Unicode char U+0104 (decimal 260)
   defining Unicode char U+0105 (decimal 261)
   defining Unicode char U+0106 (decimal 262)
   defining Unicode char U+0107 (decimal 263)
   defining Unicode char U+010C (decimal 268)
   defining Unicode char U+010D (decimal 269)
   defining Unicode char U+010E (decimal 270)
   defining Unicode char U+010F (decimal 271)
   defining Unicode char U+0110 (decimal 272)
   defining Unicode char U+0111 (decimal 273)
   defining Unicode char U+0118 (decimal 280)
   defining Unicode char U+0119 (decimal 281)
   defining Unicode char U+011A (decimal 282)
   defining Unicode char U+011B (decimal 283)
   defining Unicode char U+011E (decimal 286)
   defining Unicode char U+011F (decimal 287)
   defining Unicode char U+0130 (decimal 304)
   defining Unicode char U+0131 (decimal 305)
   defining Unicode char U+0132 (decimal 306)
   defining Unicode char U+0133 (decimal 307)
   defining Unicode char U+0139 (decimal 313)
   defining Unicode char U+013A (decimal 314)
   defining Unicode char U+013D (decimal 317)
   defining Unicode char U+013E (decimal 318)
   defining Unicode char U+0141 (decimal 321)
   defining Unicode char U+0142 (decimal 322)
   defining Unicode char U+0143 (decimal 323)
   defining Unicode char U+0144 (decimal 324)
   defining Unicode char U+0147 (decimal 327)
   defining Unicode char U+0148 (decimal 328)
   defining Unicode char U+014A (decimal 330)
   defining Unicode char U+014B (decimal 331)
   defining Unicode char U+0150 (decimal 336)
   defining Unicode char U+0151 (decimal 337)
   defining Unicode char U+0152 (decimal 338)
   defining Unicode char U+0153 (decimal 339)
   defining Unicode char U+0154 (decimal 340)
   defining Unicode char U+0155 (decimal 341)
   defining Unicode char U+0158 (decimal 344)
   defining Unicode char U+0159 (decimal 345)
   defining Unicode char U+015A (decimal 346)
   defining Unicode char U+015B (decimal 347)
   defining Unicode char U+015E (decimal 350)
   defining Unicode char U+015F (decimal 351)
   defining Unicode char U+0160 (decimal 352)
   defining Unicode char U+0161 (decimal 353)
   defining Unicode char U+0162 (decimal 354)
   defining Unicode char U+0163 (decimal 355)
   defining Unicode char U+0164 (decimal 356)
   defining Unicode char U+0165 (decimal 357)
   defining Unicode char U+016E (decimal 366)
   defining Unicode char U+016F (decimal 367)
   defining Unicode char U+0170 (decimal 368)
   defining Unicode char U+0171 (decimal 369)
   defining Unicode char U+0178 (decimal 376)
   defining Unicode char U+0179 (decimal 377)
   defining Unicode char U+017A (decimal 378)
   defining Unicode char U+017B (decimal 379)
   defining Unicode char U+017C (decimal 380)
   defining Unicode char U+017D (decimal 381)
   defining Unicode char U+017E (decimal 382)
   defining Unicode char U+200C (decimal 8204)
   defining Unicode char U+2013 (decimal 8211)
   defining Unicode char U+2014 (decimal 8212)
   defining Unicode char U+2018 (decimal 8216)
   defining Unicode char U+2019 (decimal 8217)
   defining Unicode char U+201A (decimal 8218)
   defining Unicode char U+201C (decimal 8220)
   defining Unicode char U+201D (decimal 8221)
   defining Unicode char U+201E (decimal 8222)
   defining Unicode char U+2030 (decimal 8240)
   defining Unicode char U+2031 (decimal 8241)
   defining Unicode char U+2039 (decimal 8249)
   defining Unicode char U+203A (decimal 8250)
   defining Unicode char U+2423 (decimal 9251)
)
Now handling font encoding OT1 ...
... processing UTF-8 mapping file for font encoding OT1

(/usr/share/texlive/texmf-dist/tex/latex/base/ot1enc.dfu
File: ot1enc.dfu 2008/04/05 v1.1m UTF-8 support for inputenc
   defining Unicode char U+00A1 (decimal 161)
   defining Unicode char U+00A3 (decimal 163)
   defining Unicode char U+00B8 (decimal 184)
   defining Unicode char U+00BF (decimal 191)
   defining Unicode char U+00C5 (decimal 197)
   defining Unicode char U+00C6 (decimal 198)
   defining Unicode char U+00D8 (decimal 216)
   defining Unicode char U+00DF (decimal 223)
   defining Unicode char U+00E6 (decimal 230)
   defining Unicode char U+00EC (decimal 236)
   defining Unicode char U+00ED (decimal 237)
   defining Unicode char U+00EE (decimal 238)
   defining Unicode char U+00EF (decimal 239)
   defining Unicode char U+00F8 (decimal 248)
   defining Unicode char U+0131 (decimal 305)
   defining Unicode char U+0141 (decimal 321)
   defining Unicode char U+0142 (decimal 322)
   defining Unicode char U+0152 (decimal 338)
   defining Unicode char U+0153 (decimal 339)
   defining Unicode char U+2013 (decimal 8211)
   defining Unicode char U+2014 (decimal 8212)
   defining Unicode char U+2018 (decimal 8216)
   defining Unicode char U+2019 (decimal 8217)
   defining Unicode char U+201C (decimal 8220)
   defining Unicode char U+201D (decimal 8221)
)
Now handling font encoding OMS ...
... processing UTF-8 mapping file for font encoding OMS

(/usr/share/texlive/texmf-dist/tex/latex/base/omsenc.dfu
File: omsenc.dfu 2008/04/05 v1.1m UTF-8 support for inputenc
   defining Unicode char U+00A7 (decimal 167)
   defining Unicode char U+00B6 (decimal 182)
   defining Unicode char U+00B7 (decimal 183)
   defining Unicode char U+2020 (decimal 8224)
   defining Unicode char U+2021 (decimal 8225)
   defining Unicode char U+2022 (decimal 8226)
)
Now handling font encoding OMX ...
... no UTF-8 mapping file for font encoding OMX
Now handling font encoding U ...
... no UTF-8 mapping file for font encoding U
   defining Unicode char U+00A9 (decimal 169)
   defining Unicode char U+00AA (decimal 170)
   defining Unicode char U+00AE (decimal 174)
   defining Unicode char U+00BA (decimal 186)
   defining Unicode char U+02C6 (decimal 710)
   defining Unicode char U+02DC (decimal 732)
   defining Unicode char U+200C (decimal 8204)
   defining Unicode char U+2026 (decimal 8230)
   defining Unicode char U+2122 (decimal 8482)
   defining Unicode char U+2423 (decimal 9251)
))
(/usr/share/texlive/texmf-dist/tex/latex/colortbl/colortbl.sty
Package: colortbl 2012/02/13 v1.0a Color table columns (DPC)

(/usr/share/texlive/texmf-dist/tex/latex/tools/array.sty
Package: array 2008/09/09 v2.4c Tabular extension package (FMi)
\col@sep=\dimen109
\extrarowheight=\dimen110
\NC@list=\toks17
\extratabsurround=\skip44
\backup@length=\skip45
)
\everycr=\toks18
\minrowclearance=\skip46
)
(/usr/share/texlive/texmf-dist/tex/latex/hyperref/hyperref.sty
Package: hyperref 2012/11/06 v6.83m Hypertext links for LaTeX

(/usr/share/texlive/texmf-dist/tex/generic/oberdiek/hobsub-hyperref.sty
Package: hobsub-hyperref 2012/05/28 v1.13 Bundle oberdiek, subset hyperref (HO)


(/usr/share/texlive/texmf-dist/tex/generic/oberdiek/hobsub-generic.sty
Package: hobsub-generic 2012/05/28 v1.13 Bundle oberdiek, subset generic (HO)
Package: hobsub 2012/05/28 v1.13 Construct package bundles (HO)
Package hobsub Info: Skipping package `infwarerr' (already loaded).
Package hobsub Info: Skipping package `ltxcmds' (already loaded).
Package: ifluatex 2010/03/01 v1.3 Provides the ifluatex switch (HO)
Package ifluatex Info: LuaTeX not detected.
Package: ifvtex 2010/03/01 v1.5 Detect VTeX and its facilities (HO)
Package ifvtex Info: VTeX not detected.
Package: intcalc 2007/09/27 v1.1 Expandable calculations with integers (HO)
Package: ifpdf 2011/01/30 v2.3 Provides the ifpdf switch (HO)
Package ifpdf Info: pdfTeX in PDF mode is detected.
Package: etexcmds 2011/02/16 v1.5 Avoid name clashes with e-TeX commands (HO)
Package etexcmds Info: Could not find \expanded.
(etexcmds)             That can mean that you are not using pdfTeX 1.50 or
(etexcmds)             that some package has redefined \expanded.
(etexcmds)             In the latter case, load this package earlier.
Package: kvsetkeys 2012/04/25 v1.16 Key value parser (HO)
Package: kvdefinekeys 2011/04/07 v1.3 Define keys (HO)
Package: pdftexcmds 2011/11/29 v0.20 Utility functions of pdfTeX for LuaTeX (HO
)
Package pdftexcmds Info: LuaTeX not detected.
Package pdftexcmds Info: \pdf@primitive is available.
Package pdftexcmds Info: \pdf@ifprimitive is available.
Package pdftexcmds Info: \pdfdraftmode found.
Package: pdfescape 2011/11/25 v1.13 Implements pdfTeX's escape features (HO)
Package: bigintcalc 2012/04/08 v1.3 Expandable calculations on big integers (HO
)
Package: bitset 2011/01/30 v1.1 Handle bit-vector datatype (HO)
Package: uniquecounter 2011/01/30 v1.2 Provide unlimited unique counter (HO)
)
Package hobsub Info: Skipping package `hobsub' (already loaded).
Package: letltxmacro 2010/09/02 v1.4 Let assignment for LaTeX macros (HO)
Package: hopatch 2012/05/28 v1.2 Wrapper for package hooks (HO)
Package: xcolor-patch 2011/01/30 xcolor patch
Package: atveryend 2011/06/30 v1.8 Hooks at the very end of document (HO)
Package atveryend Info: \enddocument detected (standard20110627).
Package: atbegshi 2011/10/05 v1.16 At begin shipout hook (HO)
Package: refcount 2011/10/16 v3.4 Data extraction from label references (HO)
Package: hycolor 2011/01/30 v1.7 Color options for hyperref/bookmark (HO)
)
(/usr/share/texlive/texmf-dist/tex/generic/ifxetex/ifxetex.sty
Package: ifxetex 2010/09/12 v0.6 Provides ifxetex conditional
)
(/usr/share/texlive/texmf-dist/tex/latex/oberdiek/auxhook.sty
Package: auxhook 2011/03/04 v1.3 Hooks for auxiliary files (HO)
)
(/usr/share/texlive/texmf-dist/tex/latex/oberdiek/kvoptions.sty
Package: kvoptions 2011/06/30 v3.11 Key value format for package options (HO)
)
\@linkdim=\dimen111
\Hy@linkcounter=\count88
\Hy@pagecounter=\count89

(/usr/share/texlive/texmf-dist/tex/latex/hyperref/pd1enc.def
File: pd1enc.def 2012/11/06 v6.83m Hyperref: PDFDocEncoding definition (HO)
Now handling font encoding PD1 ...
... no UTF-8 mapping file for font encoding PD1
)
\Hy@SavedSpaceFactor=\count90

(/usr/share/texlive/texmf-dist/tex/latex/latexconfig/hyperref.cfg
File: hyperref.cfg 2002/06/06 v1.2 hyperref configuration of TeXLive
)
Package hyperref Info: Option `colorlinks' set `true' on input line 4319.
Package hyperref Info: Hyper figures OFF on input line 4443.
Package hyperref Info: Link nesting OFF on input line 4448.
Package hyperref Info: Hyper index ON on input line 4451.
Package hyperref Info: Plain pages OFF on input line 4458.
Package hyperref Info: Backreferencing OFF on input line 4463.
Package hyperref Info: Implicit mode ON; LaTeX internals redefined.
Package hyperref Info: Bookmarks ON on input line 4688.
\c@Hy@tempcnt=\count91

(/usr/share/texlive/texmf-dist/tex/latex/url/url.sty
\Urlmuskip=\muskip10
Package: url 2013/09/16  ver 3.4  Verb mode for urls, etc.
)
LaTeX Info: Redefining \url on input line 5041.
\XeTeXLinkMargin=\dimen112
\Fld@menulength=\count92
\Field@Width=\dimen113
\Fld@charsize=\dimen114
Package hyperref Info: Hyper figures OFF on input line 6295.
Package hyperref Info: Link nesting OFF on input line 6300.
Package hyperref Info: Hyper index ON on input line 6303.
Package hyperref Info: backreferencing OFF on input line 6310.
Package hyperref Info: Link coloring ON on input line 6313.
Package hyperref Info: Link coloring with OCG OFF on input line 6320.
Package hyperref Info: PDF/A mode OFF on input line 6325.
LaTeX Info: Redefining \ref on input line 6365.
LaTeX Info: Redefining \pageref on input line 6369.
\Hy@abspage=\count93
\c@Item=\count94
\c@Hfootnote=\count95
)

Package hyperref Message: Driver (autodetected): hpdftex.

(/usr/share/texlive/texmf-dist/tex/latex/hyperref/hpdftex.def
File: hpdftex.def 2012/11/06 v6.83m Hyperref driver for pdfTeX
\Fld@listcount=\count96
\c@bookmark@seq@number=\count97

(/usr/share/texlive/texmf-dist/tex/latex/oberdiek/rerunfilecheck.sty
Package: rerunfilecheck 2011/04/15 v1.7 Rerun checks for auxiliary files (HO)
Package uniquecounter Info: New unique counter `rerunfilecheck' on input line 2
82.
)
\Hy@SectionHShift=\skip47
)
(/usr/share/texlive/texmf-dist/tex/generic/babel/babel.sty
Package: babel 2013/12/03 3.9h The Babel package

(/usr/share/texlive/texmf-dist/tex/generic/babel-english/english.ldf
Language: english 2012/08/20 v3.3p English support from the babel system

(/usr/share/texlive/texmf-dist/tex/generic/babel/babel.def
File: babel.def 2013/12/03 3.9h Babel common definitions
\babel@savecnt=\count98
\U@D=\dimen115
)
\l@canadian = a dialect from \language\l@american 
\l@australian = a dialect from \language\l@british 
\l@newzealand = a dialect from \language\l@british 
))
(/usr/share/texlive/texmf-dist/tex/latex/amsfonts/amsfonts.sty
Package: amsfonts 2013/01/14 v3.01 Basic AMSFonts support
\@emptytoks=\toks19
\symAMSa=\mathgroup4
\symAMSb=\mathgroup5
LaTeX Font Info:    Overwriting math alphabet `\mathfrak' in version `bold'
(Font)                  U/euf/m/n --> U/euf/b/n on input line 106.
)
(/usr/share/texlive/texmf-dist/tex/latex/oberdiek/pdflscape.sty
Package: pdflscape 2008/08/11 v0.10 Display of landscape pages in PDF (HO)

(/usr/share/texlive/texmf-dist/tex/latex/graphics/lscape.sty
Package: lscape 2000/10/22 v3.01 Landscape Pages (DPC)
)
Package pdflscape Info: Auto-detected driver: pdftex on input line 80.
)
(/usr/share/texlive/texmf-dist/tex/latex/tools/enumerate.sty
Package: enumerate 1999/03/05 v3.00 enumerate extensions (DPC)
\@enLab=\toks20
)
(/usr/share/texlive/texmf-dist/tex/latex/tools/bm.sty
Package: bm 2004/02/26 v1.1c Bold Symbol Support (DPC/FMi)
\symboldoperators=\mathgroup6
\symboldletters=\mathgroup7
\symboldsymbols=\mathgroup8
LaTeX Font Info:    Redeclaring math alphabet \mathbf on input line 138.
LaTeX Info: Redefining \bm on input line 204.
)
(/usr/share/texlive/texmf-dist/tex/latex/geometry/geometry.sty
Package: geometry 2010/09/12 v5.6 Page Geometry
\Gm@cnth=\count99
\Gm@cntv=\count100
\c@Gm@tempcnt=\count101
\Gm@bindingoffset=\dimen116
\Gm@wd@mp=\dimen117
\Gm@odd@mp=\dimen118
\Gm@even@mp=\dimen119
\Gm@layoutwidth=\dimen120
\Gm@layoutheight=\dimen121
\Gm@layouthoffset=\dimen122
\Gm@layoutvoffset=\dimen123
\Gm@dimlist=\toks21
)
(/usr/share/texlive/texmf-dist/tex/latex/preprint/authblk.sty
Package: authblk 2001/02/27 1.3 (PWD)
\affilsep=\skip48
\@affilsep=\skip49
\c@Maxaffil=\count102
\c@authors=\count103
\c@affil=\count104
)
(/usr/share/texlive/texmf-dist/tex/latex/multirow/multirow.sty
\bigstrutjot=\dimen124
)
(/usr/share/texlive/texmf-dist/tex/latex/caption/caption.sty
Package: caption 2013/05/02 v3.3-89 Customizing captions (AR)

(/usr/share/texlive/texmf-dist/tex/latex/caption/caption3.sty
Package: caption3 2013/05/02 v1.6-88 caption3 kernel (AR)
Package caption3 Info: TeX engine: e-TeX on input line 57.
\captionmargin=\dimen125
\captionmargin@=\dimen126
\captionwidth=\dimen127
\caption@tempdima=\dimen128
\caption@indent=\dimen129
\caption@parindent=\dimen130
\caption@hangindent=\dimen131
)
\c@ContinuedFloat=\count105
Package caption Info: hyperref package is loaded.
)
\c@subsubsubsection=\count106

(/usr/share/texlive/texmf-dist/tex/latex/upquote/upquote.sty
Package: upquote 2012/04/19 v1.3 upright-quote and grave-accent glyphs in verba
tim
) (./Appendix4.aux)
\openout1 = `Appendix4.aux'.

LaTeX Font Info:    Checking defaults for OML/cmm/m/it on input line 128.
LaTeX Font Info:    ... okay on input line 128.
LaTeX Font Info:    Checking defaults for T1/cmr/m/n on input line 128.
LaTeX Font Info:    ... okay on input line 128.
LaTeX Font Info:    Checking defaults for OT1/cmr/m/n on input line 128.
LaTeX Font Info:    ... okay on input line 128.
LaTeX Font Info:    Checking defaults for OMS/cmsy/m/n on input line 128.
LaTeX Font Info:    ... okay on input line 128.
LaTeX Font Info:    Checking defaults for OMX/cmex/m/n on input line 128.
LaTeX Font Info:    ... okay on input line 128.
LaTeX Font Info:    Checking defaults for U/cmr/m/n on input line 128.
LaTeX Font Info:    ... okay on input line 128.
LaTeX Font Info:    Checking defaults for PD1/pdf/m/n on input line 128.
LaTeX Font Info:    ... okay on input line 128.
(/usr/share/texlive/texmf-dist/tex/context/base/supp-pdf.mkii
[Loading MPS to PDF converter (version 2006.09.02).]
\scratchcounter=\count107
\scratchdimen=\dimen132
\scratchbox=\box26
\nofMPsegments=\count108
\nofMParguments=\count109
\everyMPshowfont=\toks22
\MPscratchCnt=\count110
\MPscratchDim=\dimen133
\MPnumerator=\count111
\makeMPintoPDFobject=\count112
\everyMPtoPDFconversion=\toks23
) (/usr/share/texlive/texmf-dist/tex/latex/oberdiek/epstopdf-base.sty
Package: epstopdf-base 2010/02/09 v2.5 Base part for package epstopdf

(/usr/share/texlive/texmf-dist/tex/latex/oberdiek/grfext.sty
Package: grfext 2010/08/19 v1.1 Manage graphics extensions (HO)
)
Package grfext Info: Graphics extension search list:
(grfext)             [.png,.pdf,.jpg,.mps,.jpeg,.jbig2,.jb2,.PNG,.PDF,.JPG,.JPE
G,.JBIG2,.JB2,.eps]
(grfext)             \AppendGraphicsExtensions on input line 452.

(/usr/share/texlive/texmf-dist/tex/latex/latexconfig/epstopdf-sys.cfg
File: epstopdf-sys.cfg 2010/07/13 v1.3 Configuration of (r)epstopdf for TeX Liv
e
))
\AtBeginShipoutBox=\box27
Package hyperref Info: Link coloring ON on input line 128.

(/usr/share/texlive/texmf-dist/tex/latex/hyperref/nameref.sty
Package: nameref 2012/10/27 v2.43 Cross-referencing by name of section

(/usr/share/texlive/texmf-dist/tex/generic/oberdiek/gettitlestring.sty
Package: gettitlestring 2010/12/03 v1.4 Cleanup title references (HO)
)
\c@section@level=\count113
)
LaTeX Info: Redefining \ref on input line 128.
LaTeX Info: Redefining \pageref on input line 128.
LaTeX Info: Redefining \nameref on input line 128.

(./Appendix4.out) (./Appendix4.out)
\@outlinefile=\write3
\openout3 = `Appendix4.out'.


*geometry* driver: auto-detecting
*geometry* detected driver: pdftex
*geometry* verbose mode - [ preamble ] result:
* driver: pdftex
* paper: <default>
* layout: <same size as paper>
* layoutoffset:(h,v)=(0.0pt,0.0pt)
* modes: 
* h-part:(L,W,R)=(42.67912pt, 528.93675pt, 42.67912pt)
* v-part:(T,H,B)=(42.67912pt, 709.61174pt, 42.67912pt)
* \paperwidth=614.295pt
* \paperheight=794.96999pt
* \textwidth=528.93675pt
* \textheight=709.61174pt
* \oddsidemargin=-29.59087pt
* \evensidemargin=-29.59087pt
* \topmargin=-66.59087pt
* \headheight=12.0pt
* \headsep=25.0pt
* \topskip=12.0pt
* \footskip=30.0pt
* \marginparwidth=44.0pt
* \marginparsep=10.0pt
* \columnsep=10.0pt
* \skip\footins=10.8pt plus 4.0pt minus 2.0pt
* \hoffset=0.0pt
* \voffset=0.0pt
* \mag=1000
* \@twocolumnfalse
* \@twosidefalse
* \@mparswitchfalse
* \@reversemarginfalse
* (1in=72.27pt=25.4mm, 1cm=28.453pt)

Package caption Info: Begin \AtBeginDocument code.
Package caption Info: End \AtBeginDocument code.
LaTeX Font Info:    Try loading font information for U+msa on input line 134.
(/usr/share/texlive/texmf-dist/tex/latex/amsfonts/umsa.fd
File: umsa.fd 2013/01/14 v3.01 AMS symbols A
)
LaTeX Font Info:    Try loading font information for U+msb on input line 134.

(/usr/share/texlive/texmf-dist/tex/latex/amsfonts/umsb.fd
File: umsb.fd 2013/01/14 v3.01 AMS symbols B
)
Underfull \hbox (badness 1931) in paragraph at lines 148--151
\OT1/cmr/m/n/12 en-vi-ron-men-tal fil-ter, in-di-vid-ual dif-fer-ences, in-tras
pe-cific vari-a-tion, null model, trait, vari-ance
 []

[1

{/var/lib/texmf/fonts/map/pdftex/updmap/pdftex.map}] (./Appendix4.toc
[2])
\tf@toc=\write4
\openout4 = `Appendix4.toc'.

 [3]
Package color Info: Redefining color shadecolor on input line 171.
LaTeX Font Info:    Font shape `OT1/cmtt/bx/n' in size <10.95> not available
(Font)              Font shape `OT1/cmtt/m/n' tried instead on input line 173.
Package color Info: Redefining color shadecolor on input line 187.
 [4] [5]
Underfull \hbox (badness 3460) in paragraph at lines 238--238
[]|\OT1/cmr/m/n/10.95 Randomization of in-di-vid-ual trait
 []


Underfull \hbox (badness 10000) in paragraph at lines 238--238
[]|\OT1/cmr/m/n/10.95 Internal fil-ter-ing sig-nif-i-cantly
 []


Underfull \hbox (badness 3219) in paragraph at lines 238--238
\OT1/cmr/m/n/10.95 im-pacts the dis-tri-bu-tion of trait
 []


Underfull \hbox (badness 8075) in paragraph at lines 238--238
\OT1/cmr/m/n/10.95 two in-di-vid-u-als be-long-ing to a
 []


Underfull \hbox (badness 10000) in paragraph at lines 238--238
\OT1/cmr/m/n/10.95 pop-u-la-tion have more sim-i-lar
 []


Underfull \hbox (badness 2213) in paragraph at lines 238--238
\OT1/cmr/m/n/10.95 trait val-ues than two in-di-vid-u-als
 []


Underfull \hbox (badness 10000) in paragraph at lines 242--242
[]|\OT1/cmr/m/n/10.95 Draw with-out re-place-ment of
 []


Underfull \hbox (badness 10000) in paragraph at lines 242--242
\OT1/cmr/m/n/10.95 in-di-vid-ual trait val-ues be-long-ing
 []


Underfull \hbox (badness 1448) in paragraph at lines 242--242
\OT1/cmr/m/n/10.95 to the re-gional pool (keep-ing the
 []


Underfull \hbox (badness 5403) in paragraph at lines 242--242
[]|\OT1/cmr/m/n/10.95 Two in-di-vid-u-als be-long-ing to a
 []


Underfull \hbox (badness 10000) in paragraph at lines 242--242
\OT1/cmr/m/n/10.95 com-mu-nity have more sim-i-lar
 []


Underfull \hbox (badness 2213) in paragraph at lines 242--242
\OT1/cmr/m/n/10.95 trait val-ues than two in-di-vid-u-als
 []


Underfull \hbox (badness 3407) in paragraph at lines 246--246
[]|\OT1/cmr/m/n/10.95 regional.pop &
 []


Overfull \hbox (6.88445pt too wide) in paragraph at lines 246--246
\OT1/cmr/m/n/10.95 re-gional.pop.prab| 
 []


Underfull \hbox (badness 10000) in paragraph at lines 246--246
[]|\OT1/cmr/m/n/10.95 There is no species-based
 []


Underfull \hbox (badness 10000) in paragraph at lines 246--246
\OT1/cmr/m/n/10.95 ex-ter-nal fil-ter-ing: the
 []


Underfull \hbox (badness 10000) in paragraph at lines 246--246
\OT1/cmr/m/n/10.95 dis-tri-bu-tion of mean trait
 []


Underfull \hbox (badness 2608) in paragraph at lines 246--246
\OT1/cmr/m/n/10.95 re-gional pool (keep-ing the ac-tual
 []


Underfull \hbox (badness 10000) in paragraph at lines 246--246
\OT1/cmr/m/n/10.95 num-ber of in-di-vid-u-als in each
 []


Underfull \hbox (badness 6691) in paragraph at lines 246--246
\OT1/cmr/m/n/10.95 com-mu-nity (re-gional.pop) or not
 []


Underfull \hbox (badness 5403) in paragraph at lines 246--246
[]|\OT1/cmr/m/n/10.95 Two in-di-vid-u-als be-long-ing to a
 []


Underfull \hbox (badness 10000) in paragraph at lines 246--246
\OT1/cmr/m/n/10.95 com-mu-nity have more sim-i-lar
 []


Underfull \hbox (badness 10000) in paragraph at lines 246--246
\OT1/cmr/m/n/10.95 or with-out (re-gional.pop .prab)
 []


Underfull \hbox (badness 10000) in paragraph at lines 246--247
[]|$\OML/cmm/m/it/10.95 T[]$
 []


Overfull \hbox (4.8016pt too wide) in paragraph at lines 233--250
[][] 
 []

[6

]
Package color Info: Redefining color shadecolor on input line 265.
Package color Info: Redefining color shadecolor on input line 283.
 <general_outline.pdf, id=288, 529.20973pt x 775.89029pt>
File: general_outline.pdf Graphic file (type pdf)

<use general_outline.pdf>
Package pdftex.def Info: general_outline.pdf used on input line 314.
(pdftex.def)             Requested size: 465.46692pt x 682.45406pt.
 [7

] [8 <./general_outline.pdf>] [9

]
Package color Info: Redefining color shadecolor on input line 335.
LaTeX Font Info:    Try loading font information for OMS+cmtt on input line 340
.

(/usr/share/R/share/texmf/tex/latex/omscmtt.fd
File: omscmtt.fd 
)
LaTeX Font Info:    Font shape `OMS/cmtt/m/n' in size <10.95> not available
(Font)              Font shape `OMS/cmsy/m/n' tried instead on input line 340.
Package color Info: Redefining color shadecolor on input line 377.
 [10

]
<figure/No_Filter_plots-1.pdf, id=1126, 478.78876pt x 473.77pt>
File: figure/No_Filter_plots-1.pdf Graphic file (type pdf)

<use figure/No_Filter_plots-1.pdf>
Package pdftex.def Info: figure/No_Filter_plots-1.pdf used on input line 388.
(pdftex.def)             Requested size: 478.78758pt x 473.76884pt.
Package color Info: Redefining color shadecolor on input line 399.

<figure/No_Filter_plots_Tstats-1.pdf, id=1127, 432.61626pt x 218.8175pt>
File: figure/No_Filter_plots_Tstats-1.pdf Graphic file (type pdf)

<use figure/No_Filter_plots_Tstats-1.pdf>
Package pdftex.def Info: figure/No_Filter_plots_Tstats-1.pdf used on input line
 405.
(pdftex.def)             Requested size: 432.6152pt x 218.82697pt.
Package color Info: Redefining color shadecolor on input line 422.
 [11] [12 <./figure/No_Filter_plots-1.pdf>] <figure/No_Filter_results-1.pdf, id
=1157, 504.88625pt x 499.8675pt>
File: figure/No_Filter_results-1.pdf Graphic file (type pdf)

<use figure/No_Filter_results-1.pdf>
Package pdftex.def Info: figure/No_Filter_results-1.pdf used on input line 478.

(pdftex.def)             Requested size: 504.885pt x 499.87389pt.
 [13 <./figure/No_Filter_plots_Tstats-1.pdf>] [14 <./figure/No_Filter_results-1
.pdf>]
Package color Info: Redefining color shadecolor on input line 497.
Package color Info: Redefining color shadecolor on input line 529.
 [15]
Underfull \vbox (badness 10000) detected at line 627
 []


Underfull \vbox (badness 10000) detected at line 627
 []

[16] <figure/No_filter_summary_plot-1.pdf, id=1201, 504.88625pt x 499.8675pt>
File: figure/No_filter_summary_plot-1.pdf Graphic file (type pdf)

<use figure/No_filter_summary_plot-1.pdf>
Package pdftex.def Info: figure/No_filter_summary_plot-1.pdf used on input line
 629.
(pdftex.def)             Requested size: 504.885pt x 499.87389pt.
 [17] [18 <./figure/No_filter_summary_plot-1.pdf>] [19]

Package hyperref Warning: Token not allowed in a PDF string (PDFDocEncoding):
(hyperref)                removing `math shift' on input line 733.


Package hyperref Warning: Token not allowed in a PDF string (PDFDocEncoding):
(hyperref)                removing `subscript' on input line 733.


Package hyperref Warning: Token not allowed in a PDF string (PDFDocEncoding):
(hyperref)                removing `math shift' on input line 733.

Package color Info: Redefining color shadecolor on input line 740.

Underfull \hbox (badness 10000) in paragraph at lines 771--773

 []


Underfull \hbox (badness 10000) in paragraph at lines 774--776

 []


Underfull \hbox (badness 10000) in paragraph at lines 777--779

 []

[20

]
Package color Info: Redefining color shadecolor on input line 785.
 [21]
Package color Info: Redefining color shadecolor on input line 857.

<figure/typical_result_internal_filtering1-1.pdf, id=1237, 478.78876pt x 473.77
pt>
File: figure/typical_result_internal_filtering1-1.pdf Graphic file (type pdf)
 <use figure/typical_result_internal_filtering1-1.pdf>
Package pdftex.def Info: figure/typical_result_internal_filtering1-1.pdf used o
n input line 868.
(pdftex.def)             Requested size: 478.78758pt x 473.76884pt.
Package color Info: Redefining color shadecolor on input line 881.

<figure/typical_result_internal_filtering2-1.pdf, id=1239, 434.62375pt x 539.01
375pt>
File: figure/typical_result_internal_filtering2-1.pdf Graphic file (type pdf)
 <use figure/typical_result_internal_filtering2-1.pdf>
Package pdftex.def Info: figure/typical_result_internal_filtering2-1.pdf used o
n input line 890.
(pdftex.def)             Requested size: 434.62268pt x 539.04532pt.
Package color Info: Redefining color shadecolor on input line 911.
 [22] [23 <./figure/typical_result_internal_filtering1-1.pdf>] [24 <./figure/ty
pical_result_internal_filtering2-1.pdf>]
<figure/Internal_filter_results_pval_local-1.pdf, id=1279, 475.7775pt x 174.652
5pt>
File: figure/Internal_filter_results_pval_local-1.pdf Graphic file (type pdf)
 <use figure/Internal_filter_results_pval_local-1.pdf>
Package pdftex.def Info: figure/Internal_filter_results_pval_local-1.pdf used o
n input line 933.
(pdftex.def)             Requested size: 475.77632pt x 174.66005pt.


Package hyperref Warning: Token not allowed in a PDF string (PDFDocEncoding):
(hyperref)                removing `math shift' on input line 947.


Package hyperref Warning: Token not allowed in a PDF string (PDFDocEncoding):
(hyperref)                removing `subscript' on input line 947.


Package hyperref Warning: Token not allowed in a PDF string (PDFDocEncoding):
(hyperref)                removing `math shift' on input line 947.

Package color Info: Redefining color shadecolor on input line 950.
[25 <./figure/Internal_filter_results_pval_local-1.pdf>]
Package color Info: Redefining color shadecolor on input line 975.

<figure/In_filter_results_plot_initparam-1.png, id=1298, 505.89pt x 289.08pt>
File: figure/In_filter_results_plot_initparam-1.png Graphic file (type png)

<use figure/In_filter_results_plot_initparam-1.png>
Package pdftex.def Info: figure/In_filter_results_plot_initparam-1.png used on 
input line 997.
(pdftex.def)             Requested size: 505.88875pt x 289.0837pt.
Package color Info: Redefining color shadecolor on input line 1011.
 [26] [27 <./figure/In_filter_results_plot_initparam-1.png (PNG copy)>]
LaTeX Font Info:    Font shape `OT1/cmtt/bx/n' in size <12> not available
(Font)              Font shape `OT1/cmtt/m/n' tried instead on input line 1042.

LaTeX Font Info:    Font shape `OMS/cmtt/m/n' in size <12> not available
(Font)              Font shape `OMS/cmsy/m/n' tried instead on input line 1044.



Package hyperref Warning: Token not allowed in a PDF string (PDFDocEncoding):
(hyperref)                removing `math shift' on input line 1075.


Package hyperref Warning: Token not allowed in a PDF string (PDFDocEncoding):
(hyperref)                removing `subscript' on input line 1075.


Package hyperref Warning: Token not allowed in a PDF string (PDFDocEncoding):
(hyperref)                removing `math shift' on input line 1075.

Package color Info: Redefining color shadecolor on input line 1080.
Package color Info: Redefining color shadecolor on input line 1094.
[28]
<figure/In_filter_results_plot_modeledparam-1.png, id=1315, 505.89pt x 289.08pt
>
File: figure/In_filter_results_plot_modeledparam-1.png Graphic file (type png)
 <use figure/In_filter_results_plot_modeledparam-1.png>
Package pdftex.def Info: figure/In_filter_results_plot_modeledparam-1.png used 
on input line 1115.
(pdftex.def)             Requested size: 505.88875pt x 289.0837pt.


Package hyperref Warning: Token not allowed in a PDF string (PDFDocEncoding):
(hyperref)                removing `math shift' on input line 1127.


Package hyperref Warning: Token not allowed in a PDF string (PDFDocEncoding):
(hyperref)                removing `subscript' on input line 1127.


Package hyperref Warning: Token not allowed in a PDF string (PDFDocEncoding):
(hyperref)                removing `math shift' on input line 1127.

[29 <./figure/In_filter_results_plot_modeledparam-1.png (PNG copy)>]

Package hyperref Warning: Token not allowed in a PDF string (PDFDocEncoding):
(hyperref)                removing `math shift' on input line 1130.


Package hyperref Warning: Token not allowed in a PDF string (PDFDocEncoding):
(hyperref)                removing `subscript' on input line 1130.


Package hyperref Warning: Token not allowed in a PDF string (PDFDocEncoding):
(hyperref)                removing `math shift' on input line 1130.

Package color Info: Redefining color shadecolor on input line 1136.
Package color Info: Redefining color shadecolor on input line 1159.

<figure/Internal_filter_Results_plots_initial_param-1.png, id=1325, 505.89pt x 
289.08pt>
File: figure/Internal_filter_Results_plots_initial_param-1.png Graphic file (ty
pe png)
 <use figure/Internal_filter_Results_plots_initial_param-1.png>
Package pdftex.def Info: figure/Internal_filter_Results_plots_initial_param-1.p
ng used on input line 1177.
(pdftex.def)             Requested size: 505.88875pt x 289.0837pt.


Package hyperref Warning: Token not allowed in a PDF string (PDFDocEncoding):
(hyperref)                removing `math shift' on input line 1189.


Package hyperref Warning: Token not allowed in a PDF string (PDFDocEncoding):
(hyperref)                removing `subscript' on input line 1189.


Package hyperref Warning: Token not allowed in a PDF string (PDFDocEncoding):
(hyperref)                removing `math shift' on input line 1189.

Package color Info: Redefining color shadecolor on input line 1194.
[30] [31 <./figure/Internal_filter_Results_plots_initial_param-1.png (PNG copy)
>]
<figure/Internal_filter_Results_plots_modeled_param-1.png, id=1339, 505.89pt x 
289.08pt>
File: figure/Internal_filter_Results_plots_modeled_param-1.png Graphic file (ty
pe png)
 <use figure/Internal_filter_Results_plots_modeled_param-1.png>
Package pdftex.def Info: figure/Internal_filter_Results_plots_modeled_param-1.p
ng used on input line 1220.
(pdftex.def)             Requested size: 505.88875pt x 289.0837pt.


Package hyperref Warning: Token not allowed in a PDF string (PDFDocEncoding):
(hyperref)                removing `math shift' on input line 1230.


Package hyperref Warning: Token not allowed in a PDF string (PDFDocEncoding):
(hyperref)                removing `subscript' on input line 1230.


Package hyperref Warning: Token not allowed in a PDF string (PDFDocEncoding):
(hyperref)                removing `math shift' on input line 1230.

[32 <./figure/Internal_filter_Results_plots_modeled_param-1.png (PNG copy)>]
Package color Info: Redefining color shadecolor on input line 1235.

<figure/In_conc_plot-1.png, id=1344, 505.89pt x 505.89pt>
File: figure/In_conc_plot-1.png Graphic file (type png)

<use figure/In_conc_plot-1.png>
Package pdftex.def Info: figure/In_conc_plot-1.png used on input line 1274.
(pdftex.def)             Requested size: 505.88875pt x 505.89645pt.
Package color Info: Redefining color shadecolor on input line 1285.
 [33] [34 <./figure/In_conc_plot-1.png (PNG copy)>]
Underfull \hbox (badness 10000) in paragraph at lines 1333--1336

 []


Underfull \hbox (badness 10000) in paragraph at lines 1337--1339

 []


Underfull \hbox (badness 10000) in paragraph at lines 1340--1344

 []


Underfull \hbox (badness 10000) in paragraph at lines 1345--1347

 []

Package color Info: Redefining color shadecolor on input line 1351.
Package color Info: Redefining color shadecolor on input line 1369.

Overfull \hbox (28.68596pt too wide) in paragraph at lines 1381--1381
[]  []\OT1/cmtt/m/n/10.95 ex.com.interm[] []<-[] []table[][]([][]sample[][](sp,
[] []size[] []= Nind[][]/[][]Ncom,[] []prob[] []=[] []rlnorm[][](Nsp,[] []0[][]
, sdlog),[] []replace[] []= T))[][] 
 []

[35

]
Package color Info: Redefining color shadecolor on input line 1434.
 [36]
<figure/typical_results_external_filtering1-1.pdf, id=1366, 478.78876pt x 473.7
7pt>
File: figure/typical_results_external_filtering1-1.pdf Graphic file (type pdf)
 <use figure/typical_results_external_filtering1-1.pdf>
Package pdftex.def Info: figure/typical_results_external_filtering1-1.pdf used 
on input line 1445.
(pdftex.def)             Requested size: 478.78758pt x 473.76884pt.
Package color Info: Redefining color shadecolor on input line 1458.

<figure/typical_results_external_filtering2-1.pdf, id=1368, 432.61626pt x 539.0
1375pt>
File: figure/typical_results_external_filtering2-1.pdf Graphic file (type pdf)
 <use figure/typical_results_external_filtering2-1.pdf>
Package pdftex.def Info: figure/typical_results_external_filtering2-1.pdf used 
on input line 1467.
(pdftex.def)             Requested size: 432.6152pt x 539.0371pt.


Package hyperref Warning: Token not allowed in a PDF string (PDFDocEncoding):
(hyperref)                removing `math shift' on input line 1477.


Package hyperref Warning: Token not allowed in a PDF string (PDFDocEncoding):
(hyperref)                removing `subscript' on input line 1477.


Package hyperref Warning: Token not allowed in a PDF string (PDFDocEncoding):
(hyperref)                removing `math shift' on input line 1477.


Package hyperref Warning: Token not allowed in a PDF string (PDFDocEncoding):
(hyperref)                removing `math shift' on input line 1477.


Package hyperref Warning: Token not allowed in a PDF string (PDFDocEncoding):
(hyperref)                removing `subscript' on input line 1477.


Package hyperref Warning: Token not allowed in a PDF string (PDFDocEncoding):
(hyperref)                removing `math shift' on input line 1477.


Package hyperref Warning: Token not allowed in a PDF string (PDFDocEncoding):
(hyperref)                removing `math shift' on input line 1481.


Package hyperref Warning: Token not allowed in a PDF string (PDFDocEncoding):
(hyperref)                removing `subscript' on input line 1481.


Package hyperref Warning: Token not allowed in a PDF string (PDFDocEncoding):
(hyperref)                removing `math shift' on input line 1481.


Package hyperref Warning: Token not allowed in a PDF string (PDFDocEncoding):
(hyperref)                removing `math shift' on input line 1481.


Package hyperref Warning: Token not allowed in a PDF string (PDFDocEncoding):
(hyperref)                removing `subscript' on input line 1481.


Package hyperref Warning: Token not allowed in a PDF string (PDFDocEncoding):
(hyperref)                removing `math shift' on input line 1481.

Package color Info: Redefining color shadecolor on input line 1484.
[37] [38 <./figure/typical_results_external_filtering1-1.pdf>] [39 <./figure/ty
pical_results_external_filtering2-1.pdf>]
Package color Info: Redefining color shadecolor on input line 1526.

<figure/Ex_filter_results_plot_initparam1-1.png, id=1408, 505.89pt x 289.08pt>
File: figure/Ex_filter_results_plot_initparam1-1.png Graphic file (type png)

<use figure/Ex_filter_results_plot_initparam1-1.png>
Package pdftex.def Info: figure/Ex_filter_results_plot_initparam1-1.png used on
 input line 1549.
(pdftex.def)             Requested size: 505.88875pt x 289.0837pt.
Package color Info: Redefining color shadecolor on input line 1561.

<figure/Ex_filter_results_plot_initparam2-1.png, id=1409, 505.89pt x 289.08pt>
File: figure/Ex_filter_results_plot_initparam2-1.png Graphic file (type png)

<use figure/Ex_filter_results_plot_initparam2-1.png>
Package pdftex.def Info: figure/Ex_filter_results_plot_initparam2-1.png used on
 input line 1580.
(pdftex.def)             Requested size: 505.88875pt x 289.0837pt.
Package color Info: Redefining color shadecolor on input line 1593.
 [40] [41 <./figure/Ex_filter_results_plot_initparam1-1.png (PNG copy)>] [42 <.
/figure/Ex_filter_results_plot_initparam2-1.png (PNG copy)>]

Package hyperref Warning: Token not allowed in a PDF string (PDFDocEncoding):
(hyperref)                removing `math shift' on input line 1668.


Package hyperref Warning: Token not allowed in a PDF string (PDFDocEncoding):
(hyperref)                removing `subscript' on input line 1668.


Package hyperref Warning: Token not allowed in a PDF string (PDFDocEncoding):
(hyperref)                removing `math shift' on input line 1668.


Package hyperref Warning: Token not allowed in a PDF string (PDFDocEncoding):
(hyperref)                removing `math shift' on input line 1668.


Package hyperref Warning: Token not allowed in a PDF string (PDFDocEncoding):
(hyperref)                removing `subscript' on input line 1668.


Package hyperref Warning: Token not allowed in a PDF string (PDFDocEncoding):
(hyperref)                removing `math shift' on input line 1668.

Package color Info: Redefining color shadecolor on input line 1673.
[43]
Package color Info: Redefining color shadecolor on input line 1687.

<figure/Ex_filter_results_plot_modeledparam1-1.png, id=1434, 505.89pt x 289.08p
t>
File: figure/Ex_filter_results_plot_modeledparam1-1.png Graphic file (type png)

 <use figure/Ex_filter_results_plot_modeledparam1-1.png>
Package pdftex.def Info: figure/Ex_filter_results_plot_modeledparam1-1.png used
 on input line 1708.
(pdftex.def)             Requested size: 505.88875pt x 289.0837pt.
Package color Info: Redefining color shadecolor on input line 1719.

<figure/Ex_filter_results_plot_modeledparam2-1.png, id=1435, 505.89pt x 289.08p
t>
File: figure/Ex_filter_results_plot_modeledparam2-1.png Graphic file (type png)

 <use figure/Ex_filter_results_plot_modeledparam2-1.png>
Package pdftex.def Info: figure/Ex_filter_results_plot_modeledparam2-1.png used
 on input line 1740.
(pdftex.def)             Requested size: 505.88875pt x 289.0837pt.


Package hyperref Warning: Token not allowed in a PDF string (PDFDocEncoding):
(hyperref)                removing `math shift' on input line 1752.


Package hyperref Warning: Token not allowed in a PDF string (PDFDocEncoding):
(hyperref)                removing `subscript' on input line 1752.


Package hyperref Warning: Token not allowed in a PDF string (PDFDocEncoding):
(hyperref)                removing `math shift' on input line 1752.


Package hyperref Warning: Token not allowed in a PDF string (PDFDocEncoding):
(hyperref)                removing `math shift' on input line 1752.


Package hyperref Warning: Token not allowed in a PDF string (PDFDocEncoding):
(hyperref)                removing `subscript' on input line 1752.


Package hyperref Warning: Token not allowed in a PDF string (PDFDocEncoding):
(hyperref)                removing `math shift' on input line 1752.

[44] [45 <./figure/Ex_filter_results_plot_modeledparam1-1.png (PNG copy)>]
[46 <./figure/Ex_filter_results_plot_modeledparam2-1.png (PNG copy)>]
Package color Info: Redefining color shadecolor on input line 1761.

Overfull \hbox (5.69121pt too wide) in paragraph at lines 1768--1768
[][]\OT1/cmtt/m/n/10.95 text[][]([][]0[][],[] []-[][]0.8[][],[] []labels[] []=[
] []paste[][]([][]"beta error"[][], nbre_beta_error,[] []sep[] []=[] []" = "[][
]),[] []cex[] []=[] []0.7[][],[] []pos[] []=[] []4[][])[][] 
 []


Overfull \hbox (5.69121pt too wide) in paragraph at lines 1774--1774
[][]\OT1/cmtt/m/n/10.95 text[][]([][]0[][],[] []-[][]0.8[][],[] []labels[] []=[
] []paste[][]([][]"beta error"[][], nbre_beta_error,[] []sep[] []=[] []" = "[][
]),[] []cex[] []=[] []0.7[][],[] []pos[] []=[] []4[][])[][] 
 []


Overfull \hbox (5.69121pt too wide) in paragraph at lines 1781--1781
[][]\OT1/cmtt/m/n/10.95 text[][]([][]0[][],[] []-[][]0.8[][],[] []labels[] []=[
] []paste[][]([][]"beta error"[][], nbre_beta_error,[] []sep[] []=[] []" = "[][
]),[] []cex[] []=[] []0.7[][],[] []pos[] []=[] []4[][])[][] 
 []


Overfull \hbox (5.69121pt too wide) in paragraph at lines 1787--1787
[][]\OT1/cmtt/m/n/10.95 text[][]([][]0[][],[] []-[][]0.8[][],[] []labels[] []=[
] []paste[][]([][]"beta error"[][], nbre_beta_error,[] []sep[] []=[] []" = "[][
]),[] []cex[] []=[] []0.7[][],[] []pos[] []=[] []4[][])[][] 
 []


Package hyperref Warning: Token not allowed in a PDF string (PDFDocEncoding):
(hyperref)                removing `math shift' on input line 1795.


Package hyperref Warning: Token not allowed in a PDF string (PDFDocEncoding):
(hyperref)                removing `subscript' on input line 1795.


Package hyperref Warning: Token not allowed in a PDF string (PDFDocEncoding):
(hyperref)                removing `math shift' on input line 1795.


Package hyperref Warning: Token not allowed in a PDF string (PDFDocEncoding):
(hyperref)                removing `math shift' on input line 1795.


Package hyperref Warning: Token not allowed in a PDF string (PDFDocEncoding):
(hyperref)                removing `subscript' on input line 1795.


Package hyperref Warning: Token not allowed in a PDF string (PDFDocEncoding):
(hyperref)                removing `math shift' on input line 1795.

Package color Info: Redefining color shadecolor on input line 1801.
[47]
Package color Info: Redefining color shadecolor on input line 1834.

<figure/External_filter_Results_plots_initial_param1-1.png, id=1462, 505.89pt x
 289.08pt>
File: figure/External_filter_Results_plots_initial_param1-1.png Graphic file (t
ype png)
 <use figure/External_filter_Results_plots_initial_param1-1.png>
Package pdftex.def Info: figure/External_filter_Results_plots_initial_param1-1.
png used on input line 1854.
(pdftex.def)             Requested size: 505.88875pt x 289.0837pt.
Package color Info: Redefining color shadecolor on input line 1865.

<figure/External_filter_Results_plots_initial_param2-1.png, id=1463, 505.89pt x
 289.08pt>
File: figure/External_filter_Results_plots_initial_param2-1.png Graphic file (t
ype png)
 <use figure/External_filter_Results_plots_initial_param2-1.png>
Package pdftex.def Info: figure/External_filter_Results_plots_initial_param2-1.
png used on input line 1883.
(pdftex.def)             Requested size: 505.88875pt x 289.0837pt.


Package hyperref Warning: Token not allowed in a PDF string (PDFDocEncoding):
(hyperref)                removing `math shift' on input line 1893.


Package hyperref Warning: Token not allowed in a PDF string (PDFDocEncoding):
(hyperref)                removing `subscript' on input line 1893.


Package hyperref Warning: Token not allowed in a PDF string (PDFDocEncoding):
(hyperref)                removing `math shift' on input line 1893.


Package hyperref Warning: Token not allowed in a PDF string (PDFDocEncoding):
(hyperref)                removing `math shift' on input line 1893.


Package hyperref Warning: Token not allowed in a PDF string (PDFDocEncoding):
(hyperref)                removing `subscript' on input line 1893.


Package hyperref Warning: Token not allowed in a PDF string (PDFDocEncoding):
(hyperref)                removing `math shift' on input line 1893.

Package color Info: Redefining color shadecolor on input line 1898.
[48] [49 <./figure/External_filter_Results_plots_initial_param1-1.png (PNG copy
)>] [50 <./figure/External_filter_Results_plots_initial_param2-1.png (PNG copy)
>]
<figure/External_filter_Results_plots_modeled_param1-1.png, id=1481, 505.89pt x
 289.08pt>
File: figure/External_filter_Results_plots_modeled_param1-1.png Graphic file (t
ype png)
 <use figure/External_filter_Results_plots_modeled_param1-1.png>
Package pdftex.def Info: figure/External_filter_Results_plots_modeled_param1-1.
png used on input line 1922.
(pdftex.def)             Requested size: 505.88875pt x 289.0837pt.
Package color Info: Redefining color shadecolor on input line 1933.

<figure/External_filter_Results_plots_modeled_param2-1.png, id=1482, 505.89pt x
 289.08pt>
File: figure/External_filter_Results_plots_modeled_param2-1.png Graphic file (t
ype png)
 <use figure/External_filter_Results_plots_modeled_param2-1.png>
Package pdftex.def Info: figure/External_filter_Results_plots_modeled_param2-1.
png used on input line 1952.
(pdftex.def)             Requested size: 505.88875pt x 289.0837pt.


Package hyperref Warning: Token not allowed in a PDF string (PDFDocEncoding):
(hyperref)                removing `math shift' on input line 1963.


Package hyperref Warning: Token not allowed in a PDF string (PDFDocEncoding):
(hyperref)                removing `subscript' on input line 1963.


Package hyperref Warning: Token not allowed in a PDF string (PDFDocEncoding):
(hyperref)                removing `math shift' on input line 1963.

Package color Info: Redefining color shadecolor on input line 1968.

Overfull \hbox (34.43465pt too wide) in paragraph at lines 1983--1983
[][]\OT1/cmtt/m/n/10.95 curve[][](lm.norm_conf [[][]1[][],[] []1[][]][] []+[] [
]log[][](x)[] []*[] []lm.norm_conf [[][]2[][],[] []1[][]],[] []add[] []= T,[] [
]lty[] []=[] []2[][],[] []col[] []=[] []rgb[][]([][]0[][],[] []0[][],[] []0[][]
,[] []1[][]))[][] 
 []


Overfull \hbox (34.43465pt too wide) in paragraph at lines 1984--1984
[][]\OT1/cmtt/m/n/10.95 curve[][](lm.norm_conf [[][]1[][],[] []2[][]][] []+[] [
]log[][](x)[] []*[] []lm.norm_conf [[][]2[][],[] []2[][]],[] []add[] []= T,[] [
]lty[] []=[] []2[][],[] []col[] []=[] []rgb[][]([][]0[][],[] []0[][],[] []0[][]
,[] []1[][]))[][] 
 []


Overfull \hbox (5.69121pt too wide) in paragraph at lines 1989--1989
[][]\OT1/cmtt/m/n/10.95 curve[][](lm.uni[][]$[][]coef[[][]1[][]][] []+[] []log[
][](x)[] []*[] [](lm.uni[][]$[][]coef[[][]2[][]]),[] []add[] []= T,[] []lwd[] [
]=[] []3[][],[]  []col[] []=[] []rgb[][]([][]0.5[][],[] []0[][],[] []1[][],[] [
]1[][]))[][] 
 []


Overfull \hbox (34.43465pt too wide) in paragraph at lines 1990--1990
[][]\OT1/cmtt/m/n/10.95 curve[][](lm.uni_conf [[][]1[][],[] []1[][]][] []+[] []
log[][](x)[] []*[] []lm.uni_conf [[][]2[][],[] []1[][]],[] []add[] []= T,[] []l
ty[] []=[] []2[][],[] []col[] []=[] []rgb[][]([][]0.5[][],[] []0[][],[] []1[][]
,[] []1[][]))[][] 
 []


Overfull \hbox (34.43465pt too wide) in paragraph at lines 1991--1991
[][]\OT1/cmtt/m/n/10.95 curve[][](lm.uni_conf [[][]1[][],[] []2[][]][] []+[] []
log[][](x)[] []*[] []lm.uni_conf [[][]2[][],[] []2[][]],[] []add[] []= T,[] []l
ty[] []=[] []2[][],[] []col[] []=[] []rgb[][]([][]0.5[][],[] []0[][],[] []1[][]
,[] []1[][]))[][] 
 []


Overfull \hbox (51.68071pt too wide) in paragraph at lines 1994--1994
[][]\OT1/cmtt/m/n/10.95 rect[][]([][]-[][]1[][],[] []mean[][]([][]c[][](SES.inf
.MEAN.uni_Ticir, meanSES.INF_glob.uni_Ticir),[] []na.rm[] []= T),[] []max[][](i
nit_param),[] []10[][],[][] 
 []


Overfull \hbox (91.92152pt too wide) in paragraph at lines 1997--1997
[][]\OT1/cmtt/m/n/10.95 rect[][]([][]-[][]1[][],[] []mean[][]([][]c[][](SES.inf
.MEAN.norm_Ticir, meanSES.INF_glob.norm_Ticir),[] []na.rm[] []= T),[] []max[][]
(init_param)[] []+[] []10[][],[] []10[][],[][] 
 []

[51] [52 <./figure/External_filter_Results_plots_modeled_param1-1.png (PNG copy
)>] [53 <./figure/External_filter_Results_plots_modeled_param2-1.png (PNG copy)
>] <figure/Ex_conc_plot1-1.png, id=1497, 505.89pt x 505.89pt>
File: figure/Ex_conc_plot1-1.png Graphic file (type png)

<use figure/Ex_conc_plot1-1.png>
Package pdftex.def Info: figure/Ex_conc_plot1-1.png used on input line 2002.
(pdftex.def)             Requested size: 505.88875pt x 505.89645pt.
Package color Info: Redefining color shadecolor on input line 2013.


Package hyperref Warning: Token not allowed in a PDF string (PDFDocEncoding):
(hyperref)                removing `math shift' on input line 2034.


Package hyperref Warning: Token not allowed in a PDF string (PDFDocEncoding):
(hyperref)                removing `subscript' on input line 2034.


Package hyperref Warning: Token not allowed in a PDF string (PDFDocEncoding):
(hyperref)                removing `math shift' on input line 2034.

Package color Info: Redefining color shadecolor on input line 2039.

Overfull \hbox (34.43465pt too wide) in paragraph at lines 2054--2054
[][]\OT1/cmtt/m/n/10.95 curve[][](lm.norm_conf [[][]1[][],[] []1[][]][] []+[] [
]log[][](x)[] []*[] []lm.norm_conf [[][]2[][],[] []1[][]],[] []add[] []= T,[] [
]lty[] []=[] []2[][],[] []col[] []=[] []rgb[][]([][]0[][],[] []0[][],[] []0[][]
,[] []1[][]))[][] 
 []


Overfull \hbox (34.43465pt too wide) in paragraph at lines 2055--2055
[][]\OT1/cmtt/m/n/10.95 curve[][](lm.norm_conf [[][]1[][],[] []2[][]][] []+[] [
]log[][](x)[] []*[] []lm.norm_conf [[][]2[][],[] []2[][]],[] []add[] []= T,[] [
]lty[] []=[] []2[][],[] []col[] []=[] []rgb[][]([][]0[][],[] []0[][],[] []0[][]
,[] []1[][]))[][] 
 []


Overfull \hbox (5.69121pt too wide) in paragraph at lines 2060--2060
[][]\OT1/cmtt/m/n/10.95 curve[][](lm.uni[][]$[][]coef[[][]1[][]][] []+[] []log[
][](x)[] []*[] [](lm.uni[][]$[][]coef[[][]2[][]]),[] []add[] []= T,[] []lwd[] [
]=[] []3[][],[]  []col[] []=[] []rgb[][]([][]0.5[][],[] []0[][],[] []1[][],[] [
]1[][]))[][] 
 []


Overfull \hbox (34.43465pt too wide) in paragraph at lines 2061--2061
[][]\OT1/cmtt/m/n/10.95 curve[][](lm.uni_conf [[][]1[][],[] []1[][]][] []+[] []
log[][](x)[] []*[] []lm.uni_conf [[][]2[][],[] []1[][]],[] []add[] []= T,[] []l
ty[] []=[] []2[][],[] []col[] []=[] []rgb[][]([][]0.5[][],[] []0[][],[] []1[][]
,[] []1[][]))[][] 
 []


Overfull \hbox (34.43465pt too wide) in paragraph at lines 2062--2062
[][]\OT1/cmtt/m/n/10.95 curve[][](lm.uni_conf [[][]1[][],[] []2[][]][] []+[] []
log[][](x)[] []*[] []lm.uni_conf [[][]2[][],[] []2[][]],[] []add[] []= T,[] []l
ty[] []=[] []2[][],[] []col[] []=[] []rgb[][]([][]0.5[][],[] []0[][],[] []1[][]
,[] []1[][]))[][] 
 []


Overfull \hbox (51.68071pt too wide) in paragraph at lines 2065--2065
[][]\OT1/cmtt/m/n/10.95 rect[][]([][]-[][]1[][],[] []mean[][]([][]c[][](SES.inf
.MEAN.uni_Tpcpr, meanSES.INF_glob.uni_Tpcpr),[] []na.rm[] []= T),[] []max[][](i
nit_param),[] []10[][],[][] 
 []


Overfull \hbox (91.92152pt too wide) in paragraph at lines 2068--2068
[][]\OT1/cmtt/m/n/10.95 rect[][]([][]-[][]1[][],[] []mean[][]([][]c[][](SES.inf
.MEAN.norm_Tpcpr, meanSES.INF_glob.norm_Tpcpr),[] []na.rm[] []= T),[] []max[][]
(init_param)[] []+[] []10[][],[] []10[][],[][] 
 []

[54] [55 <./figure/Ex_conc_plot1-1.png (PNG copy)>]
<figure/Ex_conc_plot2-1.png, id=1508, 505.89pt x 505.89pt>
File: figure/Ex_conc_plot2-1.png Graphic file (type png)

<use figure/Ex_conc_plot2-1.png>
Package pdftex.def Info: figure/Ex_conc_plot2-1.png used on input line 2073.
(pdftex.def)             Requested size: 505.88875pt x 505.89645pt.
Package color Info: Redefining color shadecolor on input line 2084.
 [56] [57 <./figure/Ex_conc_plot2-1.png (PNG copy)>]
Package color Info: Redefining color shadecolor on input line 2144.
Package color Info: Redefining color shadecolor on input line 2163.

Overfull \hbox (22.93727pt too wide) in paragraph at lines 2179--2179
[] []\OT1/cmtt/m/n/10.95 ex.com.interm[] []<-[] []table[][]([][]sample[][](sp,[
] []size[] []= Nind[][]/[][]Ncom,[] []prob[] []=[] []rlnorm[][](Nsp,[] []0[][],
 sdlog),[] []replace[] []= T))[][] 
 []

[58

]
Package color Info: Redefining color shadecolor on input line 2252.
 [59] <figure/InEx_Filter_plots-1.pdf, id=1526, 478.78876pt x 473.77pt>
File: figure/InEx_Filter_plots-1.pdf Graphic file (type pdf)

<use figure/InEx_Filter_plots-1.pdf>
Package pdftex.def Info: figure/InEx_Filter_plots-1.pdf used on input line 2264
.
(pdftex.def)             Requested size: 478.78758pt x 473.76884pt.
Package color Info: Redefining color shadecolor on input line 2275.

<figure/InEx_Filter_plots_Tstats-1.pdf, id=1527, 457.71pt x 552.0625pt>
File: figure/InEx_Filter_plots_Tstats-1.pdf Graphic file (type pdf)

<use figure/InEx_Filter_plots_Tstats-1.pdf>
Package pdftex.def Info: figure/InEx_Filter_plots_Tstats-1.pdf used on input li
ne 2285.
(pdftex.def)             Requested size: 457.7089pt x 552.08641pt.
Package color Info: Redefining color shadecolor on input line 2297.
 [60] [61 <./figure/InEx_Filter_plots-1.pdf>] [62 <./figure/InEx_Filter_plots_T
stats-1.pdf>]
Package color Info: Redefining color shadecolor on input line 2343.
Package color Info: Redefining color shadecolor on input line 2390.
 [63]
Underfull \vbox (badness 10000) detected at line 2458
 []


Underfull \vbox (badness 10000) detected at line 2458
 []

[64] [65]
LaTeX Font Info:    Font shape `OT1/cmtt/bx/n' in size <14.4> not available
(Font)              Font shape `OT1/cmtt/m/n' tried instead on input line 2528.

Package color Info: Redefining color shadecolor on input line 2534.

Overfull \hbox (22.93727pt too wide) in paragraph at lines 2550--2550
[] []\OT1/cmtt/m/n/10.95 ex.com.interm[] []<-[] []table[][]([][]sample[][](sp,[
] []size[] []= Nind[][]/[][]Ncom,[] []prob[] []=[] []rlnorm[][](Nsp,[] []0[][],
 sdlog),[] []replace[] []= T))[][] 
 []


Underfull \hbox (badness 10000) in paragraph at lines 2576--2576
[]\OT1/cmtt/m/it/10.95 ## The partvar function decompose the variance accross n
ested scales. Thus choose the order
 []


Underfull \hbox (badness 10000) in paragraph at lines 2576--2576
\OT1/cmtt/m/it/10.95 ## The partvar function decompose the variance accross nes
ted scales. Thus choose the order
 []


Underfull \hbox (badness 10000) in paragraph at lines 2576--2576
\OT1/cmtt/m/it/10.95 ## The partvar function decompose the variance accross nes
ted scales. Thus choose the order
 []

[66

]
Package color Info: Redefining color shadecolor on input line 2583.

Overfull \hbox (5.69121pt too wide) in paragraph at lines 2600--2600
[][]\OT1/cmtt/m/n/10.95 segments[][]([][]apply[][](res.simu.partvar_toymodel,[]
 []2[][], mean)[] []-[] []apply[][](res.simu.partvar_toymodel,[] []2[][], sd),[
][] 
 []

<figure/Partvar_plot-1.pdf, id=1584, 433.62pt x 433.62pt>
File: figure/Partvar_plot-1.pdf Graphic file (type pdf)

<use figure/Partvar_plot-1.pdf>
Package pdftex.def Info: figure/Partvar_plot-1.pdf used on input line 2614.
(pdftex.def)             Requested size: 433.61894pt x 433.63878pt.
Package color Info: Redefining color shadecolor on input line 2632.

Overfull \hbox (22.93727pt too wide) in paragraph at lines 2646--2646
[] []\OT1/cmtt/m/n/10.95 ex.com.interm[] []<-[] []table[][]([][]sample[][](sp,[
] []size[] []= Nind[][]/[][]Ncom,[] []prob[] []=[] []rlnorm[][](Nsp,[] []0[][],
 sdlog),[] []replace[] []= T))[][] 
 []

[67] [68 <./figure/Partvar_plot-1.pdf>]
Package color Info: Redefining color shadecolor on input line 2681.

<figure/decompCTRE_plot1-1.pdf, id=1602, 505.89pt x 216.81pt>
File: figure/decompCTRE_plot1-1.pdf Graphic file (type pdf)

<use figure/decompCTRE_plot1-1.pdf>
Package pdftex.def Info: figure/decompCTRE_plot1-1.pdf used on input line 2690.

(pdftex.def)             Requested size: 505.88875pt x 216.81276pt.
Package color Info: Redefining color shadecolor on input line 2701.
 [69]
<figure/decompCTRE_plot2-1.pdf, id=1608, 433.62pt x 361.35pt>
File: figure/decompCTRE_plot2-1.pdf Graphic file (type pdf)

<use figure/decompCTRE_plot2-1.pdf>
Package pdftex.def Info: figure/decompCTRE_plot2-1.pdf used on input line 2712.

(pdftex.def)             Requested size: 433.61894pt x 361.36566pt.
 [70 <./figure/decompCTRE_plot1-1.pdf>]
[71 <./figure/decompCTRE_plot2-1.pdf>] (./Appendix4.lof [72

])
\tf@lof=\write5
\openout5 = `Appendix4.lof'.

 (./Appendix4.lot)
\tf@lot=\write6
\openout6 = `Appendix4.lot'.

Package atveryend Info: Empty hook `BeforeClearDocument' on input line 2797.
[73]
Package atveryend Info: Empty hook `AfterLastShipout' on input line 2797.
 (./Appendix4.aux)
Package atveryend Info: Executing hook `AtVeryEndDocument' on input line 2797.
Package atveryend Info: Executing hook `AtEndAfterFileList' on input line 2797.

Package rerunfilecheck Info: File `Appendix4.out' has not changed.
(rerunfilecheck)             Checksum: 7414EFBC7B08510ED5531D36ADEC3843;4227.
Package atveryend Info: Empty hook `AtVeryVeryEnd' on input line 2797.
 ) 
Here is how much of TeX's memory you used:
 8113 strings out of 493304
 125849 string characters out of 6139872
 260421 words of memory out of 5000000
 11225 multiletter control sequences out of 15000+600000
 25091 words of font info for 94 fonts, out of 8000000 for 9000
 957 hyphenation exceptions out of 8191
 36i,14n,38p,754b,417s stack positions out of 5000i,500n,10000p,200000b,80000s
</usr/share/texlive/texmf-dist/fonts/type1/public/amsfonts/cm/cmbx10.pfb></us
r/share/texlive/texmf-dist/fonts/type1/public/amsfonts/cm/cmbx12.pfb></usr/shar
e/texlive/texmf-dist/fonts/type1/public/amsfonts/cm/cmitt10.pfb></usr/share/tex
live/texmf-dist/fonts/type1/public/amsfonts/cm/cmmi10.pfb></usr/share/texlive/t
exmf-dist/fonts/type1/public/amsfonts/cm/cmmi12.pfb></usr/share/texlive/texmf-d
ist/fonts/type1/public/amsfonts/cm/cmmi8.pfb></usr/share/texlive/texmf-dist/fon
ts/type1/public/amsfonts/cm/cmr10.pfb></usr/share/texlive/texmf-dist/fonts/type
1/public/amsfonts/cm/cmr12.pfb></usr/share/texlive/texmf-dist/fonts/type1/publi
c/amsfonts/cm/cmr17.pfb></usr/share/texlive/texmf-dist/fonts/type1/public/amsfo
nts/cm/cmr7.pfb></usr/share/texlive/texmf-dist/fonts/type1/public/amsfonts/cm/c
mr8.pfb></usr/share/texlive/texmf-dist/fonts/type1/public/amsfonts/cm/cmsy10.pf
b></usr/share/texlive/texmf-dist/fonts/type1/public/amsfonts/cm/cmsy7.pfb></usr
/share/texlive/texmf-dist/fonts/type1/public/amsfonts/cm/cmti10.pfb></usr/share
/texlive/texmf-dist/fonts/type1/public/amsfonts/cm/cmti12.pfb></usr/share/texli
ve/texmf-dist/fonts/type1/public/amsfonts/cm/cmtt10.pfb></usr/share/texlive/tex
mf-dist/fonts/type1/public/amsfonts/cm/cmtt12.pfb>
Output written on Appendix4.pdf (73 pages, 2034241 bytes).
PDF statistics:
 1786 PDF objects out of 2073 (max. 8388607)
 1284 compressed objects within 13 object streams
 173 named destinations out of 1000 (max. 500000)
 527 words of extra memory for PDF output out of 10000 (max. 10000000)

