This is pdfTeX, Version 3.1415926-2.5-1.40.14 (MiKTeX 2.9) (preloaded format=pdflatex 2014.3.11)  23 MAY 2014 11:05
entering extended mode
**example.finch-cati.tex
(C:\Users\taudiere\Desktop\cati\tutorial\example.finch-cati.tex
LaTeX2e <2011/06/27>
Babel <v3.8m> and hyphenation patterns for english, afrikaans, ancientgreek, ar
abic, armenian, assamese, basque, bengali, bokmal, bulgarian, catalan, coptic, 
croatian, czech, danish, dutch, esperanto, estonian, farsi, finnish, french, ga
lician, german, german-x-2013-05-26, greek, gujarati, hindi, hungarian, iceland
ic, indonesian, interlingua, irish, italian, kannada, kurmanji, latin, latvian,
 lithuanian, malayalam, marathi, mongolian, mongolianlmc, monogreek, ngerman, n
german-x-2013-05-26, nynorsk, oriya, panjabi, pinyin, polish, portuguese, roman
ian, russian, sanskrit, serbian, slovak, slovenian, spanish, swedish, swissgerm
an, tamil, telugu, turkish, turkmen, ukenglish, ukrainian, uppersorbian, usengl
ishmax, welsh, loaded.
("C:\Program Files (x86)\MiKTeX 2.9\tex\latex\base\article.cls"
Document Class: article 2007/10/19 v1.4h Standard LaTeX document class
("C:\Program Files (x86)\MiKTeX 2.9\tex\latex\base\size12.clo"
File: size12.clo 2007/10/19 v1.4h Standard LaTeX file (size option)
)
\c@part=\count79
\c@section=\count80
\c@subsection=\count81
\c@subsubsection=\count82
\c@paragraph=\count83
\c@subparagraph=\count84
\c@figure=\count85
\c@table=\count86
\abovecaptionskip=\skip41
\belowcaptionskip=\skip42
\bibindent=\dimen102
)
("C:\Program Files (x86)\MiKTeX 2.9\tex\latex\graphics\graphicx.sty"
Package: graphicx 1999/02/16 v1.0f Enhanced LaTeX Graphics (DPC,SPQR)

("C:\Program Files (x86)\MiKTeX 2.9\tex\latex\graphics\keyval.sty"
Package: keyval 1999/03/16 v1.13 key=value parser (DPC)
\KV@toks@=\toks14
)
("C:\Program Files (x86)\MiKTeX 2.9\tex\latex\graphics\graphics.sty"
Package: graphics 2009/02/05 v1.0o Standard LaTeX Graphics (DPC,SPQR)

("C:\Program Files (x86)\MiKTeX 2.9\tex\latex\graphics\trig.sty"
Package: trig 1999/03/16 v1.09 sin cos tan (DPC)
)
("C:\Program Files (x86)\MiKTeX 2.9\tex\latex\00miktex\graphics.cfg"
File: graphics.cfg 2007/01/18 v1.5 graphics configuration of teTeX/TeXLive
)
Package graphics Info: Driver file: pdftex.def on input line 91.

("C:\Program Files (x86)\MiKTeX 2.9\tex\latex\pdftex-def\pdftex.def"
File: pdftex.def 2011/05/27 v0.06d Graphics/color for pdfTeX

("C:\Program Files (x86)\MiKTeX 2.9\tex\generic\oberdiek\infwarerr.sty"
Package: infwarerr 2010/04/08 v1.3 Providing info/warning/error messages (HO)
)
("C:\Program Files (x86)\MiKTeX 2.9\tex\generic\oberdiek\ltxcmds.sty"
Package: ltxcmds 2011/11/09 v1.22 LaTeX kernel commands for general use (HO)
)
\Gread@gobject=\count87
))
\Gin@req@height=\dimen103
\Gin@req@width=\dimen104
)
("C:\Program Files (x86)\MiKTeX 2.9\tex\latex\graphics\color.sty"
Package: color 2005/11/14 v1.0j Standard LaTeX Color (DPC)

("C:\Program Files (x86)\MiKTeX 2.9\tex\latex\00miktex\color.cfg"
File: color.cfg 2007/01/18 v1.5 color configuration of teTeX/TeXLive
)
Package color Info: Driver file: pdftex.def on input line 130.
)
("C:\Program Files (x86)\MiKTeX 2.9\tex\latex\framed\framed.sty"
Package: framed 2011/10/22 v 0.96: framed or shaded text with page breaks
\OuterFrameSep=\skip43
\fb@frw=\dimen105
\fb@frh=\dimen106
\FrameRule=\dimen107
\FrameSep=\dimen108
)
("C:\Program Files (x86)\MiKTeX 2.9\tex\latex\base\alltt.sty"
Package: alltt 1997/06/16 v2.0g defines alltt environment
)
("C:\Program Files (x86)\MiKTeX 2.9\tex\latex\base\inputenc.sty"
Package: inputenc 2008/03/30 v1.1d Input encoding file
\inpenc@prehook=\toks15
\inpenc@posthook=\toks16

("C:\Program Files (x86)\MiKTeX 2.9\tex\latex\base\utf8.def"
File: utf8.def 2008/04/05 v1.1m UTF-8 support for inputenc
Now handling font encoding OML ...
... no UTF-8 mapping file for font encoding OML
Now handling font encoding T1 ...
... processing UTF-8 mapping file for font encoding T1

("C:\Program Files (x86)\MiKTeX 2.9\tex\latex\base\t1enc.dfu"
File: t1enc.dfu 2008/04/05 v1.1m UTF-8 support for inputenc
   defining Unicode char U+00A1 (decimal 161)
   defining Unicode char U+00A3 (decimal 163)
   defining Unicode char U+00AB (decimal 171)
   defining Unicode char U+00BB (decimal 187)
   defining Unicode char U+00BF (decimal 191)
   defining Unicode char U+00C0 (decimal 192)
   defining Unicode char U+00C1 (decimal 193)
   defining Unicode char U+00C2 (decimal 194)
   defining Unicode char U+00C3 (decimal 195)
   defining Unicode char U+00C4 (decimal 196)
   defining Unicode char U+00C5 (decimal 197)
   defining Unicode char U+00C6 (decimal 198)
   defining Unicode char U+00C7 (decimal 199)
   defining Unicode char U+00C8 (decimal 200)
   defining Unicode char U+00C9 (decimal 201)
   defining Unicode char U+00CA (decimal 202)
   defining Unicode char U+00CB (decimal 203)
   defining Unicode char U+00CC (decimal 204)
   defining Unicode char U+00CD (decimal 205)
   defining Unicode char U+00CE (decimal 206)
   defining Unicode char U+00CF (decimal 207)
   defining Unicode char U+00D0 (decimal 208)
   defining Unicode char U+00D1 (decimal 209)
   defining Unicode char U+00D2 (decimal 210)
   defining Unicode char U+00D3 (decimal 211)
   defining Unicode char U+00D4 (decimal 212)
   defining Unicode char U+00D5 (decimal 213)
   defining Unicode char U+00D6 (decimal 214)
   defining Unicode char U+00D8 (decimal 216)
   defining Unicode char U+00D9 (decimal 217)
   defining Unicode char U+00DA (decimal 218)
   defining Unicode char U+00DB (decimal 219)
   defining Unicode char U+00DC (decimal 220)
   defining Unicode char U+00DD (decimal 221)
   defining Unicode char U+00DE (decimal 222)
   defining Unicode char U+00DF (decimal 223)
   defining Unicode char U+00E0 (decimal 224)
   defining Unicode char U+00E1 (decimal 225)
   defining Unicode char U+00E2 (decimal 226)
   defining Unicode char U+00E3 (decimal 227)
   defining Unicode char U+00E4 (decimal 228)
   defining Unicode char U+00E5 (decimal 229)
   defining Unicode char U+00E6 (decimal 230)
   defining Unicode char U+00E7 (decimal 231)
   defining Unicode char U+00E8 (decimal 232)
   defining Unicode char U+00E9 (decimal 233)
   defining Unicode char U+00EA (decimal 234)
   defining Unicode char U+00EB (decimal 235)
   defining Unicode char U+00EC (decimal 236)
   defining Unicode char U+00ED (decimal 237)
   defining Unicode char U+00EE (decimal 238)
   defining Unicode char U+00EF (decimal 239)
   defining Unicode char U+00F0 (decimal 240)
   defining Unicode char U+00F1 (decimal 241)
   defining Unicode char U+00F2 (decimal 242)
   defining Unicode char U+00F3 (decimal 243)
   defining Unicode char U+00F4 (decimal 244)
   defining Unicode char U+00F5 (decimal 245)
   defining Unicode char U+00F6 (decimal 246)
   defining Unicode char U+00F8 (decimal 248)
   defining Unicode char U+00F9 (decimal 249)
   defining Unicode char U+00FA (decimal 250)
   defining Unicode char U+00FB (decimal 251)
   defining Unicode char U+00FC (decimal 252)
   defining Unicode char U+00FD (decimal 253)
   defining Unicode char U+00FE (decimal 254)
   defining Unicode char U+00FF (decimal 255)
   defining Unicode char U+0102 (decimal 258)
   defining Unicode char U+0103 (decimal 259)
   defining Unicode char U+0104 (decimal 260)
   defining Unicode char U+0105 (decimal 261)
   defining Unicode char U+0106 (decimal 262)
   defining Unicode char U+0107 (decimal 263)
   defining Unicode char U+010C (decimal 268)
   defining Unicode char U+010D (decimal 269)
   defining Unicode char U+010E (decimal 270)
   defining Unicode char U+010F (decimal 271)
   defining Unicode char U+0110 (decimal 272)
   defining Unicode char U+0111 (decimal 273)
   defining Unicode char U+0118 (decimal 280)
   defining Unicode char U+0119 (decimal 281)
   defining Unicode char U+011A (decimal 282)
   defining Unicode char U+011B (decimal 283)
   defining Unicode char U+011E (decimal 286)
   defining Unicode char U+011F (decimal 287)
   defining Unicode char U+0130 (decimal 304)
   defining Unicode char U+0131 (decimal 305)
   defining Unicode char U+0132 (decimal 306)
   defining Unicode char U+0133 (decimal 307)
   defining Unicode char U+0139 (decimal 313)
   defining Unicode char U+013A (decimal 314)
   defining Unicode char U+013D (decimal 317)
   defining Unicode char U+013E (decimal 318)
   defining Unicode char U+0141 (decimal 321)
   defining Unicode char U+0142 (decimal 322)
   defining Unicode char U+0143 (decimal 323)
   defining Unicode char U+0144 (decimal 324)
   defining Unicode char U+0147 (decimal 327)
   defining Unicode char U+0148 (decimal 328)
   defining Unicode char U+014A (decimal 330)
   defining Unicode char U+014B (decimal 331)
   defining Unicode char U+0150 (decimal 336)
   defining Unicode char U+0151 (decimal 337)
   defining Unicode char U+0152 (decimal 338)
   defining Unicode char U+0153 (decimal 339)
   defining Unicode char U+0154 (decimal 340)
   defining Unicode char U+0155 (decimal 341)
   defining Unicode char U+0158 (decimal 344)
   defining Unicode char U+0159 (decimal 345)
   defining Unicode char U+015A (decimal 346)
   defining Unicode char U+015B (decimal 347)
   defining Unicode char U+015E (decimal 350)
   defining Unicode char U+015F (decimal 351)
   defining Unicode char U+0160 (decimal 352)
   defining Unicode char U+0161 (decimal 353)
   defining Unicode char U+0162 (decimal 354)
   defining Unicode char U+0163 (decimal 355)
   defining Unicode char U+0164 (decimal 356)
   defining Unicode char U+0165 (decimal 357)
   defining Unicode char U+016E (decimal 366)
   defining Unicode char U+016F (decimal 367)
   defining Unicode char U+0170 (decimal 368)
   defining Unicode char U+0171 (decimal 369)
   defining Unicode char U+0178 (decimal 376)
   defining Unicode char U+0179 (decimal 377)
   defining Unicode char U+017A (decimal 378)
   defining Unicode char U+017B (decimal 379)
   defining Unicode char U+017C (decimal 380)
   defining Unicode char U+017D (decimal 381)
   defining Unicode char U+017E (decimal 382)
   defining Unicode char U+200C (decimal 8204)
   defining Unicode char U+2013 (decimal 8211)
   defining Unicode char U+2014 (decimal 8212)
   defining Unicode char U+2018 (decimal 8216)
   defining Unicode char U+2019 (decimal 8217)
   defining Unicode char U+201A (decimal 8218)
   defining Unicode char U+201C (decimal 8220)
   defining Unicode char U+201D (decimal 8221)
   defining Unicode char U+201E (decimal 8222)
   defining Unicode char U+2030 (decimal 8240)
   defining Unicode char U+2031 (decimal 8241)
   defining Unicode char U+2039 (decimal 8249)
   defining Unicode char U+203A (decimal 8250)
   defining Unicode char U+2423 (decimal 9251)
)
Now handling font encoding OT1 ...
... processing UTF-8 mapping file for font encoding OT1

("C:\Program Files (x86)\MiKTeX 2.9\tex\latex\base\ot1enc.dfu"
File: ot1enc.dfu 2008/04/05 v1.1m UTF-8 support for inputenc
   defining Unicode char U+00A1 (decimal 161)
   defining Unicode char U+00A3 (decimal 163)
   defining Unicode char U+00B8 (decimal 184)
   defining Unicode char U+00BF (decimal 191)
   defining Unicode char U+00C5 (decimal 197)
   defining Unicode char U+00C6 (decimal 198)
   defining Unicode char U+00D8 (decimal 216)
   defining Unicode char U+00DF (decimal 223)
   defining Unicode char U+00E6 (decimal 230)
   defining Unicode char U+00EC (decimal 236)
   defining Unicode char U+00ED (decimal 237)
   defining Unicode char U+00EE (decimal 238)
   defining Unicode char U+00EF (decimal 239)
   defining Unicode char U+00F8 (decimal 248)
   defining Unicode char U+0131 (decimal 305)
   defining Unicode char U+0141 (decimal 321)
   defining Unicode char U+0142 (decimal 322)
   defining Unicode char U+0152 (decimal 338)
   defining Unicode char U+0153 (decimal 339)
   defining Unicode char U+2013 (decimal 8211)
   defining Unicode char U+2014 (decimal 8212)
   defining Unicode char U+2018 (decimal 8216)
   defining Unicode char U+2019 (decimal 8217)
   defining Unicode char U+201C (decimal 8220)
   defining Unicode char U+201D (decimal 8221)
)
Now handling font encoding OMS ...
... processing UTF-8 mapping file for font encoding OMS

("C:\Program Files (x86)\MiKTeX 2.9\tex\latex\base\omsenc.dfu"
File: omsenc.dfu 2008/04/05 v1.1m UTF-8 support for inputenc
   defining Unicode char U+00A7 (decimal 167)
   defining Unicode char U+00B6 (decimal 182)
   defining Unicode char U+00B7 (decimal 183)
   defining Unicode char U+2020 (decimal 8224)
   defining Unicode char U+2021 (decimal 8225)
   defining Unicode char U+2022 (decimal 8226)
)
Now handling font encoding OMX ...
... no UTF-8 mapping file for font encoding OMX
Now handling font encoding U ...
... no UTF-8 mapping file for font encoding U
   defining Unicode char U+00A9 (decimal 169)
   defining Unicode char U+00AA (decimal 170)
   defining Unicode char U+00AE (decimal 174)
   defining Unicode char U+00BA (decimal 186)
   defining Unicode char U+02C6 (decimal 710)
   defining Unicode char U+02DC (decimal 732)
   defining Unicode char U+200C (decimal 8204)
   defining Unicode char U+2026 (decimal 8230)
   defining Unicode char U+2122 (decimal 8482)
   defining Unicode char U+2423 (decimal 9251)
))
("C:\Program Files (x86)\MiKTeX 2.9\tex\latex\hyperref\hyperref.sty"
Package: hyperref 2012/11/06 v6.83m Hypertext links for LaTeX

("C:\Program Files (x86)\MiKTeX 2.9\tex\generic\oberdiek\hobsub-hyperref.sty"
Package: hobsub-hyperref 2012/04/25 v1.12 Bundle oberdiek, subset hyperref (HO)


("C:\Program Files (x86)\MiKTeX 2.9\tex\generic\oberdiek\hobsub-generic.sty"
Package: hobsub-generic 2012/04/25 v1.12 Bundle oberdiek, subset generic (HO)
Package: hobsub 2012/04/25 v1.12 Construct package bundles (HO)
Package hobsub Info: Skipping package `infwarerr' (already loaded).
Package hobsub Info: Skipping package `ltxcmds' (already loaded).
Package: ifluatex 2010/03/01 v1.3 Provides the ifluatex switch (HO)
Package ifluatex Info: LuaTeX not detected.
Package: ifvtex 2010/03/01 v1.5 Detect VTeX and its facilities (HO)
Package ifvtex Info: VTeX not detected.
Package: intcalc 2007/09/27 v1.1 Expandable calculations with integers (HO)
Package: ifpdf 2011/01/30 v2.3 Provides the ifpdf switch (HO)
Package ifpdf Info: pdfTeX in PDF mode is detected.
Package: etexcmds 2011/02/16 v1.5 Avoid name clashes with e-TeX commands (HO)
Package etexcmds Info: Could not find \expanded.
(etexcmds)             That can mean that you are not using pdfTeX 1.50 or
(etexcmds)             that some package has redefined \expanded.
(etexcmds)             In the latter case, load this package earlier.
Package: kvsetkeys 2012/04/25 v1.16 Key value parser (HO)
Package: kvdefinekeys 2011/04/07 v1.3 Define keys (HO)
Package: pdftexcmds 2011/11/29 v0.20 Utility functions of pdfTeX for LuaTeX (HO
)
Package pdftexcmds Info: LuaTeX not detected.
Package pdftexcmds Info: \pdf@primitive is available.
Package pdftexcmds Info: \pdf@ifprimitive is available.
Package pdftexcmds Info: \pdfdraftmode found.
Package: pdfescape 2011/11/25 v1.13 Implements pdfTeX's escape features (HO)
Package: bigintcalc 2012/04/08 v1.3 Expandable calculations on big integers (HO
)
Package: bitset 2011/01/30 v1.1 Handle bit-vector datatype (HO)
Package: uniquecounter 2011/01/30 v1.2 Provide unlimited unique counter (HO)
)
Package hobsub Info: Skipping package `hobsub' (already loaded).
Package: letltxmacro 2010/09/02 v1.4 Let assignment for LaTeX macros (HO)
Package: hopatch 2011/06/24 v1.1 Wrapper for package hooks (HO)
Package: xcolor-patch 2011/01/30 xcolor patch
Package: atveryend 2011/06/30 v1.8 Hooks at the very end of document (HO)
Package atveryend Info: \enddocument detected (standard20110627).
Package: atbegshi 2011/10/05 v1.16 At begin shipout hook (HO)
Package: refcount 2011/10/16 v3.4 Data extraction from label references (HO)
Package: hycolor 2011/01/30 v1.7 Color options for hyperref/bookmark (HO)
)
("C:\Program Files (x86)\MiKTeX 2.9\tex\generic\ifxetex\ifxetex.sty"
Package: ifxetex 2010/09/12 v0.6 Provides ifxetex conditional
)
("C:\Program Files (x86)\MiKTeX 2.9\tex\latex\oberdiek\auxhook.sty"
Package: auxhook 2011/03/04 v1.3 Hooks for auxiliary files (HO)
)
("C:\Program Files (x86)\MiKTeX 2.9\tex\latex\oberdiek\kvoptions.sty"
Package: kvoptions 2011/06/30 v3.11 Key value format for package options (HO)
)
\@linkdim=\dimen109
\Hy@linkcounter=\count88
\Hy@pagecounter=\count89

("C:\Program Files (x86)\MiKTeX 2.9\tex\latex\hyperref\pd1enc.def"
File: pd1enc.def 2012/11/06 v6.83m Hyperref: PDFDocEncoding definition (HO)
Now handling font encoding PD1 ...
... no UTF-8 mapping file for font encoding PD1
)
\Hy@SavedSpaceFactor=\count90

("C:\Program Files (x86)\MiKTeX 2.9\tex\latex\00miktex\hyperref.cfg"
File: hyperref.cfg 2002/06/06 v1.2 hyperref configuration of TeXLive
)
Package hyperref Info: Option `colorlinks' set `true' on input line 4319.
Package hyperref Info: Hyper figures OFF on input line 4443.
Package hyperref Info: Link nesting OFF on input line 4448.
Package hyperref Info: Hyper index ON on input line 4451.
Package hyperref Info: Plain pages OFF on input line 4458.
Package hyperref Info: Backreferencing OFF on input line 4463.
Package hyperref Info: Implicit mode ON; LaTeX internals redefined.
Package hyperref Info: Bookmarks ON on input line 4688.
\c@Hy@tempcnt=\count91

("C:\Program Files (x86)\MiKTeX 2.9\tex\latex\url\url.sty"
\Urlmuskip=\muskip10
Package: url 2013/09/16  ver 3.4  Verb mode for urls, etc.
)
LaTeX Info: Redefining \url on input line 5041.
\XeTeXLinkMargin=\dimen110
\Fld@menulength=\count92
\Field@Width=\dimen111
\Fld@charsize=\dimen112
Package hyperref Info: Hyper figures OFF on input line 6295.
Package hyperref Info: Link nesting OFF on input line 6300.
Package hyperref Info: Hyper index ON on input line 6303.
Package hyperref Info: backreferencing OFF on input line 6310.
Package hyperref Info: Link coloring ON on input line 6313.
Package hyperref Info: Link coloring with OCG OFF on input line 6320.
Package hyperref Info: PDF/A mode OFF on input line 6325.
LaTeX Info: Redefining \ref on input line 6365.
LaTeX Info: Redefining \pageref on input line 6369.
\Hy@abspage=\count93
\c@Item=\count94
\c@Hfootnote=\count95
)

Package hyperref Message: Driver (autodetected): hpdftex.

("C:\Program Files (x86)\MiKTeX 2.9\tex\latex\hyperref\hpdftex.def"
File: hpdftex.def 2012/11/06 v6.83m Hyperref driver for pdfTeX
\Fld@listcount=\count96
\c@bookmark@seq@number=\count97

("C:\Program Files (x86)\MiKTeX 2.9\tex\latex\oberdiek\rerunfilecheck.sty"
Package: rerunfilecheck 2011/04/15 v1.7 Rerun checks for auxiliary files (HO)
Package uniquecounter Info: New unique counter `rerunfilecheck' on input line 2
82.
)
\Hy@SectionHShift=\skip44
)
("C:\Program Files (x86)\MiKTeX 2.9\tex\latex\tools\array.sty"
Package: array 2008/09/09 v2.4c Tabular extension package (FMi)
\col@sep=\dimen113
\extrarowheight=\dimen114
\NC@list=\toks17
\extratabsurround=\skip45
\backup@length=\skip46
)
("C:\Program Files (x86)\MiKTeX 2.9\tex\generic\babel\babel.sty"
Package: babel 2008/07/08 v3.8m The Babel package

*************************************
* Local config file bblopts.cfg used
*
("C:\Program Files (x86)\MiKTeX 2.9\tex\latex\00miktex\bblopts.cfg"
File: bblopts.cfg 2006/07/31 v1.0 MiKTeX 'babel' configuration
)
("C:\Program Files (x86)\MiKTeX 2.9\tex\generic\babel\english.ldf"
Language: english 2005/03/30 v3.3o English support from the babel system

("C:\Program Files (x86)\MiKTeX 2.9\tex\generic\babel\babel.def"
File: babel.def 2008/07/08 v3.8m Babel common definitions
\babel@savecnt=\count98
\U@D=\dimen115
)
\l@canadian = a dialect from \language\l@american 
\l@australian = a dialect from \language\l@british 
\l@newzealand = a dialect from \language\l@british 
))
("C:\Program Files (x86)\MiKTeX 2.9\tex\latex\amsfonts\amsfonts.sty"
Package: amsfonts 2013/01/14 v3.01 Basic AMSFonts support
\@emptytoks=\toks18
\symAMSa=\mathgroup4
\symAMSb=\mathgroup5
LaTeX Font Info:    Overwriting math alphabet `\mathfrak' in version `bold'
(Font)                  U/euf/m/n --> U/euf/b/n on input line 106.
)
("C:\Program Files (x86)\MiKTeX 2.9\tex\latex\tools\bm.sty"
Package: bm 2004/02/26 v1.1c Bold Symbol Support (DPC/FMi)
\symboldoperators=\mathgroup6
\symboldletters=\mathgroup7
\symboldsymbols=\mathgroup8
LaTeX Font Info:    Redeclaring math alphabet \mathbf on input line 138.
LaTeX Info: Redefining \bm on input line 204.
)
("C:\Program Files (x86)\MiKTeX 2.9\tex\latex\geometry\geometry.sty"
Package: geometry 2010/09/12 v5.6 Page Geometry
\Gm@cnth=\count99
\Gm@cntv=\count100
\c@Gm@tempcnt=\count101
\Gm@bindingoffset=\dimen116
\Gm@wd@mp=\dimen117
\Gm@odd@mp=\dimen118
\Gm@even@mp=\dimen119
\Gm@layoutwidth=\dimen120
\Gm@layoutheight=\dimen121
\Gm@layouthoffset=\dimen122
\Gm@layoutvoffset=\dimen123
\Gm@dimlist=\toks19

("C:\Program Files (x86)\MiKTeX 2.9\tex\latex\geometry\geometry.cfg"))
("C:\Program Files (x86)\MiKTeX 2.9\tex\latex\preprint\authblk.sty"
Package: authblk 2001/02/27 1.3 (PWD)
\affilsep=\skip47
\@affilsep=\skip48
\c@Maxaffil=\count102
\c@authors=\count103
\c@affil=\count104
)
("C:\Program Files (x86)\MiKTeX 2.9\tex\latex\upquote\upquote.sty"
Package: upquote 2012/04/19 v1.3 upright-quote and grave-accent glyphs in verba
tim
)
(C:\Users\taudiere\Desktop\cati\tutorial\example.finch-cati.aux)
LaTeX Font Info:    Checking defaults for OML/cmm/m/it on input line 87.
LaTeX Font Info:    ... okay on input line 87.
LaTeX Font Info:    Checking defaults for T1/cmr/m/n on input line 87.
LaTeX Font Info:    ... okay on input line 87.
LaTeX Font Info:    Checking defaults for OT1/cmr/m/n on input line 87.
LaTeX Font Info:    ... okay on input line 87.
LaTeX Font Info:    Checking defaults for OMS/cmsy/m/n on input line 87.
LaTeX Font Info:    ... okay on input line 87.
LaTeX Font Info:    Checking defaults for OMX/cmex/m/n on input line 87.
LaTeX Font Info:    ... okay on input line 87.
LaTeX Font Info:    Checking defaults for U/cmr/m/n on input line 87.
LaTeX Font Info:    ... okay on input line 87.
LaTeX Font Info:    Checking defaults for PD1/pdf/m/n on input line 87.
LaTeX Font Info:    ... okay on input line 87.

("C:\Program Files (x86)\MiKTeX 2.9\tex\context\base\supp-pdf.mkii"
[Loading MPS to PDF converter (version 2006.09.02).]
\scratchcounter=\count105
\scratchdimen=\dimen124
\scratchbox=\box26
\nofMPsegments=\count106
\nofMParguments=\count107
\everyMPshowfont=\toks20
\MPscratchCnt=\count108
\MPscratchDim=\dimen125
\MPnumerator=\count109
\makeMPintoPDFobject=\count110
\everyMPtoPDFconversion=\toks21
)
\AtBeginShipoutBox=\box27
Package hyperref Info: Link coloring ON on input line 87.
 ("C:\Program Files (x86)\MiKTeX 2.9\tex\latex\hyperref\nameref.sty"
Package: nameref 2012/10/27 v2.43 Cross-referencing by name of section

("C:\Program Files (x86)\MiKTeX 2.9\tex\generic\oberdiek\gettitlestring.sty"
Package: gettitlestring 2010/12/03 v1.4 Cleanup title references (HO)
)
\c@section@level=\count111
)
LaTeX Info: Redefining \ref on input line 87.
LaTeX Info: Redefining \pageref on input line 87.
LaTeX Info: Redefining \nameref on input line 87.

(C:\Users\taudiere\Desktop\cati\tutorial\example.finch-cati.out)
(C:\Users\taudiere\Desktop\cati\tutorial\example.finch-cati.out)
\@outlinefile=\write3

*geometry* driver: auto-detecting
*geometry* detected driver: pdftex
*geometry* verbose mode - [ preamble ] result:
* driver: pdftex
* paper: <default>
* layout: <same size as paper>
* layoutoffset:(h,v)=(0.0pt,0.0pt)
* modes: 
* h-part:(L,W,R)=(42.67912pt, 528.93675pt, 42.67912pt)
* v-part:(T,H,B)=(42.67912pt, 709.61174pt, 42.67912pt)
* \paperwidth=614.295pt
* \paperheight=794.96999pt
* \textwidth=528.93675pt
* \textheight=709.61174pt
* \oddsidemargin=-29.59087pt
* \evensidemargin=-29.59087pt
* \topmargin=-66.59087pt
* \headheight=12.0pt
* \headsep=25.0pt
* \topskip=12.0pt
* \footskip=30.0pt
* \marginparwidth=44.0pt
* \marginparsep=10.0pt
* \columnsep=10.0pt
* \skip\footins=10.8pt plus 4.0pt minus 2.0pt
* \hoffset=0.0pt
* \voffset=0.0pt
* \mag=1000
* \@twocolumnfalse
* \@twosidefalse
* \@mparswitchfalse
* \@reversemarginfalse
* (1in=72.27pt=25.4mm, 1cm=28.453pt)

LaTeX Font Info:    Try loading font information for U+msa on input line 102.
("C:\Program Files (x86)\MiKTeX 2.9\tex\latex\amsfonts\umsa.fd"
File: umsa.fd 2013/01/14 v3.01 AMS symbols A
)
LaTeX Font Info:    Try loading font information for U+msb on input line 102.

("C:\Program Files (x86)\MiKTeX 2.9\tex\latex\amsfonts\umsb.fd"
File: umsb.fd 2013/01/14 v3.01 AMS symbols B
) [1

{C:/ProgramData/MiKTeX/2.9/pdftex/config/pdftex.map}]
(C:\Users\taudiere\Desktop\cati\tutorial\example.finch-cati.toc)
\tf@toc=\write4
 [2]
Package color Info: Redefining color shadecolor on input line 127.
LaTeX Font Info:    Font shape `OT1/cmtt/bx/n' in size <12> not available
(Font)              Font shape `OT1/cmtt/m/n' tried instead on input line 129.
Package color Info: Redefining color shadecolor on input line 141.
 [3]
Package color Info: Redefining color shadecolor on input line 167.

<figure/unnamed-chunk-41.pdf, id=98, 505.89pt x 505.89pt>
File: figure/unnamed-chunk-41.pdf Graphic file (type pdf)

<use figure/unnamed-chunk-41.pdf>
Package pdftex.def Info: figure/unnamed-chunk-41.pdf used on input line 174.
(pdftex.def)             Requested size: 505.88875pt x 505.89645pt.

<figure/unnamed-chunk-42.pdf, id=99, 505.89pt x 505.89pt>
File: figure/unnamed-chunk-42.pdf Graphic file (type pdf)

<use figure/unnamed-chunk-42.pdf>
Package pdftex.def Info: figure/unnamed-chunk-42.pdf used on input line 176.
(pdftex.def)             Requested size: 505.88875pt x 505.89645pt.

<figure/unnamed-chunk-43.pdf, id=100, 505.89pt x 505.89pt> [4 <C:/Users/taudier
e/Desktop/cati/tutorial/figure/unnamed-chunk-41.pdf>]
File: figure/unnamed-chunk-43.pdf Graphic file (type pdf)

<use figure/unnamed-chunk-43.pdf>
Package pdftex.def Info: figure/unnamed-chunk-43.pdf used on input line 178.
(pdftex.def)             Requested size: 505.88875pt x 505.89645pt.
 [5 <C:/Users/taudiere/Desktop/cati/tutorial/figure/unnamed-chunk-42.pdf>] [6 <
C:/Users/taudiere/Desktop/cati/tutorial/figure/unnamed-chunk-43.pdf>]
Package color Info: Redefining color shadecolor on input line 187.

<figure/unnamed-chunk-5.pdf, id=136, 505.89pt x 505.89pt>
File: figure/unnamed-chunk-5.pdf Graphic file (type pdf)

<use figure/unnamed-chunk-5.pdf>
Package pdftex.def Info: figure/unnamed-chunk-5.pdf used on input line 194.
(pdftex.def)             Requested size: 505.88875pt x 505.89645pt.
Package color Info: Redefining color shadecolor on input line 200.

<figure/unnamed-chunk-6.pdf, id=137, 505.89pt x 505.89pt>
File: figure/unnamed-chunk-6.pdf Graphic file (type pdf)

<use figure/unnamed-chunk-6.pdf>
Package pdftex.def Info: figure/unnamed-chunk-6.pdf used on input line 206.
(pdftex.def)             Requested size: 505.88875pt x 505.89645pt.
Package color Info: Redefining color shadecolor on input line 212.
 [7 <C:/Users/taudiere/Desktop/cati/tutorial/figure/unnamed-chunk-5.pdf>]
Overfull \hbox (8.28851pt too wide) in paragraph at lines 214--214
[][]\OT1/cmtt/m/n/12 plot_dens[][](traits.finch,[] []rep[][]([][]"toutes_sp"[][
],[] []times[] []=[] []dim[][](traits.finch)[[][]1[][]]), ind.plot.finch,[][] 
 []

<figure/unnamed-chunk-7.pdf, id=152, 505.89pt x 505.89pt>
File: figure/unnamed-chunk-7.pdf Graphic file (type pdf)

<use figure/unnamed-chunk-7.pdf>
Package pdftex.def Info: figure/unnamed-chunk-7.pdf used on input line 218.
(pdftex.def)             Requested size: 505.88875pt x 505.89645pt.
 [8 <C:/Users/taudiere/Desktop/cati/tutorial/figure/unnamed-chunk-6.pdf>] [9 <C
:/Users/taudiere/Desktop/cati/tutorial/figure/unnamed-chunk-7.pdf>]
Package color Info: Redefining color shadecolor on input line 234.
Package color Info: Redefining color shadecolor on input line 270.
Package color Info: Redefining color shadecolor on input line 297.
 [10]
<figure/unnamed-chunk-10.pdf, id=183, 252.945pt x 252.945pt>
File: figure/unnamed-chunk-10.pdf Graphic file (type pdf)

<use figure/unnamed-chunk-10.pdf>
Package pdftex.def Info: figure/unnamed-chunk-10.pdf used on input line 305.
(pdftex.def)             Requested size: 252.94438pt x 252.94823pt.
Package color Info: Redefining color shadecolor on input line 317.
Package color Info: Redefining color shadecolor on input line 332.

Overfull \hbox (26.81352pt too wide) in paragraph at lines 334--334
[][]\OT1/cmtt/m/n/12 traits.finch.mice.sp[] []<-[] []apply[][]([][]apply[][](tr
aits.finch.mice,[] []2[][], scale),[] []2[][],[] []function[][]([][]x[][])[] []
tapply[][](x,[][] 
 []

LaTeX Font Info:    Try loading font information for OMS+cmtt on input line 340
.
(C:/PROGRA~1/R/R-30~1.3/share/texmf/tex/latex\omscmtt.fd
File: omscmtt.fd 
)
LaTeX Font Info:    Font shape `OMS/cmtt/m/n' in size <12> not available
(Font)              Font shape `OMS/cmsy/m/n' tried instead on input line 340.

Overfull \hbox (57.68854pt too wide) in paragraph at lines 341--341
[]    []\OT1/cmtt/m/n/12 trait.rao.w[[t]][] []<-[] []RaoRel[][]([][]sample[] []
=[] []as.matrix[][](comm.sp),[] []dfunc[] []=[] []dist[][](traits.finch.mice.sp
[,[][] 
 []

Package color Info: Redefining color shadecolor on input line 355.

Overfull \hbox (20.63852pt too wide) in paragraph at lines 357--357
[][]\OT1/cmtt/m/n/12 barplot[][]([][]t[][]([][]cbind[][](witRao.w.bytrait, betR
ao.w.bytrait)),[] []names.arg[] []=[] []colnames[][](traits.finch),[][] 
 []

[11 <C:/Users/taudiere/Desktop/cati/tutorial/figure/unnamed-chunk-10.pdf>]
<figure/unnamed-chunk-13.pdf, id=193, 505.89pt x 505.89pt>
File: figure/unnamed-chunk-13.pdf Graphic file (type pdf)

<use figure/unnamed-chunk-13.pdf>
Package pdftex.def Info: figure/unnamed-chunk-13.pdf used on input line 362.
(pdftex.def)             Requested size: 505.88875pt x 505.89645pt.
Package color Info: Redefining color shadecolor on input line 371.

Overfull \hbox (39.16353pt too wide) in paragraph at lines 373--373
[][]\OT1/cmtt/m/n/12 res.decomp[] []<-[] []decomp_within[][]([][]traits[] []= t
raits.finch,[] []sp[] []= sp.finch,[] []ind.plot[] []= ind.plot.finch,[][] 
 []

<figure/unnamed-chunk-141.pdf, id=194, 252.945pt x 252.945pt>
File: figure/unnamed-chunk-141.pdf Graphic file (type pdf)

<use figure/unnamed-chunk-141.pdf>
Package pdftex.def Info: figure/unnamed-chunk-141.pdf used on input line 380.
(pdftex.def)             Requested size: 252.94438pt x 252.94823pt.
 [12 <C:/Users/taudiere/Desktop/cati/tutorial/figure/unnamed-chunk-13.pdf>]
<figure/unnamed-chunk-142.pdf, id=204, 252.945pt x 252.945pt>
File: figure/unnamed-chunk-142.pdf Graphic file (type pdf)

<use figure/unnamed-chunk-142.pdf>
Package pdftex.def Info: figure/unnamed-chunk-142.pdf used on input line 391.
(pdftex.def)             Requested size: 252.94438pt x 252.94823pt.
 [13 <C:/Users/taudiere/Desktop/cati/tutorial/figure/unnamed-chunk-141.pdf> <C:
/Users/taudiere/Desktop/cati/tutorial/figure/unnamed-chunk-142.pdf>]
Package color Info: Redefining color shadecolor on input line 409.
Package color Info: Redefining color shadecolor on input line 426.

Overfull \hbox (20.63852pt too wide) in paragraph at lines 429--429
[][]\OT1/cmtt/m/n/12 colors[] []<-[] []c[][]([][]rgb[][]([][]102[][],[] []167[]
[],[] []0[][],[] []maxColorValue[] []=[] []255[][]),[] []rgb[][]([][]185[][],[]
 []210[][],[] []0[][],[] []maxColorValue[] []=[] []255[][]),[][] 
 []

<figure/unnamed-chunk-161.pdf, id=221, 252.945pt x 252.945pt>
File: figure/unnamed-chunk-161.pdf Graphic file (type pdf)

<use figure/unnamed-chunk-161.pdf>
Package pdftex.def Info: figure/unnamed-chunk-161.pdf used on input line 436.
(pdftex.def)             Requested size: 252.94438pt x 252.94823pt.

<figure/unnamed-chunk-162.pdf, id=222, 252.945pt x 252.945pt>
File: figure/unnamed-chunk-162.pdf Graphic file (type pdf)

<use figure/unnamed-chunk-162.pdf>
Package pdftex.def Info: figure/unnamed-chunk-162.pdf used on input line 448.
(pdftex.def)             Requested size: 252.94438pt x 252.94823pt.
 [14 <C:/Users/taudiere/Desktop/cati/tutorial/figure/unnamed-chunk-161.pdf>] [1
5 <C:/Users/taudiere/Desktop/cati/tutorial/figure/unnamed-chunk-162.pdf>]
Package color Info: Redefining color shadecolor on input line 464.

<figure/unnamed-chunk-17.pdf, id=242, 505.89pt x 505.89pt>
File: figure/unnamed-chunk-17.pdf Graphic file (type pdf)

<use figure/unnamed-chunk-17.pdf>
Package pdftex.def Info: figure/unnamed-chunk-17.pdf used on input line 469.
(pdftex.def)             Requested size: 505.88875pt x 505.89645pt.
 [16 <C:/Users/taudiere/Desktop/cati/tutorial/figure/unnamed-chunk-17.pdf>]
Package color Info: Redefining color shadecolor on input line 479.

<figure/unnamed-chunk-18.pdf, id=257, 505.89pt x 505.89pt>
File: figure/unnamed-chunk-18.pdf Graphic file (type pdf)

<use figure/unnamed-chunk-18.pdf>
Package pdftex.def Info: figure/unnamed-chunk-18.pdf used on input line 485.
(pdftex.def)             Requested size: 505.88875pt x 505.89645pt.
 [17 <C:/Users/taudiere/Desktop/cati/tutorial/figure/unnamed-chunk-18.pdf>]
Package color Info: Redefining color shadecolor on input line 495.

<figure/unnamed-chunk-191.pdf, id=273, 505.89pt x 505.89pt>
File: figure/unnamed-chunk-191.pdf Graphic file (type pdf)

<use figure/unnamed-chunk-191.pdf>
Package pdftex.def Info: figure/unnamed-chunk-191.pdf used on input line 501.
(pdftex.def)             Requested size: 505.88875pt x 505.89645pt.

<figure/unnamed-chunk-192.pdf, id=274, 505.89pt x 505.89pt>
File: figure/unnamed-chunk-192.pdf Graphic file (type pdf)

<use figure/unnamed-chunk-192.pdf>
Package pdftex.def Info: figure/unnamed-chunk-192.pdf used on input line 507.
(pdftex.def)             Requested size: 505.88875pt x 505.89645pt.
 [18 <C:/Users/taudiere/Desktop/cati/tutorial/figure/unnamed-chunk-191.pdf>]
<figure/unnamed-chunk-193.pdf, id=284, 505.89pt x 505.89pt>
File: figure/unnamed-chunk-193.pdf Graphic file (type pdf)

<use figure/unnamed-chunk-193.pdf>
Package pdftex.def Info: figure/unnamed-chunk-193.pdf used on input line 513.
(pdftex.def)             Requested size: 505.88875pt x 505.89645pt.
 [19 <C:/Users/taudiere/Desktop/cati/tutorial/figure/unnamed-chunk-192.pdf>] [2
0 <C:/Users/taudiere/Desktop/cati/tutorial/figure/unnamed-chunk-193.pdf>]
Package color Info: Redefining color shadecolor on input line 529.
Package color Info: Redefining color shadecolor on input line 550.

<figure/unnamed-chunk-21.pdf, id=304, 433.62pt x 433.62pt>
File: figure/unnamed-chunk-21.pdf Graphic file (type pdf)

<use figure/unnamed-chunk-21.pdf>
Package pdftex.def Info: figure/unnamed-chunk-21.pdf used on input line 556.
(pdftex.def)             Requested size: 433.61894pt x 433.63878pt.
Package color Info: Redefining color shadecolor on input line 565.
 [21 <C:/Users/taudiere/Desktop/cati/tutorial/figure/unnamed-chunk-21.pdf>]
<figure/unnamed-chunk-22.pdf, id=314, 433.62pt x 433.62pt>
File: figure/unnamed-chunk-22.pdf Graphic file (type pdf)

<use figure/unnamed-chunk-22.pdf>
Package pdftex.def Info: figure/unnamed-chunk-22.pdf used on input line 575.
(pdftex.def)             Requested size: 433.61894pt x 433.63878pt.
 [22 <C:/Users/taudiere/Desktop/cati/tutorial/figure/unnamed-chunk-22.pdf>]
Package color Info: Redefining color shadecolor on input line 590.

<figure/unnamed-chunk-23.pdf, id=324, 433.62pt x 433.62pt>
File: figure/unnamed-chunk-23.pdf Graphic file (type pdf)

<use figure/unnamed-chunk-23.pdf>
Package pdftex.def Info: figure/unnamed-chunk-23.pdf used on input line 596.
(pdftex.def)             Requested size: 433.61894pt x 433.63878pt.
Package color Info: Redefining color shadecolor on input line 606.
 [23 <C:/Users/taudiere/Desktop/cati/tutorial/figure/unnamed-chunk-23.pdf>] [24
]
Package color Info: Redefining color shadecolor on input line 639.

<figure/unnamed-chunk-251.pdf, id=338, 505.89pt x 505.89pt>
File: figure/unnamed-chunk-251.pdf Graphic file (type pdf)

<use figure/unnamed-chunk-251.pdf>
Package pdftex.def Info: figure/unnamed-chunk-251.pdf used on input line 647.
(pdftex.def)             Requested size: 505.88875pt x 505.89645pt.

<figure/unnamed-chunk-252.pdf, id=339, 505.89pt x 505.89pt>
File: figure/unnamed-chunk-252.pdf Graphic file (type pdf)

<use figure/unnamed-chunk-252.pdf>
Package pdftex.def Info: figure/unnamed-chunk-252.pdf used on input line 651.
(pdftex.def)             Requested size: 505.88875pt x 505.89645pt.
 [25 <C:/Users/taudiere/Desktop/cati/tutorial/figure/unnamed-chunk-251.pdf>]
<figure/unnamed-chunk-253.pdf, id=351, 505.89pt x 505.89pt>
File: figure/unnamed-chunk-253.pdf Graphic file (type pdf)

<use figure/unnamed-chunk-253.pdf>
Package pdftex.def Info: figure/unnamed-chunk-253.pdf used on input line 655.
(pdftex.def)             Requested size: 505.88875pt x 505.89645pt.
 [26 <C:/Users/taudiere/Desktop/cati/tutorial/figure/unnamed-chunk-252.pdf>]
Package color Info: Redefining color shadecolor on input line 663.

<figure/unnamed-chunk-26.pdf, id=362, 505.89pt x 505.89pt>
File: figure/unnamed-chunk-26.pdf Graphic file (type pdf)

<use figure/unnamed-chunk-26.pdf>
Package pdftex.def Info: figure/unnamed-chunk-26.pdf used on input line 670.
(pdftex.def)             Requested size: 505.88875pt x 505.89645pt.
 [27 <C:/Users/taudiere/Desktop/cati/tutorial/figure/unnamed-chunk-253.pdf>]
Package color Info: Redefining color shadecolor on input line 678.

<figure/unnamed-chunk-27.pdf, id=373, 505.89pt x 505.89pt>
File: figure/unnamed-chunk-27.pdf Graphic file (type pdf)

<use figure/unnamed-chunk-27.pdf>
Package pdftex.def Info: figure/unnamed-chunk-27.pdf used on input line 685.
(pdftex.def)             Requested size: 505.88875pt x 505.89645pt.
 [28 <C:/Users/taudiere/Desktop/cati/tutorial/figure/unnamed-chunk-26.pdf>] [29
 <C:/Users/taudiere/Desktop/cati/tutorial/figure/unnamed-chunk-27.pdf>]
Package color Info: Redefining color shadecolor on input line 700.

Overfull \hbox (32.98853pt too wide) in paragraph at lines 702--702
[][]\OT1/cmtt/m/n/12 funct[] []<-[] []c[][]([][]"mean(x, na.rm=T)"[][],[] []"ku
rtosis(x, na.rm=T)"[][],[] []"max(x, na.rm=T) - min(x, na.rm=T)"[][],[][] 
 []

[30]
Package color Info: Redefining color shadecolor on input line 716.
 <figure/unnamed-chunk-29.pdf, id=396, 505.89pt x 505.89pt>
File: figure/unnamed-chunk-29.pdf Graphic file (type pdf)

<use figure/unnamed-chunk-29.pdf>
Package pdftex.def Info: figure/unnamed-chunk-29.pdf used on input line 724.
(pdftex.def)             Requested size: 505.88875pt x 505.89645pt.
 [31 <C:/Users/taudiere/Desktop/cati/tutorial/figure/unnamed-chunk-29.pdf>]
Package color Info: Redefining color shadecolor on input line 734.

Overfull \hbox (286.16365pt too wide) in paragraph at lines 736--736
[][]\OT1/cmtt/m/n/12 funct[] []<-[] []c[][]([][]"tapply(x, ind.plot.finch, func
tion(x) mean(x, na.rm=T))"[][],[] []"tapply(x, ind.plot.finch, function(x) kurt
osis(x, na.rm=T))"[][],[][] 
 []

Package color Info: Redefining color shadecolor on input line 756.

Overfull \hbox (8.28851pt too wide) in paragraph at lines 766--766
[][]\OT1/cmtt/m/n/12 sites_bypop[] []<-[] []lapply[][]([][]strsplit[][]([][]pas
te[][]([][]rownames[][](traits.by.pop),[] []sep[] []=[] []"_"[][]),[] []split[]
 []=[] []"_"[][]),[][] 
 []


Overfull \hbox (224.41362pt too wide) in paragraph at lines 773--773
[][]\OT1/cmtt/m/n/12 funct.withoutIV[] []<-[] []c[][]([][]"tapply(x, fact, func
tion(x) mean(x, na.rm=T))"[][],[] []"tapply(x, fact, function(x) kurtosis(x, na
.rm=T))"[][],[][] 
 []


Overfull \hbox (137.96358pt too wide) in paragraph at lines 774--774
[]    []\OT1/cmtt/m/n/12 "tapply(x, fact, function(x) max(x, na.rm=T)-min(x, na
.rm=T))"[][],[] []"tapply(x, fact, function(x) CVNND(x))"[][])[][] 
 []


Overfull \hbox (20.63852pt too wide) in paragraph at lines 777--777
[][]\OT1/cmtt/m/n/12 res.finch.withIV[] []<-[] []com.index[][]([][]traits[] []=
 traits.finch,[] []index[] []= funct.withIV,[] []sp[] []= sp.finch,[][] 
 []

[32]
Package color Info: Redefining color shadecolor on input line 793.
 <figure/unnamed-chunk-321.pdf, id=411, 505.89pt x 505.89pt>
File: figure/unnamed-chunk-321.pdf Graphic file (type pdf)

<use figure/unnamed-chunk-321.pdf>
Package pdftex.def Info: figure/unnamed-chunk-321.pdf used on input line 813.
(pdftex.def)             Requested size: 505.88875pt x 505.89645pt.
 [33]
<figure/unnamed-chunk-322.pdf, id=416, 505.89pt x 505.89pt>
File: figure/unnamed-chunk-322.pdf Graphic file (type pdf)

<use figure/unnamed-chunk-322.pdf>
Package pdftex.def Info: figure/unnamed-chunk-322.pdf used on input line 819.
(pdftex.def)             Requested size: 505.88875pt x 505.89645pt.
 [34 <C:/Users/taudiere/Desktop/cati/tutorial/figure/unnamed-chunk-321.pdf>]
Package color Info: Redefining color shadecolor on input line 829.

<figure/unnamed-chunk-331.pdf, id=427, 505.89pt x 505.89pt>
File: figure/unnamed-chunk-331.pdf Graphic file (type pdf)

<use figure/unnamed-chunk-331.pdf>
Package pdftex.def Info: figure/unnamed-chunk-331.pdf used on input line 834.
(pdftex.def)             Requested size: 505.88875pt x 505.89645pt.
 [35 <C:/Users/taudiere/Desktop/cati/tutorial/figure/unnamed-chunk-322.pdf>]
<figure/unnamed-chunk-332.pdf, id=438, 505.89pt x 505.89pt>
File: figure/unnamed-chunk-332.pdf Graphic file (type pdf)

<use figure/unnamed-chunk-332.pdf>
Package pdftex.def Info: figure/unnamed-chunk-332.pdf used on input line 839.
(pdftex.def)             Requested size: 505.88875pt x 505.89645pt.
 [36 <C:/Users/taudiere/Desktop/cati/tutorial/figure/unnamed-chunk-331.pdf>]
<figure/unnamed-chunk-333.pdf, id=448, 505.89pt x 505.89pt>
File: figure/unnamed-chunk-333.pdf Graphic file (type pdf)

<use figure/unnamed-chunk-333.pdf>
Package pdftex.def Info: figure/unnamed-chunk-333.pdf used on input line 844.
(pdftex.def)             Requested size: 505.88875pt x 505.89645pt.
 [37 <C:/Users/taudiere/Desktop/cati/tutorial/figure/unnamed-chunk-332.pdf>]
<figure/unnamed-chunk-334.pdf, id=459, 505.89pt x 505.89pt>
File: figure/unnamed-chunk-334.pdf Graphic file (type pdf)

<use figure/unnamed-chunk-334.pdf>
Package pdftex.def Info: figure/unnamed-chunk-334.pdf used on input line 849.
(pdftex.def)             Requested size: 505.88875pt x 505.89645pt.
 [38 <C:/Users/taudiere/Desktop/cati/tutorial/figure/unnamed-chunk-333.pdf>] [3
9 <C:/Users/taudiere/Desktop/cati/tutorial/figure/unnamed-chunk-334.pdf>]
Package color Info: Redefining color shadecolor on input line 863.
Package color Info: Redefining color shadecolor on input line 879.

Overfull \hbox (57.68854pt too wide) in paragraph at lines 883--883
[]    []\OT1/cmtt/m/n/12 "sum(x, na.rm=T)"[][]),[] []by.factor[] []= n_sp_plot,
[] []nullmodels[] []=[] []c[][]([][]2[][],[] []2[][]),[] []ind.plot[] []= ind.p
lot.finch,[][] 
 []

[40]
Package color Info: Redefining color shadecolor on input line 918.
 <figure/unnamed-chunk-36.pdf, id=482, 505.89pt x 505.89pt>
File: figure/unnamed-chunk-36.pdf Graphic file (type pdf)

<use figure/unnamed-chunk-36.pdf>
Package pdftex.def Info: figure/unnamed-chunk-36.pdf used on input line 925.
(pdftex.def)             Requested size: 505.88875pt x 505.89645pt.
Package color Info: Redefining color shadecolor on input line 933.
 [41 <C:/Users/taudiere/Desktop/cati/tutorial/figure/unnamed-chunk-36.pdf>]
<figure/unnamed-chunk-371.pdf, id=503, 505.89pt x 505.89pt>
File: figure/unnamed-chunk-371.pdf Graphic file (type pdf)

<use figure/unnamed-chunk-371.pdf>
Package pdftex.def Info: figure/unnamed-chunk-371.pdf used on input line 954.
(pdftex.def)             Requested size: 505.88875pt x 505.89645pt.
 [42]
<figure/unnamed-chunk-372.pdf, id=508, 505.89pt x 505.89pt>
File: figure/unnamed-chunk-372.pdf Graphic file (type pdf)

<use figure/unnamed-chunk-372.pdf>
Package pdftex.def Info: figure/unnamed-chunk-372.pdf used on input line 960.
(pdftex.def)             Requested size: 505.88875pt x 505.89645pt.
 [43 <C:/Users/taudiere/Desktop/cati/tutorial/figure/unnamed-chunk-371.pdf>] [4
4 <C:/Users/taudiere/Desktop/cati/tutorial/figure/unnamed-chunk-372.pdf>]
Underfull \vbox (badness 10000) detected at line 1086
 []


Underfull \vbox (badness 10000) detected at line 1086
 []

[45]
Underfull \vbox (badness 10000) detected at line 1086
 []


Underfull \vbox (badness 10000) detected at line 1086
 []

[46]
Package color Info: Redefining color shadecolor on input line 1093.

Overfull \hbox (193.5386pt too wide) in paragraph at lines 1164--1164
[]\OT1/cmtt/m/n/12 ## +     hv_finches_list@HVList[[i]] <- hypervolume(this_spe
cies_log, bandwidth=estimate_bandwidth(this_species_log),[] 
 []


Overfull \hbox (230.58862pt too wide) in paragraph at lines 1164--1164
[]\OT1/cmtt/m/n/12 ## +                                                reps=100
00, quantile=0, name=as.character(species_list[i]), warn=FALSE)[] 
 []


Overfull \hbox (323.21367pt too wide) in paragraph at lines 1164--1164
[]\OT1/cmtt/m/n/12 ## +         this_set = hypervolume_set(hv_finches_list@HVLi
st[[i]], hv_finches_list@HVList[[j]],reduction_factor=0.5, check_memory=FALSE)[
] 
 []


Overfull \hbox (39.16353pt too wide) in paragraph at lines 1164--1164
[]\OT1/cmtt/m/n/12 ## +         # calculate a Sorensen overlap index (2 x share
d volume / sum of |hv1| + |hv2|)[] 
 []


Overfull \hbox (354.08868pt too wide) in paragraph at lines 1164--1164
[]\OT1/cmtt/m/n/12 ## +         overlap[i,j] = 2 * this_set@HVList$Intersection
@Volume / (hv_finches_list@HVList[[i]]@Volume + hv_finches_list@HVList[[j]]@Vol
ume)[] 
 []


Overfull \hbox (63.86354pt too wide) in paragraph at lines 1164--1164
[]\OT1/cmtt/m/n/12 ## +   # show pairwise overlaps - note that actually very fe
w species overlap in nine dimensions[] 
 []


Overfull \hbox (82.38855pt too wide) in paragraph at lines 1164--1164
[]\OT1/cmtt/m/n/12 ## +   image(x=1:nrow(overlap), y=1:nrow(overlap), z=overlap
,axes=F,xlab=,ylab=,col=rainbow(5))[] 
 []


Overfull \hbox (94.73856pt too wide) in paragraph at lines 1164--1164
[]\OT1/cmtt/m/n/12 ## +   axis(side=1, at=1:(length(dimnames(overlap)[[1]])),di
mnames(overlap)[[1]],las=2,cex.axis=0.75)[] 
 []


Overfull \hbox (94.73856pt too wide) in paragraph at lines 1164--1164
[]\OT1/cmtt/m/n/12 ## +   axis(side=2, at=1:(length(dimnames(overlap)[[2]])),di
mnames(overlap)[[2]],las=1,cex.axis=0.75)[] 
 []

[47]
Package color Info: Redefining color shadecolor on input line 1173.

Overfull \hbox (631.78883pt too wide) in paragraph at lines 1175--1175
[][]\OT1/cmtt/m/n/12 hv.1[] []<-[] []com.index.multi[][](traits.finch.mice,[] [
]index[] []=[] []c[][]([][]"as.numeric(try(hypervolume(na.omit(x), reps=100, \O
MS/cmsy/m/n/12 n\OT1/cmtt/m/n/12 n                                  bandwidth=0
.2, verbose=F, warnings=F)@Volume))"[][]),[][] 
 []


Overfull \hbox (32.98853pt too wide) in paragraph at lines 1176--1176
[]    []\OT1/cmtt/m/n/12 by.factor[] []=[] []rep[][]([][]1[][],[] []length[][](
n_sp_plot)),[] []nullmodels[] []=[] []c[][]([][]2[][],[] []2[][]),[] []ind.plot
[] []= ind.plot.finch,[][] 
 []


Overfull \hbox (372.6137pt too wide) in paragraph at lines 1189--1189
[]\OT1/cmtt/m/n/12 ## [1] "as.numeric(try(hypervolume(na.omit(x), reps=100, \n 
                                 bandwidth=0.2, verbose=F, warnings=F)@Volume))
 100 %"[] 
 []


Overfull \hbox (631.78883pt too wide) in paragraph at lines 1191--1191
[][]\OT1/cmtt/m/n/12 hv.2[] []<-[] []com.index.multi[][](traits.finch.mice,[] [
]index[] []=[] []c[][]([][]"as.numeric(try(hypervolume(na.omit(x), reps=100, \O
MS/cmsy/m/n/12 n\OT1/cmtt/m/n/12 n                                  bandwidth=0
.2, verbose=F, warnings=F)@Volume))"[][]),[][] 
 []


Overfull \hbox (372.6137pt too wide) in paragraph at lines 1205--1205
[]\OT1/cmtt/m/n/12 ## [1] "as.numeric(try(hypervolume(na.omit(x), reps=100, \n 
                                 bandwidth=0.2, verbose=F, warnings=F)@Volume))
 100 %"[] 
 []


Overfull \hbox (625.61383pt too wide) in paragraph at lines 1207--1207
[][]\OT1/cmtt/m/n/12 hv.3[] []<-[] []com.index.multi[][](traits.finch.mice,[] [
]index[] []=[] []c[][]([][]"as.numeric(try(hypervolume(na.omit(x), reps=100,\OM
S/cmsy/m/n/12 n\OT1/cmtt/m/n/12 n                                  bandwidth=0.
2, verbose=F, warnings=F)@Volume))"[][]),[][] 
 []


Overfull \hbox (366.43869pt too wide) in paragraph at lines 1221--1221
[]\OT1/cmtt/m/n/12 ## [1] "as.numeric(try(hypervolume(na.omit(x), reps=100,\n  
                                bandwidth=0.2, verbose=F, warnings=F)@Volume)) 
100 %"[] 
 []


Overfull \hbox (631.78883pt too wide) in paragraph at lines 1223--1223
[][]\OT1/cmtt/m/n/12 hv.4[] []<-[] []com.index.multi[][](traits.finch.mice,[] [
]index[] []=[] []c[][]([][]"as.numeric(try(hypervolume(na.omit(x), reps=100, \O
MS/cmsy/m/n/12 n\OT1/cmtt/m/n/12 n                                  bandwidth=0
.2, verbose=F, warnings=F)@Volume))"[][]),[][] 
 []


Overfull \hbox (372.6137pt too wide) in paragraph at lines 1237--1237
[]\OT1/cmtt/m/n/12 ## [1] "as.numeric(try(hypervolume(na.omit(x), reps=100, \n 
                                 bandwidth=0.2, verbose=F, warnings=F)@Volume))
 100 %"[] 
 []

[48] [49]
Package color Info: Redefining color shadecolor on input line 1248.
 <figure/unnamed-chunk-401.pdf, id=590, 289.08pt x 289.08pt>
File: figure/unnamed-chunk-401.pdf Graphic file (type pdf)

<use figure/unnamed-chunk-401.pdf>
Package pdftex.def Info: figure/unnamed-chunk-401.pdf used on input line 1253.
(pdftex.def)             Requested size: 289.07928pt x 289.09251pt.

<figure/unnamed-chunk-402.pdf, id=591, 289.08pt x 289.08pt>
File: figure/unnamed-chunk-402.pdf Graphic file (type pdf)

<use figure/unnamed-chunk-402.pdf>
Package pdftex.def Info: figure/unnamed-chunk-402.pdf used on input line 1258.
(pdftex.def)             Requested size: 289.07928pt x 289.09251pt.
Package color Info: Redefining color shadecolor on input line 1268.
 [50 <C:/Users/taudiere/Desktop/cati/tutorial/figure/unnamed-chunk-401.pdf> <C:
/Users/taudiere/Desktop/cati/tutorial/figure/unnamed-chunk-402.pdf>]
Package color Info: Redefining color shadecolor on input line 1283.

Overfull \hbox (107.08856pt too wide) in paragraph at lines 1285--1285
[][]\OT1/cmtt/m/n/12 levelplot[][]([][]t[][]([][]rbind[][](res.finch[][]$[][]pv
al[][]$[][]T_IP.IC.inf, res.finch[][]$[][]pval[][]$[][]T_IC.IR.inf, res.finch[]
[]$[][]pval[][]$[][]T_PC.PR.inf)),[][] 
 []

File: figure/unnamed-chunk-42.pdf Graphic file (type pdf)
<use figure/unnamed-chunk-42.pdf>
Package pdftex.def Info: figure/unnamed-chunk-42.pdf used on input line 1289.
(pdftex.def)             Requested size: 505.88875pt x 505.89645pt.
Package color Info: Redefining color shadecolor on input line 1296.
 [51]
<figure/unnamed-chunk-431.pdf, id=610, 505.89pt x 505.89pt>
File: figure/unnamed-chunk-431.pdf Graphic file (type pdf)

<use figure/unnamed-chunk-431.pdf>
Package pdftex.def Info: figure/unnamed-chunk-431.pdf used on input line 1302.
(pdftex.def)             Requested size: 505.88875pt x 505.89645pt.

Overfull \hbox (45.33853pt too wide) in paragraph at lines 1304--1304
[][]\OT1/cmtt/m/n/12 levelplot[][]([][]cbind[][]([][]t[][]([][]ses[][](res.finc
h[][]$[][]T_IP.IC, res.finch[][]$[][]T_IP.IC_nm)[][]$[][]ses),[] []t[][]([][]se
s[][](res.finch[][]$[][]T_IC.IR,[][] 
 []

<figure/unnamed-chunk-432.pdf, id=611, 505.89pt x 505.89pt>
File: figure/unnamed-chunk-432.pdf Graphic file (type pdf)

<use figure/unnamed-chunk-432.pdf>
Package pdftex.def Info: figure/unnamed-chunk-432.pdf used on input line 1309.
(pdftex.def)             Requested size: 505.88875pt x 505.89645pt.
 [52 <C:/Users/taudiere/Desktop/cati/tutorial/figure/unnamed-chunk-431.pdf>]
Package color Info: Redefining color shadecolor on input line 1317.

Overfull \hbox (57.68854pt too wide) in paragraph at lines 1321--1321
[][]\OT1/cmtt/m/n/12 levelplot[][]([][]t[][]([][]rbind[][](ses.list[[[][]1[][]]
][][]$[][]ses, ses.list[[[][]2[][]]][][]$[][]ses, ses.list[[[][]3[][]]][][]$[][
]ses, ses.list[[[][]4[][]]][][]$[][]ses)),[][] 
 []

<figure/unnamed-chunk-441.pdf, id=621, 505.89pt x 505.89pt>
File: figure/unnamed-chunk-441.pdf Graphic file (type pdf)

<use figure/unnamed-chunk-441.pdf>
Package pdftex.def Info: figure/unnamed-chunk-441.pdf used on input line 1325.
(pdftex.def)             Requested size: 505.88875pt x 505.89645pt.
 [53 <C:/Users/taudiere/Desktop/cati/tutorial/figure/unnamed-chunk-432.pdf>]
Overfull \hbox (20.63852pt too wide) in paragraph at lines 1328--1328
[]    []\OT1/cmtt/m/n/12 ses.list[[[][]2[][]]][][]$[][]ses.sup, ses.list[[[][]3
[][]]][][]$[][]ses[] []>[] []ses.list[[[][]3[][]]][][]$[][]ses.sup, ses.list[[[
][]4[][]]][][]$[][]ses[] []>[][] 
 []


Overfull \hbox (32.98853pt too wide) in paragraph at lines 1329--1329
[]    []\OT1/cmtt/m/n/12 ses.list[[[][]4[][]]][][]$[][]ses.sup)),[] []colorkey[
] []= my.ckey,[] []par.settings[] []= my.theme,[] []border[] []=[] []"black"[][
])[][] 
 []

<figure/unnamed-chunk-442.pdf, id=631, 505.89pt x 505.89pt>
File: figure/unnamed-chunk-442.pdf Graphic file (type pdf)

<use figure/unnamed-chunk-442.pdf>
Package pdftex.def Info: figure/unnamed-chunk-442.pdf used on input line 1332.
(pdftex.def)             Requested size: 505.88875pt x 505.89645pt.
Package color Info: Redefining color shadecolor on input line 1339.
 [54 <C:/Users/taudiere/Desktop/cati/tutorial/figure/unnamed-chunk-441.pdf>]
Overfull \hbox (20.63852pt too wide) in paragraph at lines 1342--1342
[]    []\OT1/cmtt/m/n/12 ses.list[[[][]2[][]]][][]$[][]ses.sup, ses.list[[[][]3
[][]]][][]$[][]ses[] []>[] []ses.list[[[][]3[][]]][][]$[][]ses.sup, ses.list[[[
][]4[][]]][][]$[][]ses[] []>[][] 
 []


Overfull \hbox (20.63852pt too wide) in paragraph at lines 1346--1346
[]    []\OT1/cmtt/m/n/12 ses.list[[[][]6[][]]][][]$[][]ses.sup, ses.list[[[][]7
[][]]][][]$[][]ses[] []>[] []ses.list[[[][]7[][]]][][]$[][]ses.sup, ses.list[[[
][]8[][]]][][]$[][]ses[] []>[][] 
 []


Overfull \hbox (32.98853pt too wide) in paragraph at lines 1349--1349
[][]\OT1/cmtt/m/n/12 levelplot[][]([][]rbind[][](obj1, obj2),[] []colorkey[] []
= my.ckey,[] []par.settings[] []= my.theme,[] []border[] []=[] []"black"[][])[]
[] 
 []

<figure/unnamed-chunk-451.pdf, id=641, 505.89pt x 505.89pt>
File: figure/unnamed-chunk-451.pdf Graphic file (type pdf)

<use figure/unnamed-chunk-451.pdf>
Package pdftex.def Info: figure/unnamed-chunk-451.pdf used on input line 1352.
(pdftex.def)             Requested size: 505.88875pt x 505.89645pt.
 [55 <C:/Users/taudiere/Desktop/cati/tutorial/figure/unnamed-chunk-442.pdf>]
<figure/unnamed-chunk-452.pdf, id=652, 505.89pt x 505.89pt>
File: figure/unnamed-chunk-452.pdf Graphic file (type pdf)

<use figure/unnamed-chunk-452.pdf>
Package pdftex.def Info: figure/unnamed-chunk-452.pdf used on input line 1364.
(pdftex.def)             Requested size: 505.88875pt x 505.89645pt.
Package color Info: Redefining color shadecolor on input line 1372.
 [56 <C:/Users/taudiere/Desktop/cati/tutorial/figure/unnamed-chunk-451.pdf>]
Overfull \hbox (82.38855pt too wide) in paragraph at lines 1376--1376
[][]\OT1/cmtt/m/n/12 ses.list.multi[[[][]1[][]]][] []<-[] []lapply[][](ses.list
.multi[[[][]1[][]]],[] []function[][]([][]x[][]) x[[][]![][]is.na[][](ses.list.
multi[[[][]1[][]]][[[][]2[][]]])])[][] 
 []


Overfull \hbox (82.38855pt too wide) in paragraph at lines 1377--1377
[][]\OT1/cmtt/m/n/12 ses.list.multi[[[][]2[][]]][] []<-[] []lapply[][](ses.list
.multi[[[][]2[][]]],[] []function[][]([][]x[][]) x[[][]![][]is.na[][](ses.list.
multi[[[][]2[][]]][[[][]2[][]]])])[][] 
 []


Overfull \hbox (82.38855pt too wide) in paragraph at lines 1378--1378
[][]\OT1/cmtt/m/n/12 ses.list.multi[[[][]3[][]]][] []<-[] []lapply[][](ses.list
.multi[[[][]3[][]]],[] []function[][]([][]x[][]) x[[][]![][]is.na[][](ses.list.
multi[[[][]3[][]]][[[][]2[][]]])])[][] 
 []


Overfull \hbox (45.33853pt too wide) in paragraph at lines 1380--1380
[][]\OT1/cmtt/m/n/12 levelplot[][]([][]t[][]([][]as.matrix[][](ses.list.multi[[
[][]1[][]]][][]$[][]ses)),[] []colorkey[] []= my.ckey,[] []par.settings[] []= m
y.theme,[][] 
 []

<figure/unnamed-chunk-461.pdf, id=662, 433.62pt x 144.54pt>
File: figure/unnamed-chunk-461.pdf Graphic file (type pdf)

<use figure/unnamed-chunk-461.pdf>
Package pdftex.def Info: figure/unnamed-chunk-461.pdf used on input line 1384.
(pdftex.def)             Requested size: 433.61894pt x 144.54623pt.
 [57 <C:/Users/taudiere/Desktop/cati/tutorial/figure/unnamed-chunk-452.pdf>]
Overfull \hbox (45.33853pt too wide) in paragraph at lines 1386--1386
[][]\OT1/cmtt/m/n/12 levelplot[][]([][]t[][]([][]as.matrix[][](ses.list.multi[[
[][]2[][]]][][]$[][]ses)),[] []colorkey[] []= my.ckey,[] []par.settings[] []= m
y.theme,[][] 
 []

<figure/unnamed-chunk-462.pdf, id=672, 433.62pt x 144.54pt>
File: figure/unnamed-chunk-462.pdf Graphic file (type pdf)

<use figure/unnamed-chunk-462.pdf>
Package pdftex.def Info: figure/unnamed-chunk-462.pdf used on input line 1390.
(pdftex.def)             Requested size: 433.61894pt x 144.54623pt.

Overfull \hbox (45.33853pt too wide) in paragraph at lines 1392--1392
[][]\OT1/cmtt/m/n/12 levelplot[][]([][]t[][]([][]as.matrix[][](ses.list.multi[[
[][]3[][]]][][]$[][]ses)),[] []colorkey[] []= my.ckey,[] []par.settings[] []= m
y.theme,[][] 
 []

<figure/unnamed-chunk-463.pdf, id=673, 433.62pt x 144.54pt>
File: figure/unnamed-chunk-463.pdf Graphic file (type pdf)

<use figure/unnamed-chunk-463.pdf>
Package pdftex.def Info: figure/unnamed-chunk-463.pdf used on input line 1396.
(pdftex.def)             Requested size: 433.61894pt x 144.54623pt.
Package color Info: Redefining color shadecolor on input line 1404.

Overfull \hbox (63.86354pt too wide) in paragraph at lines 1409--1409
[][]\OT1/cmtt/m/n/12 matfordudi[] []<-[] []matrix[][]([][]nrow[] []=[] []length
[][]([][]colMeans[][](ses.list[[i]][][]$[][]ses)),[] []ncol[] []=[] []length[][
]([][]names[][](ses.list)))[][] 
 []


Overfull \hbox (76.21355pt too wide) in paragraph at lines 1431--1431
[][]\OT1/cmtt/m/n/12 matfordudi2[] []<-[] []matrix[][]([][]nrow[] []=[] []lengt
h[][]([][]as.vector[][](ses.list[[[][]1[][]]][][]$[][]ses)),[] []ncol[] []=[] [
]length[][]([][]names[][](ses.list)))[][] 
 []


Underfull \hbox (badness 10000) in paragraph at lines 1441--1441
[]\OT1/cmtt/m/n/12 ## Error: erreur d'evaluation de l'argument 'x' lors de la 
selection d'une methode
 []

[58 <C:/Users/taudiere/Desktop/cati/tutorial/figure/unnamed-chunk-461.pdf> <C:/
Users/taudiere/Desktop/cati/tutorial/figure/unnamed-chunk-462.pdf> <C:/Users/ta
udiere/Desktop/cati/tutorial/figure/unnamed-chunk-463.pdf>]
<figure/unnamed-chunk-471.pdf, id=693, 505.89pt x 505.89pt>
File: figure/unnamed-chunk-471.pdf Graphic file (type pdf)

<use figure/unnamed-chunk-471.pdf>
Package pdftex.def Info: figure/unnamed-chunk-471.pdf used on input line 1456.
(pdftex.def)             Requested size: 505.88875pt x 505.89645pt.
 [59]
<figure/unnamed-chunk-472.pdf, id=698, 505.89pt x 505.89pt>
File: figure/unnamed-chunk-472.pdf Graphic file (type pdf)

<use figure/unnamed-chunk-472.pdf>
Package pdftex.def Info: figure/unnamed-chunk-472.pdf used on input line 1461.
(pdftex.def)             Requested size: 505.88875pt x 505.89645pt.
 [60 <C:/Users/taudiere/Desktop/cati/tutorial/figure/unnamed-chunk-471.pdf>]
<figure/unnamed-chunk-473.pdf, id=708, 505.89pt x 505.89pt>
File: figure/unnamed-chunk-473.pdf Graphic file (type pdf)

<use figure/unnamed-chunk-473.pdf>
Package pdftex.def Info: figure/unnamed-chunk-473.pdf used on input line 1467.
(pdftex.def)             Requested size: 505.88875pt x 505.89645pt.
 [61 <C:/Users/taudiere/Desktop/cati/tutorial/figure/unnamed-chunk-472.pdf>]
<figure/unnamed-chunk-474.pdf, id=719, 505.89pt x 505.89pt>
File: figure/unnamed-chunk-474.pdf Graphic file (type pdf)

<use figure/unnamed-chunk-474.pdf>
Package pdftex.def Info: figure/unnamed-chunk-474.pdf used on input line 1473.
(pdftex.def)             Requested size: 505.88875pt x 505.89645pt.
Package atveryend Info: Empty hook `BeforeClearDocument' on input line 1478.
 [62 <C:/Users/taudiere/Desktop/cati/tutorial/figure/unnamed-chunk-473.pdf>] [6
3 <C:/Users/taudiere/Desktop/cati/tutorial/figure/unnamed-chunk-474.pdf>]
Package atveryend Info: Empty hook `AfterLastShipout' on input line 1478.

(C:\Users\taudiere\Desktop\cati\tutorial\example.finch-cati.aux)
Package atveryend Info: Executing hook `AtVeryEndDocument' on input line 1478.
Package atveryend Info: Executing hook `AtEndAfterFileList' on input line 1478.

Package rerunfilecheck Info: File `example.finch-cati.out' has not changed.
(rerunfilecheck)             Checksum: 554B0BDBA6C60995705ED2157349551B;1080.
Package atveryend Info: Empty hook `AtVeryVeryEnd' on input line 1478.
 ) 
Here is how much of TeX's memory you used:
 6708 strings out of 493921
 100653 string characters out of 3144867
 192106 words of memory out of 3000000
 9764 multiletter control sequences out of 15000+200000
 20686 words of font info for 77 fonts, out of 3000000 for 9000
 841 hyphenation exceptions out of 8191
 33i,6n,32p,1489b,427s stack positions out of 5000i,500n,10000p,200000b,50000s
<C:/Program Files (x86)/MiKTeX 2.9/fonts/type1/public/amsfonts/cm/cmbx10.pfb>
<C:/Program Files (x86)/MiKTeX 2.9/fonts/type1/public/amsfonts/cm/cmbx12.pfb><C
:/Program Files (x86)/MiKTeX 2.9/fonts/type1/public/amsfonts/cm/cmitt10.pfb><C:
/Program Files (x86)/MiKTeX 2.9/fonts/type1/public/amsfonts/cm/cmr10.pfb><C:/Pr
ogram Files (x86)/MiKTeX 2.9/fonts/type1/public/amsfonts/cm/cmr12.pfb><C:/Progr
am Files (x86)/MiKTeX 2.9/fonts/type1/public/amsfonts/cm/cmr17.pfb><C:/Program 
Files (x86)/MiKTeX 2.9/fonts/type1/public/amsfonts/cm/cmsy10.pfb><C:/Program Fi
les (x86)/MiKTeX 2.9/fonts/type1/public/amsfonts/cm/cmsy7.pfb><C:/Program Files
 (x86)/MiKTeX 2.9/fonts/type1/public/amsfonts/cm/cmti10.pfb><C:/Program Files (
x86)/MiKTeX 2.9/fonts/type1/public/amsfonts/cm/cmtt10.pfb><C:/Program Files (x8
6)/MiKTeX 2.9/fonts/type1/public/amsfonts/cm/cmtt12.pfb>
Output written on example.finch-cati.pdf (63 pages, 8369114 bytes).
PDF statistics:
 795 PDF objects out of 1000 (max. 8388607)
 79 named destinations out of 1000 (max. 500000)
 363 words of extra memory for PDF output out of 10000 (max. 10000000)

