This is pdfTeX, Version 3.1415926-2.5-1.40.14 (TeX Live 2013/Debian) (format=pdflatex 2015.2.6)  19 FEB 2015 22:48
entering extended mode
 restricted \write18 enabled.
 %&-line parsing enabled.
**vignette.tex
(./vignette.tex
LaTeX2e <2011/06/27>
Babel <3.9h> and hyphenation patterns for 78 languages loaded.
(/usr/share/texlive/texmf-dist/tex/latex/base/article.cls
Document Class: article 2007/10/19 v1.4h Standard LaTeX document class
(/usr/share/texlive/texmf-dist/tex/latex/base/size12.clo
File: size12.clo 2007/10/19 v1.4h Standard LaTeX file (size option)
)
\c@part=\count79
\c@section=\count80
\c@subsection=\count81
\c@subsubsection=\count82
\c@paragraph=\count83
\c@subparagraph=\count84
\c@figure=\count85
\c@table=\count86
\abovecaptionskip=\skip41
\belowcaptionskip=\skip42
\bibindent=\dimen102
)
(/usr/share/texlive/texmf-dist/tex/latex/graphics/graphicx.sty
Package: graphicx 1999/02/16 v1.0f Enhanced LaTeX Graphics (DPC,SPQR)

(/usr/share/texlive/texmf-dist/tex/latex/graphics/keyval.sty
Package: keyval 1999/03/16 v1.13 key=value parser (DPC)
\KV@toks@=\toks14
)
(/usr/share/texlive/texmf-dist/tex/latex/graphics/graphics.sty
Package: graphics 2009/02/05 v1.0o Standard LaTeX Graphics (DPC,SPQR)

(/usr/share/texlive/texmf-dist/tex/latex/graphics/trig.sty
Package: trig 1999/03/16 v1.09 sin cos tan (DPC)
)
(/usr/share/texlive/texmf-dist/tex/latex/latexconfig/graphics.cfg
File: graphics.cfg 2010/04/23 v1.9 graphics configuration of TeX Live
)
Package graphics Info: Driver file: pdftex.def on input line 91.

(/usr/share/texlive/texmf-dist/tex/latex/pdftex-def/pdftex.def
File: pdftex.def 2011/05/27 v0.06d Graphics/color for pdfTeX

(/usr/share/texlive/texmf-dist/tex/generic/oberdiek/infwarerr.sty
Package: infwarerr 2010/04/08 v1.3 Providing info/warning/error messages (HO)
)
(/usr/share/texlive/texmf-dist/tex/generic/oberdiek/ltxcmds.sty
Package: ltxcmds 2011/11/09 v1.22 LaTeX kernel commands for general use (HO)
)
\Gread@gobject=\count87
))
\Gin@req@height=\dimen103
\Gin@req@width=\dimen104
)
(/usr/share/texlive/texmf-dist/tex/latex/graphics/color.sty
Package: color 2005/11/14 v1.0j Standard LaTeX Color (DPC)

(/usr/share/texlive/texmf-dist/tex/latex/latexconfig/color.cfg
File: color.cfg 2007/01/18 v1.5 color configuration of teTeX/TeXLive
)
Package color Info: Driver file: pdftex.def on input line 130.
)
(/usr/share/texlive/texmf-dist/tex/latex/framed/framed.sty
Package: framed 2011/10/22 v 0.96: framed or shaded text with page breaks
\OuterFrameSep=\skip43
\fb@frw=\dimen105
\fb@frh=\dimen106
\FrameRule=\dimen107
\FrameSep=\dimen108
)
(/usr/share/texlive/texmf-dist/tex/latex/base/alltt.sty
Package: alltt 1997/06/16 v2.0g defines alltt environment
)
(/usr/share/texlive/texmf-dist/tex/latex/base/inputenc.sty
Package: inputenc 2008/03/30 v1.1d Input encoding file
\inpenc@prehook=\toks15
\inpenc@posthook=\toks16

(/usr/share/texlive/texmf-dist/tex/latex/base/utf8.def
File: utf8.def 2008/04/05 v1.1m UTF-8 support for inputenc
Now handling font encoding OML ...
... no UTF-8 mapping file for font encoding OML
Now handling font encoding T1 ...
... processing UTF-8 mapping file for font encoding T1

(/usr/share/texlive/texmf-dist/tex/latex/base/t1enc.dfu
File: t1enc.dfu 2008/04/05 v1.1m UTF-8 support for inputenc
   defining Unicode char U+00A1 (decimal 161)
   defining Unicode char U+00A3 (decimal 163)
   defining Unicode char U+00AB (decimal 171)
   defining Unicode char U+00BB (decimal 187)
   defining Unicode char U+00BF (decimal 191)
   defining Unicode char U+00C0 (decimal 192)
   defining Unicode char U+00C1 (decimal 193)
   defining Unicode char U+00C2 (decimal 194)
   defining Unicode char U+00C3 (decimal 195)
   defining Unicode char U+00C4 (decimal 196)
   defining Unicode char U+00C5 (decimal 197)
   defining Unicode char U+00C6 (decimal 198)
   defining Unicode char U+00C7 (decimal 199)
   defining Unicode char U+00C8 (decimal 200)
   defining Unicode char U+00C9 (decimal 201)
   defining Unicode char U+00CA (decimal 202)
   defining Unicode char U+00CB (decimal 203)
   defining Unicode char U+00CC (decimal 204)
   defining Unicode char U+00CD (decimal 205)
   defining Unicode char U+00CE (decimal 206)
   defining Unicode char U+00CF (decimal 207)
   defining Unicode char U+00D0 (decimal 208)
   defining Unicode char U+00D1 (decimal 209)
   defining Unicode char U+00D2 (decimal 210)
   defining Unicode char U+00D3 (decimal 211)
   defining Unicode char U+00D4 (decimal 212)
   defining Unicode char U+00D5 (decimal 213)
   defining Unicode char U+00D6 (decimal 214)
   defining Unicode char U+00D8 (decimal 216)
   defining Unicode char U+00D9 (decimal 217)
   defining Unicode char U+00DA (decimal 218)
   defining Unicode char U+00DB (decimal 219)
   defining Unicode char U+00DC (decimal 220)
   defining Unicode char U+00DD (decimal 221)
   defining Unicode char U+00DE (decimal 222)
   defining Unicode char U+00DF (decimal 223)
   defining Unicode char U+00E0 (decimal 224)
   defining Unicode char U+00E1 (decimal 225)
   defining Unicode char U+00E2 (decimal 226)
   defining Unicode char U+00E3 (decimal 227)
   defining Unicode char U+00E4 (decimal 228)
   defining Unicode char U+00E5 (decimal 229)
   defining Unicode char U+00E6 (decimal 230)
   defining Unicode char U+00E7 (decimal 231)
   defining Unicode char U+00E8 (decimal 232)
   defining Unicode char U+00E9 (decimal 233)
   defining Unicode char U+00EA (decimal 234)
   defining Unicode char U+00EB (decimal 235)
   defining Unicode char U+00EC (decimal 236)
   defining Unicode char U+00ED (decimal 237)
   defining Unicode char U+00EE (decimal 238)
   defining Unicode char U+00EF (decimal 239)
   defining Unicode char U+00F0 (decimal 240)
   defining Unicode char U+00F1 (decimal 241)
   defining Unicode char U+00F2 (decimal 242)
   defining Unicode char U+00F3 (decimal 243)
   defining Unicode char U+00F4 (decimal 244)
   defining Unicode char U+00F5 (decimal 245)
   defining Unicode char U+00F6 (decimal 246)
   defining Unicode char U+00F8 (decimal 248)
   defining Unicode char U+00F9 (decimal 249)
   defining Unicode char U+00FA (decimal 250)
   defining Unicode char U+00FB (decimal 251)
   defining Unicode char U+00FC (decimal 252)
   defining Unicode char U+00FD (decimal 253)
   defining Unicode char U+00FE (decimal 254)
   defining Unicode char U+00FF (decimal 255)
   defining Unicode char U+0102 (decimal 258)
   defining Unicode char U+0103 (decimal 259)
   defining Unicode char U+0104 (decimal 260)
   defining Unicode char U+0105 (decimal 261)
   defining Unicode char U+0106 (decimal 262)
   defining Unicode char U+0107 (decimal 263)
   defining Unicode char U+010C (decimal 268)
   defining Unicode char U+010D (decimal 269)
   defining Unicode char U+010E (decimal 270)
   defining Unicode char U+010F (decimal 271)
   defining Unicode char U+0110 (decimal 272)
   defining Unicode char U+0111 (decimal 273)
   defining Unicode char U+0118 (decimal 280)
   defining Unicode char U+0119 (decimal 281)
   defining Unicode char U+011A (decimal 282)
   defining Unicode char U+011B (decimal 283)
   defining Unicode char U+011E (decimal 286)
   defining Unicode char U+011F (decimal 287)
   defining Unicode char U+0130 (decimal 304)
   defining Unicode char U+0131 (decimal 305)
   defining Unicode char U+0132 (decimal 306)
   defining Unicode char U+0133 (decimal 307)
   defining Unicode char U+0139 (decimal 313)
   defining Unicode char U+013A (decimal 314)
   defining Unicode char U+013D (decimal 317)
   defining Unicode char U+013E (decimal 318)
   defining Unicode char U+0141 (decimal 321)
   defining Unicode char U+0142 (decimal 322)
   defining Unicode char U+0143 (decimal 323)
   defining Unicode char U+0144 (decimal 324)
   defining Unicode char U+0147 (decimal 327)
   defining Unicode char U+0148 (decimal 328)
   defining Unicode char U+014A (decimal 330)
   defining Unicode char U+014B (decimal 331)
   defining Unicode char U+0150 (decimal 336)
   defining Unicode char U+0151 (decimal 337)
   defining Unicode char U+0152 (decimal 338)
   defining Unicode char U+0153 (decimal 339)
   defining Unicode char U+0154 (decimal 340)
   defining Unicode char U+0155 (decimal 341)
   defining Unicode char U+0158 (decimal 344)
   defining Unicode char U+0159 (decimal 345)
   defining Unicode char U+015A (decimal 346)
   defining Unicode char U+015B (decimal 347)
   defining Unicode char U+015E (decimal 350)
   defining Unicode char U+015F (decimal 351)
   defining Unicode char U+0160 (decimal 352)
   defining Unicode char U+0161 (decimal 353)
   defining Unicode char U+0162 (decimal 354)
   defining Unicode char U+0163 (decimal 355)
   defining Unicode char U+0164 (decimal 356)
   defining Unicode char U+0165 (decimal 357)
   defining Unicode char U+016E (decimal 366)
   defining Unicode char U+016F (decimal 367)
   defining Unicode char U+0170 (decimal 368)
   defining Unicode char U+0171 (decimal 369)
   defining Unicode char U+0178 (decimal 376)
   defining Unicode char U+0179 (decimal 377)
   defining Unicode char U+017A (decimal 378)
   defining Unicode char U+017B (decimal 379)
   defining Unicode char U+017C (decimal 380)
   defining Unicode char U+017D (decimal 381)
   defining Unicode char U+017E (decimal 382)
   defining Unicode char U+200C (decimal 8204)
   defining Unicode char U+2013 (decimal 8211)
   defining Unicode char U+2014 (decimal 8212)
   defining Unicode char U+2018 (decimal 8216)
   defining Unicode char U+2019 (decimal 8217)
   defining Unicode char U+201A (decimal 8218)
   defining Unicode char U+201C (decimal 8220)
   defining Unicode char U+201D (decimal 8221)
   defining Unicode char U+201E (decimal 8222)
   defining Unicode char U+2030 (decimal 8240)
   defining Unicode char U+2031 (decimal 8241)
   defining Unicode char U+2039 (decimal 8249)
   defining Unicode char U+203A (decimal 8250)
   defining Unicode char U+2423 (decimal 9251)
)
Now handling font encoding OT1 ...
... processing UTF-8 mapping file for font encoding OT1

(/usr/share/texlive/texmf-dist/tex/latex/base/ot1enc.dfu
File: ot1enc.dfu 2008/04/05 v1.1m UTF-8 support for inputenc
   defining Unicode char U+00A1 (decimal 161)
   defining Unicode char U+00A3 (decimal 163)
   defining Unicode char U+00B8 (decimal 184)
   defining Unicode char U+00BF (decimal 191)
   defining Unicode char U+00C5 (decimal 197)
   defining Unicode char U+00C6 (decimal 198)
   defining Unicode char U+00D8 (decimal 216)
   defining Unicode char U+00DF (decimal 223)
   defining Unicode char U+00E6 (decimal 230)
   defining Unicode char U+00EC (decimal 236)
   defining Unicode char U+00ED (decimal 237)
   defining Unicode char U+00EE (decimal 238)
   defining Unicode char U+00EF (decimal 239)
   defining Unicode char U+00F8 (decimal 248)
   defining Unicode char U+0131 (decimal 305)
   defining Unicode char U+0141 (decimal 321)
   defining Unicode char U+0142 (decimal 322)
   defining Unicode char U+0152 (decimal 338)
   defining Unicode char U+0153 (decimal 339)
   defining Unicode char U+2013 (decimal 8211)
   defining Unicode char U+2014 (decimal 8212)
   defining Unicode char U+2018 (decimal 8216)
   defining Unicode char U+2019 (decimal 8217)
   defining Unicode char U+201C (decimal 8220)
   defining Unicode char U+201D (decimal 8221)
)
Now handling font encoding OMS ...
... processing UTF-8 mapping file for font encoding OMS

(/usr/share/texlive/texmf-dist/tex/latex/base/omsenc.dfu
File: omsenc.dfu 2008/04/05 v1.1m UTF-8 support for inputenc
   defining Unicode char U+00A7 (decimal 167)
   defining Unicode char U+00B6 (decimal 182)
   defining Unicode char U+00B7 (decimal 183)
   defining Unicode char U+2020 (decimal 8224)
   defining Unicode char U+2021 (decimal 8225)
   defining Unicode char U+2022 (decimal 8226)
)
Now handling font encoding OMX ...
... no UTF-8 mapping file for font encoding OMX
Now handling font encoding U ...
... no UTF-8 mapping file for font encoding U
   defining Unicode char U+00A9 (decimal 169)
   defining Unicode char U+00AA (decimal 170)
   defining Unicode char U+00AE (decimal 174)
   defining Unicode char U+00BA (decimal 186)
   defining Unicode char U+02C6 (decimal 710)
   defining Unicode char U+02DC (decimal 732)
   defining Unicode char U+200C (decimal 8204)
   defining Unicode char U+2026 (decimal 8230)
   defining Unicode char U+2122 (decimal 8482)
   defining Unicode char U+2423 (decimal 9251)
))
(/usr/share/texlive/texmf-dist/tex/latex/hyperref/hyperref.sty
Package: hyperref 2012/11/06 v6.83m Hypertext links for LaTeX

(/usr/share/texlive/texmf-dist/tex/generic/oberdiek/hobsub-hyperref.sty
Package: hobsub-hyperref 2012/05/28 v1.13 Bundle oberdiek, subset hyperref (HO)


(/usr/share/texlive/texmf-dist/tex/generic/oberdiek/hobsub-generic.sty
Package: hobsub-generic 2012/05/28 v1.13 Bundle oberdiek, subset generic (HO)
Package: hobsub 2012/05/28 v1.13 Construct package bundles (HO)
Package hobsub Info: Skipping package `infwarerr' (already loaded).
Package hobsub Info: Skipping package `ltxcmds' (already loaded).
Package: ifluatex 2010/03/01 v1.3 Provides the ifluatex switch (HO)
Package ifluatex Info: LuaTeX not detected.
Package: ifvtex 2010/03/01 v1.5 Detect VTeX and its facilities (HO)
Package ifvtex Info: VTeX not detected.
Package: intcalc 2007/09/27 v1.1 Expandable calculations with integers (HO)
Package: ifpdf 2011/01/30 v2.3 Provides the ifpdf switch (HO)
Package ifpdf Info: pdfTeX in PDF mode is detected.
Package: etexcmds 2011/02/16 v1.5 Avoid name clashes with e-TeX commands (HO)
Package etexcmds Info: Could not find \expanded.
(etexcmds)             That can mean that you are not using pdfTeX 1.50 or
(etexcmds)             that some package has redefined \expanded.
(etexcmds)             In the latter case, load this package earlier.
Package: kvsetkeys 2012/04/25 v1.16 Key value parser (HO)
Package: kvdefinekeys 2011/04/07 v1.3 Define keys (HO)
Package: pdftexcmds 2011/11/29 v0.20 Utility functions of pdfTeX for LuaTeX (HO
)
Package pdftexcmds Info: LuaTeX not detected.
Package pdftexcmds Info: \pdf@primitive is available.
Package pdftexcmds Info: \pdf@ifprimitive is available.
Package pdftexcmds Info: \pdfdraftmode found.
Package: pdfescape 2011/11/25 v1.13 Implements pdfTeX's escape features (HO)
Package: bigintcalc 2012/04/08 v1.3 Expandable calculations on big integers (HO
)
Package: bitset 2011/01/30 v1.1 Handle bit-vector datatype (HO)
Package: uniquecounter 2011/01/30 v1.2 Provide unlimited unique counter (HO)
)
Package hobsub Info: Skipping package `hobsub' (already loaded).
Package: letltxmacro 2010/09/02 v1.4 Let assignment for LaTeX macros (HO)
Package: hopatch 2012/05/28 v1.2 Wrapper for package hooks (HO)
Package: xcolor-patch 2011/01/30 xcolor patch
Package: atveryend 2011/06/30 v1.8 Hooks at the very end of document (HO)
Package atveryend Info: \enddocument detected (standard20110627).
Package: atbegshi 2011/10/05 v1.16 At begin shipout hook (HO)
Package: refcount 2011/10/16 v3.4 Data extraction from label references (HO)
Package: hycolor 2011/01/30 v1.7 Color options for hyperref/bookmark (HO)
)
(/usr/share/texlive/texmf-dist/tex/generic/ifxetex/ifxetex.sty
Package: ifxetex 2010/09/12 v0.6 Provides ifxetex conditional
)
(/usr/share/texlive/texmf-dist/tex/latex/oberdiek/auxhook.sty
Package: auxhook 2011/03/04 v1.3 Hooks for auxiliary files (HO)
)
(/usr/share/texlive/texmf-dist/tex/latex/oberdiek/kvoptions.sty
Package: kvoptions 2011/06/30 v3.11 Key value format for package options (HO)
)
\@linkdim=\dimen109
\Hy@linkcounter=\count88
\Hy@pagecounter=\count89

(/usr/share/texlive/texmf-dist/tex/latex/hyperref/pd1enc.def
File: pd1enc.def 2012/11/06 v6.83m Hyperref: PDFDocEncoding definition (HO)
Now handling font encoding PD1 ...
... no UTF-8 mapping file for font encoding PD1
)
\Hy@SavedSpaceFactor=\count90

(/usr/share/texlive/texmf-dist/tex/latex/latexconfig/hyperref.cfg
File: hyperref.cfg 2002/06/06 v1.2 hyperref configuration of TeXLive
)
Package hyperref Info: Option `colorlinks' set `true' on input line 4319.
Package hyperref Info: Hyper figures OFF on input line 4443.
Package hyperref Info: Link nesting OFF on input line 4448.
Package hyperref Info: Hyper index ON on input line 4451.
Package hyperref Info: Plain pages OFF on input line 4458.
Package hyperref Info: Backreferencing OFF on input line 4463.
Package hyperref Info: Implicit mode ON; LaTeX internals redefined.
Package hyperref Info: Bookmarks ON on input line 4688.
\c@Hy@tempcnt=\count91

(/usr/share/texlive/texmf-dist/tex/latex/url/url.sty
\Urlmuskip=\muskip10
Package: url 2013/09/16  ver 3.4  Verb mode for urls, etc.
)
LaTeX Info: Redefining \url on input line 5041.
\XeTeXLinkMargin=\dimen110
\Fld@menulength=\count92
\Field@Width=\dimen111
\Fld@charsize=\dimen112
Package hyperref Info: Hyper figures OFF on input line 6295.
Package hyperref Info: Link nesting OFF on input line 6300.
Package hyperref Info: Hyper index ON on input line 6303.
Package hyperref Info: backreferencing OFF on input line 6310.
Package hyperref Info: Link coloring ON on input line 6313.
Package hyperref Info: Link coloring with OCG OFF on input line 6320.
Package hyperref Info: PDF/A mode OFF on input line 6325.
LaTeX Info: Redefining \ref on input line 6365.
LaTeX Info: Redefining \pageref on input line 6369.
\Hy@abspage=\count93
\c@Item=\count94
\c@Hfootnote=\count95
)

Package hyperref Message: Driver (autodetected): hpdftex.

(/usr/share/texlive/texmf-dist/tex/latex/hyperref/hpdftex.def
File: hpdftex.def 2012/11/06 v6.83m Hyperref driver for pdfTeX
\Fld@listcount=\count96
\c@bookmark@seq@number=\count97

(/usr/share/texlive/texmf-dist/tex/latex/oberdiek/rerunfilecheck.sty
Package: rerunfilecheck 2011/04/15 v1.7 Rerun checks for auxiliary files (HO)
Package uniquecounter Info: New unique counter `rerunfilecheck' on input line 2
82.
)
\Hy@SectionHShift=\skip44
)
(/usr/share/texlive/texmf-dist/tex/latex/tools/array.sty
Package: array 2008/09/09 v2.4c Tabular extension package (FMi)
\col@sep=\dimen113
\extrarowheight=\dimen114
\NC@list=\toks17
\extratabsurround=\skip45
\backup@length=\skip46
)
(/usr/share/texlive/texmf-dist/tex/generic/babel/babel.sty
Package: babel 2013/12/03 3.9h The Babel package

(/usr/share/texlive/texmf-dist/tex/generic/babel-english/english.ldf
Language: english 2012/08/20 v3.3p English support from the babel system

(/usr/share/texlive/texmf-dist/tex/generic/babel/babel.def
File: babel.def 2013/12/03 3.9h Babel common definitions
\babel@savecnt=\count98
\U@D=\dimen115
)
\l@canadian = a dialect from \language\l@american 
\l@australian = a dialect from \language\l@british 
\l@newzealand = a dialect from \language\l@british 
))
(/usr/share/texlive/texmf-dist/tex/latex/amsfonts/amsfonts.sty
Package: amsfonts 2013/01/14 v3.01 Basic AMSFonts support
\@emptytoks=\toks18
\symAMSa=\mathgroup4
\symAMSb=\mathgroup5
LaTeX Font Info:    Overwriting math alphabet `\mathfrak' in version `bold'
(Font)                  U/euf/m/n --> U/euf/b/n on input line 106.
)
(/usr/share/texlive/texmf-dist/tex/latex/tools/bm.sty
Package: bm 2004/02/26 v1.1c Bold Symbol Support (DPC/FMi)
\symboldoperators=\mathgroup6
\symboldletters=\mathgroup7
\symboldsymbols=\mathgroup8
LaTeX Font Info:    Redeclaring math alphabet \mathbf on input line 138.
LaTeX Info: Redefining \bm on input line 204.
)
(/usr/share/texlive/texmf-dist/tex/latex/geometry/geometry.sty
Package: geometry 2010/09/12 v5.6 Page Geometry
\Gm@cnth=\count99
\Gm@cntv=\count100
\c@Gm@tempcnt=\count101
\Gm@bindingoffset=\dimen116
\Gm@wd@mp=\dimen117
\Gm@odd@mp=\dimen118
\Gm@even@mp=\dimen119
\Gm@layoutwidth=\dimen120
\Gm@layoutheight=\dimen121
\Gm@layouthoffset=\dimen122
\Gm@layoutvoffset=\dimen123
\Gm@dimlist=\toks19
)
(/usr/share/texlive/texmf-dist/tex/latex/preprint/authblk.sty
Package: authblk 2001/02/27 1.3 (PWD)
\affilsep=\skip47
\@affilsep=\skip48
\c@Maxaffil=\count102
\c@authors=\count103
\c@affil=\count104
)
(/usr/share/texlive/texmf-dist/tex/latex/upquote/upquote.sty
Package: upquote 2012/04/19 v1.3 upright-quote and grave-accent glyphs in verba
tim
) (./vignette.aux)
\openout1 = `vignette.aux'.

LaTeX Font Info:    Checking defaults for OML/cmm/m/it on input line 83.
LaTeX Font Info:    ... okay on input line 83.
LaTeX Font Info:    Checking defaults for T1/cmr/m/n on input line 83.
LaTeX Font Info:    ... okay on input line 83.
LaTeX Font Info:    Checking defaults for OT1/cmr/m/n on input line 83.
LaTeX Font Info:    ... okay on input line 83.
LaTeX Font Info:    Checking defaults for OMS/cmsy/m/n on input line 83.
LaTeX Font Info:    ... okay on input line 83.
LaTeX Font Info:    Checking defaults for OMX/cmex/m/n on input line 83.
LaTeX Font Info:    ... okay on input line 83.
LaTeX Font Info:    Checking defaults for U/cmr/m/n on input line 83.
LaTeX Font Info:    ... okay on input line 83.
LaTeX Font Info:    Checking defaults for PD1/pdf/m/n on input line 83.
LaTeX Font Info:    ... okay on input line 83.

(/usr/share/texlive/texmf-dist/tex/context/base/supp-pdf.mkii
[Loading MPS to PDF converter (version 2006.09.02).]
\scratchcounter=\count105
\scratchdimen=\dimen124
\scratchbox=\box26
\nofMPsegments=\count106
\nofMParguments=\count107
\everyMPshowfont=\toks20
\MPscratchCnt=\count108
\MPscratchDim=\dimen125
\MPnumerator=\count109
\makeMPintoPDFobject=\count110
\everyMPtoPDFconversion=\toks21
) (/usr/share/texlive/texmf-dist/tex/latex/oberdiek/epstopdf-base.sty
Package: epstopdf-base 2010/02/09 v2.5 Base part for package epstopdf

(/usr/share/texlive/texmf-dist/tex/latex/oberdiek/grfext.sty
Package: grfext 2010/08/19 v1.1 Manage graphics extensions (HO)
)
Package grfext Info: Graphics extension search list:
(grfext)             [.png,.pdf,.jpg,.mps,.jpeg,.jbig2,.jb2,.PNG,.PDF,.JPG,.JPE
G,.JBIG2,.JB2,.eps]
(grfext)             \AppendGraphicsExtensions on input line 452.

(/usr/share/texlive/texmf-dist/tex/latex/latexconfig/epstopdf-sys.cfg
File: epstopdf-sys.cfg 2010/07/13 v1.3 Configuration of (r)epstopdf for TeX Liv
e
))
\AtBeginShipoutBox=\box27
Package hyperref Info: Link coloring ON on input line 83.

(/usr/share/texlive/texmf-dist/tex/latex/hyperref/nameref.sty
Package: nameref 2012/10/27 v2.43 Cross-referencing by name of section

(/usr/share/texlive/texmf-dist/tex/generic/oberdiek/gettitlestring.sty
Package: gettitlestring 2010/12/03 v1.4 Cleanup title references (HO)
)
\c@section@level=\count111
)
LaTeX Info: Redefining \ref on input line 83.
LaTeX Info: Redefining \pageref on input line 83.
LaTeX Info: Redefining \nameref on input line 83.

(./vignette.out) (./vignette.out)
\@outlinefile=\write3
\openout3 = `vignette.out'.


*geometry* driver: auto-detecting
*geometry* detected driver: pdftex
*geometry* verbose mode - [ preamble ] result:
* driver: pdftex
* paper: <default>
* layout: <same size as paper>
* layoutoffset:(h,v)=(0.0pt,0.0pt)
* modes: 
* h-part:(L,W,R)=(42.67912pt, 528.93675pt, 42.67912pt)
* v-part:(T,H,B)=(42.67912pt, 709.61174pt, 42.67912pt)
* \paperwidth=614.295pt
* \paperheight=794.96999pt
* \textwidth=528.93675pt
* \textheight=709.61174pt
* \oddsidemargin=-29.59087pt
* \evensidemargin=-29.59087pt
* \topmargin=-66.59087pt
* \headheight=12.0pt
* \headsep=25.0pt
* \topskip=12.0pt
* \footskip=30.0pt
* \marginparwidth=44.0pt
* \marginparsep=10.0pt
* \columnsep=10.0pt
* \skip\footins=10.8pt plus 4.0pt minus 2.0pt
* \hoffset=0.0pt
* \voffset=0.0pt
* \mag=1000
* \@twocolumnfalse
* \@twosidefalse
* \@mparswitchfalse
* \@reversemarginfalse
* (1in=72.27pt=25.4mm, 1cm=28.453pt)

LaTeX Font Info:    Try loading font information for U+msa on input line 89.
(/usr/share/texlive/texmf-dist/tex/latex/amsfonts/umsa.fd
File: umsa.fd 2013/01/14 v3.01 AMS symbols A
)
LaTeX Font Info:    Try loading font information for U+msb on input line 89.

(/usr/share/texlive/texmf-dist/tex/latex/amsfonts/umsb.fd
File: umsb.fd 2013/01/14 v3.01 AMS symbols B
)
Underfull \hbox (badness 1931) in paragraph at lines 100--102
\OT1/cmr/m/n/12 en-vi-ron-men-tal fil-ter, in-di-vid-ual dif-fer-ences, in-tras
pe-cific vari-a-tion, null model, trait, vari-ance
 []

[1

{/var/lib/texmf/fonts/map/pdftex/updmap/pdftex.map}] (./vignette.toc)
\tf@toc=\write4
\openout4 = `vignette.toc'.


[2]
LaTeX Font Info:    Font shape `OT1/cmtt/bx/n' in size <14.4> not available
(Font)              Font shape `OT1/cmtt/m/n' tried instead on input line 118.
Package color Info: Redefining color shadecolor on input line 126.
Package color Info: Redefining color shadecolor on input line 138.

Overfull \hbox (14.94159pt too wide) in paragraph at lines 140--140
[][]\OT1/cmtt/m/it/12 #install.packages("cati", repos = "http://cran.us.r-proje
ct.org", dependencies = TRUE)[][] 
 []

LaTeX Font Info:    Font shape `OT1/cmtt/bx/n' in size <12> not available
(Font)              Font shape `OT1/cmtt/m/n' tried instead on input line 141.
Package color Info: Redefining color shadecolor on input line 150.
Package color Info: Redefining color shadecolor on input line 169.
Package color Info: Redefining color shadecolor on input line 187.
[3]
Package color Info: Redefining color shadecolor on input line 199.
Package color Info: Redefining color shadecolor on input line 212.
Package color Info: Redefining color shadecolor on input line 224.
 <figs/darwinfinch.pdf, id=171, 478.49844pt x 196.1178pt>
File: figs/darwinfinch.pdf Graphic file (type pdf)

<use figs/darwinfinch.pdf>
Package pdftex.def Info: figs/darwinfinch.pdf used on input line 239.
(pdftex.def)             Requested size: 284.52756pt x 116.6212pt.
 [4 <./figs/darwinfinch.pdf>]
Package color Info: Redefining color shadecolor on input line 254.

<figure/unnamed-chunk-10-1.pdf, id=178, 505.89pt x 505.89pt>
File: figure/unnamed-chunk-10-1.pdf Graphic file (type pdf)

<use figure/unnamed-chunk-10-1.pdf>
Package pdftex.def Info: figure/unnamed-chunk-10-1.pdf used on input line 261.
(pdftex.def)             Requested size: 505.88875pt x 505.89645pt.

<figure/unnamed-chunk-10-2.pdf, id=179, 505.89pt x 505.89pt>
File: figure/unnamed-chunk-10-2.pdf Graphic file (type pdf)

<use figure/unnamed-chunk-10-2.pdf>
Package pdftex.def Info: figure/unnamed-chunk-10-2.pdf used on input line 263.
(pdftex.def)             Requested size: 505.88875pt x 505.89645pt.

<figure/unnamed-chunk-10-3.pdf, id=180, 505.89pt x 505.89pt> [5 <./figure/unnam
ed-chunk-10-1.pdf>]
File: figure/unnamed-chunk-10-3.pdf Graphic file (type pdf)
 <use figure/unnamed-chunk-10-3.pdf>
Package pdftex.def Info: figure/unnamed-chunk-10-3.pdf used on input line 265.
(pdftex.def)             Requested size: 505.88875pt x 505.89645pt.
 [6 <./figure/unnamed-chunk-10-2.pdf>] [7 <./figure/unnamed-chunk-10-3.pdf>]
Package color Info: Redefining color shadecolor on input line 275.

<figure/unnamed-chunk-11-1.pdf, id=221, 505.89pt x 505.89pt>
File: figure/unnamed-chunk-11-1.pdf Graphic file (type pdf)

<use figure/unnamed-chunk-11-1.pdf>
Package pdftex.def Info: figure/unnamed-chunk-11-1.pdf used on input line 282.
(pdftex.def)             Requested size: 505.88875pt x 505.89645pt.

<figure/unnamed-chunk-11-2.pdf, id=222, 505.89pt x 505.89pt>
File: figure/unnamed-chunk-11-2.pdf Graphic file (type pdf)

<use figure/unnamed-chunk-11-2.pdf>
Package pdftex.def Info: figure/unnamed-chunk-11-2.pdf used on input line 284.
(pdftex.def)             Requested size: 505.88875pt x 505.89645pt.
 [8 <./figure/unnamed-chunk-11-1.pdf>]
Package color Info: Redefining color shadecolor on input line 291.

<figure/unnamed-chunk-12-1.pdf, id=236, 505.89pt x 361.35pt>
File: figure/unnamed-chunk-12-1.pdf Graphic file (type pdf)

<use figure/unnamed-chunk-12-1.pdf>
Package pdftex.def Info: figure/unnamed-chunk-12-1.pdf used on input line 298.
(pdftex.def)             Requested size: 505.88875pt x 361.35463pt.
 [9 <./figure/unnamed-chunk-11-2.pdf>]
Package color Info: Redefining color shadecolor on input line 304.

<figure/unnamed-chunk-13-1.pdf, id=250, 505.89pt x 505.89pt>
File: figure/unnamed-chunk-13-1.pdf Graphic file (type pdf)

<use figure/unnamed-chunk-13-1.pdf>
Package pdftex.def Info: figure/unnamed-chunk-13-1.pdf used on input line 311.
(pdftex.def)             Requested size: 505.88875pt x 505.89645pt.
Package color Info: Redefining color shadecolor on input line 316.
 [10 <./figure/unnamed-chunk-12-1.pdf>]
<figure/unnamed-chunk-14-1.pdf, id=264, 505.89pt x 505.89pt>
File: figure/unnamed-chunk-14-1.pdf Graphic file (type pdf)

<use figure/unnamed-chunk-14-1.pdf>
Package pdftex.def Info: figure/unnamed-chunk-14-1.pdf used on input line 322.
(pdftex.def)             Requested size: 505.88875pt x 505.89645pt.
 [11 <./figure/unnamed-chunk-13-1.pdf>]
Package color Info: Redefining color shadecolor on input line 328.

[12 <./figure/unnamed-chunk-14-1.pdf>]
Underfull \hbox (badness 10000) in paragraph at lines 349--350

 []

Package color Info: Redefining color shadecolor on input line 358.
[13]
Package color Info: Redefining color shadecolor on input line 399.
Package color Info: Redefining color shadecolor on input line 426.
 <figure/unnamed-chunk-18-1.pdf, id=297, 361.35pt x 361.35pt>
File: figure/unnamed-chunk-18-1.pdf Graphic file (type pdf)

<use figure/unnamed-chunk-18-1.pdf>
Package pdftex.def Info: figure/unnamed-chunk-18-1.pdf used on input line 435.
(pdftex.def)             Requested size: 361.34912pt x 361.34912pt.
 [14]
Package color Info: Redefining color shadecolor on input line 448.
Package color Info: Redefining color shadecolor on input line 462.
LaTeX Font Info:    Try loading font information for OMS+cmtt on input line 471
.

(/usr/share/R/share/texmf/tex/latex/omscmtt.fd
File: omscmtt.fd 
)
LaTeX Font Info:    Font shape `OMS/cmtt/m/n' in size <12> not available
(Font)              Font shape `OMS/cmsy/m/n' tried instead on input line 471.
 [15 <./figure/unnamed-chunk-18-1.pdf>]
Package color Info: Redefining color shadecolor on input line 485.
 <figure/unnamed-chunk-21-1.pdf, id=311, 361.35pt x 361.35pt>
File: figure/unnamed-chunk-21-1.pdf Graphic file (type pdf)

<use figure/unnamed-chunk-21-1.pdf>
Package pdftex.def Info: figure/unnamed-chunk-21-1.pdf used on input line 494.
(pdftex.def)             Requested size: 361.34912pt x 361.34912pt.
Package color Info: Redefining color shadecolor on input line 508.
 [16 <./figure/unnamed-chunk-21-1.pdf>]
<figure/unnamed-chunk-22-1.pdf, id=321, 361.35pt x 361.35pt>
File: figure/unnamed-chunk-22-1.pdf Graphic file (type pdf)

<use figure/unnamed-chunk-22-1.pdf>
Package pdftex.def Info: figure/unnamed-chunk-22-1.pdf used on input line 515.
(pdftex.def)             Requested size: 361.34912pt x 361.34912pt.
Package color Info: Redefining color shadecolor on input line 524.

<figure/unnamed-chunk-23-1.pdf, id=322, 433.62pt x 433.62pt>
File: figure/unnamed-chunk-23-1.pdf Graphic file (type pdf)

<use figure/unnamed-chunk-23-1.pdf>
Package pdftex.def Info: figure/unnamed-chunk-23-1.pdf used on input line 531.
(pdftex.def)             Requested size: 433.61894pt x 433.63878pt.
 [17 <./figure/unnamed-chunk-22-1.pdf>]
[18 <./figure/unnamed-chunk-23-1.pdf>]
Underfull \hbox (badness 10000) in paragraph at lines 546--548

 []

Package color Info: Redefining color shadecolor on input line 552.

Underfull \hbox (badness 10000) in paragraph at lines 565--565
[]\OT1/cmtt/m/it/12 ## The partvar function decompose the variance accross nest
ed scales. Thus choose
 []

Package color Info: Redefining color shadecolor on input line 575.
<figure/unnamed-chunk-25-1.pdf, id=342, 289.08pt x 289.08pt>
File: figure/unnamed-chunk-25-1.pdf Graphic file (type pdf)

<use figure/unnamed-chunk-25-1.pdf>
Package pdftex.def Info: figure/unnamed-chunk-25-1.pdf used on input line 587.
(pdftex.def)             Requested size: 289.07928pt x 289.09251pt.
 [19]
Package color Info: Redefining color shadecolor on input line 599.

<figure/unnamed-chunk-26-1.pdf, id=348, 433.62pt x 433.62pt>
File: figure/unnamed-chunk-26-1.pdf Graphic file (type pdf)

<use figure/unnamed-chunk-26-1.pdf>
Package pdftex.def Info: figure/unnamed-chunk-26-1.pdf used on input line 605.
(pdftex.def)             Requested size: 433.61894pt x 433.63878pt.
 [20 <./figure/unnamed-chunk-25-1.pdf>]
[21 <./figure/unnamed-chunk-26-1.pdf>]
Package color Info: Redefining color shadecolor on input line 621.

<figure/unnamed-chunk-27-1.pdf, id=368, 505.89pt x 505.89pt>
File: figure/unnamed-chunk-27-1.pdf Graphic file (type pdf)

<use figure/unnamed-chunk-27-1.pdf>
Package pdftex.def Info: figure/unnamed-chunk-27-1.pdf used on input line 626.
(pdftex.def)             Requested size: 505.88875pt x 505.89645pt.
 [22 <./figure/unnamed-chunk-27-1.pdf>]
Package color Info: Redefining color shadecolor on input line 635.

<figure/unnamed-chunk-28-1.pdf, id=383, 505.89pt x 505.89pt>
File: figure/unnamed-chunk-28-1.pdf Graphic file (type pdf)

<use figure/unnamed-chunk-28-1.pdf>
Package pdftex.def Info: figure/unnamed-chunk-28-1.pdf used on input line 641.
(pdftex.def)             Requested size: 505.88875pt x 505.89645pt.
 [23 <./figure/unnamed-chunk-28-1.pdf>]
Package color Info: Redefining color shadecolor on input line 649.

<figure/unnamed-chunk-29-1.pdf, id=399, 505.89pt x 505.89pt>
File: figure/unnamed-chunk-29-1.pdf Graphic file (type pdf)

<use figure/unnamed-chunk-29-1.pdf>
Package pdftex.def Info: figure/unnamed-chunk-29-1.pdf used on input line 655.
(pdftex.def)             Requested size: 505.88875pt x 505.89645pt.
Package color Info: Redefining color shadecolor on input line 661.

<figure/unnamed-chunk-30-1.pdf, id=400, 361.35pt x 361.35pt>
File: figure/unnamed-chunk-30-1.pdf Graphic file (type pdf)

<use figure/unnamed-chunk-30-1.pdf>
Package pdftex.def Info: figure/unnamed-chunk-30-1.pdf used on input line 668.
(pdftex.def)             Requested size: 361.34912pt x 361.34912pt.
 [24 <./figure/unnamed-chunk-29-1.pdf>]
Package color Info: Redefining color shadecolor on input line 679.

<figure/unnamed-chunk-31-1.pdf, id=410, 361.35pt x 361.35pt>
File: figure/unnamed-chunk-31-1.pdf Graphic file (type pdf)

<use figure/unnamed-chunk-31-1.pdf>
Package pdftex.def Info: figure/unnamed-chunk-31-1.pdf used on input line 687.
(pdftex.def)             Requested size: 361.34912pt x 361.34912pt.
 [25 <./figure/unnamed-chunk-30-1.pdf>]
[26 <./figure/unnamed-chunk-31-1.pdf>]
Underfull \hbox (badness 10000) in paragraph at lines 704--706

 []

Package color Info: Redefining color shadecolor on input line 710.

Overfull \hbox (20.63852pt too wide) in paragraph at lines 760--760
[]\OT1/cmtt/m/n/12 ##  $T_IC.IR: community-wide variance relative to the total 
variance in the regional pool[] 
 []


Overfull \hbox (26.81352pt too wide) in paragraph at lines 760--760
[]\OT1/cmtt/m/n/12 ##  $T_PC.PR: inter-community variance relative to the total
 variance in the regional pool[] 
 []

[27]
Package color Info: Redefining color shadecolor on input line 771.
 <figure/unnamed-chunk-33-1.pdf, id=436, 361.35pt x 361.35pt>
File: figure/unnamed-chunk-33-1.pdf Graphic file (type pdf)

<use figure/unnamed-chunk-33-1.pdf>
Package pdftex.def Info: figure/unnamed-chunk-33-1.pdf used on input line 777.
(pdftex.def)             Requested size: 361.34912pt x 361.34912pt.


LaTeX Warning: Command \textendash invalid in math mode on input line 788.

[28 <./figure/unnamed-chunk-33-1.pdf>]
Package color Info: Redefining color shadecolor on input line 795.

<figure/unnamed-chunk-34-1.pdf, id=446, 433.62pt x 433.62pt>
File: figure/unnamed-chunk-34-1.pdf Graphic file (type pdf)

<use figure/unnamed-chunk-34-1.pdf>
Package pdftex.def Info: figure/unnamed-chunk-34-1.pdf used on input line 801.
(pdftex.def)             Requested size: 433.61894pt x 433.63878pt.
Package color Info: Redefining color shadecolor on input line 811.

<figure/unnamed-chunk-35-1.pdf, id=447, 325.215pt x 252.945pt>
File: figure/unnamed-chunk-35-1.pdf Graphic file (type pdf)

<use figure/unnamed-chunk-35-1.pdf>
Package pdftex.def Info: figure/unnamed-chunk-35-1.pdf used on input line 817.
(pdftex.def)             Requested size: 325.2142pt x 252.96367pt.
 [29 <./figure/unnamed-chunk-34-1.pdf>]
<figure/unnamed-chunk-35-2.pdf, id=461, 325.215pt x 252.945pt>
File: figure/unnamed-chunk-35-2.pdf Graphic file (type pdf)

<use figure/unnamed-chunk-35-2.pdf>
Package pdftex.def Info: figure/unnamed-chunk-35-2.pdf used on input line 827.
(pdftex.def)             Requested size: 325.2142pt x 252.96367pt.

<figure/unnamed-chunk-35-3.pdf, id=462, 325.215pt x 252.945pt>
File: figure/unnamed-chunk-35-3.pdf Graphic file (type pdf)

<use figure/unnamed-chunk-35-3.pdf>
Package pdftex.def Info: figure/unnamed-chunk-35-3.pdf used on input line 837.
(pdftex.def)             Requested size: 325.2142pt x 252.96367pt.
 [30 <./figure/unnamed-chunk-35-1.pdf> <./figure/unnamed-chunk-35-2.pdf>]
Package color Info: Redefining color shadecolor on input line 847.

<figure/unnamed-chunk-36-1.pdf, id=485, 505.89pt x 505.89pt>
File: figure/unnamed-chunk-36-1.pdf Graphic file (type pdf)

<use figure/unnamed-chunk-36-1.pdf>
Package pdftex.def Info: figure/unnamed-chunk-36-1.pdf used on input line 855.
(pdftex.def)             Requested size: 505.88875pt x 505.89645pt.
 [31 <./figure/unnamed-chunk-35-3.pdf>]
<figure/unnamed-chunk-36-2.pdf, id=500, 505.89pt x 505.89pt>
File: figure/unnamed-chunk-36-2.pdf Graphic file (type pdf)

<use figure/unnamed-chunk-36-2.pdf>
Package pdftex.def Info: figure/unnamed-chunk-36-2.pdf used on input line 865.
(pdftex.def)             Requested size: 505.88875pt x 505.89645pt.
 [32 <./figure/unnamed-chunk-36-1.pdf>]
<figure/unnamed-chunk-36-3.pdf, id=511, 505.89pt x 505.89pt>
File: figure/unnamed-chunk-36-3.pdf Graphic file (type pdf)

<use figure/unnamed-chunk-36-3.pdf>
Package pdftex.def Info: figure/unnamed-chunk-36-3.pdf used on input line 875.
(pdftex.def)             Requested size: 505.88875pt x 505.89645pt.
 [33 <./figure/unnamed-chunk-36-2.pdf>]
[34 <./figure/unnamed-chunk-36-3.pdf>]
Package color Info: Redefining color shadecolor on input line 886.
Package color Info: Redefining color shadecolor on input line 937.
 [35] [36]
Package color Info: Redefining color shadecolor on input line 971.

<figure/unnamed-chunk-39-1.pdf, id=540, 505.89pt x 505.89pt>
File: figure/unnamed-chunk-39-1.pdf Graphic file (type pdf)

<use figure/unnamed-chunk-39-1.pdf>
Package pdftex.def Info: figure/unnamed-chunk-39-1.pdf used on input line 988.
(pdftex.def)             Requested size: 505.88875pt x 505.89645pt.
 [37]
Package color Info: Redefining color shadecolor on input line 1002.

<figure/unnamed-chunk-40-1.pdf, id=546, 505.89pt x 505.89pt>
File: figure/unnamed-chunk-40-1.pdf Graphic file (type pdf)

<use figure/unnamed-chunk-40-1.pdf>
Package pdftex.def Info: figure/unnamed-chunk-40-1.pdf used on input line 1008.

(pdftex.def)             Requested size: 505.88875pt x 505.89645pt.

<figure/unnamed-chunk-40-2.pdf, id=547, 505.89pt x 505.89pt> [38 <./figure/unna
med-chunk-39-1.pdf>]
File: figure/unnamed-chunk-40-2.pdf Graphic file (type pdf)
 <use figure/unnamed-chunk-40-2.pdf>
Package pdftex.def Info: figure/unnamed-chunk-40-2.pdf used on input line 1010.

(pdftex.def)             Requested size: 505.88875pt x 505.89645pt.

<figure/unnamed-chunk-40-3.pdf, id=562, 505.89pt x 505.89pt> [39 <./figure/unna
med-chunk-40-1.pdf>]
File: figure/unnamed-chunk-40-3.pdf Graphic file (type pdf)
 <use figure/unnamed-chunk-40-3.pdf>
Package pdftex.def Info: figure/unnamed-chunk-40-3.pdf used on input line 1012.

(pdftex.def)             Requested size: 505.88875pt x 505.89645pt.
 [40 <./figure/unnamed-chunk-40-2.pdf>]
Package color Info: Redefining color shadecolor on input line 1019.
 <figure/unnamed-chunk-41-1.pdf, id=583, 505.89pt x 505.89pt>
File: figure/unnamed-chunk-41-1.pdf Graphic file (type pdf)

<use figure/unnamed-chunk-41-1.pdf>
Package pdftex.def Info: figure/unnamed-chunk-41-1.pdf used on input line 1027.

(pdftex.def)             Requested size: 505.88875pt x 505.89645pt.
 [41 <./figure/unnamed-chunk-40-3.pdf>]
Package color Info: Redefining color shadecolor on input line 1034.

<figure/unnamed-chunk-42-1.pdf, id=594, 505.89pt x 505.89pt>
File: figure/unnamed-chunk-42-1.pdf Graphic file (type pdf)

<use figure/unnamed-chunk-42-1.pdf>
Package pdftex.def Info: figure/unnamed-chunk-42-1.pdf used on input line 1041.

(pdftex.def)             Requested size: 505.88875pt x 505.89645pt.
 [42 <./figure/unnamed-chunk-41-1.pdf>]
[43 <./figure/unnamed-chunk-42-1.pdf>]
Package color Info: Redefining color shadecolor on input line 1055.

Overfull \hbox (14.46352pt too wide) in paragraph at lines 1062--1062
[][]\OT1/cmtt/m/n/12 res.finch.sp_regional.ind[][]<-[][]ComIndex[][]([][]traits
[] []= traits.finch,[] []index[] []= funct,[] []sp[] []= sp.finch,[][] 
 []


Overfull \hbox (14.46352pt too wide) in paragraph at lines 1068--1068
[][]\OT1/cmtt/m/n/12 res.finch.sp_regional.pop[][]<-[][]ComIndex[][]([][]traits
[] []= traits.finch,[] []index[] []= funct,[] []sp[] []= sp.finch,[][] 
 []

Package color Info: Redefining color shadecolor on input line 1078.
Package color Info: Redefining color shadecolor on input line 1114.
[44]
Package color Info: Redefining color shadecolor on input line 1138.
Package color Info: Redefining color shadecolor on input line 1152.

Overfull \hbox (8.28851pt too wide) in paragraph at lines 1197--1197
[]\OT1/cmtt/m/n/12 ## $call: ComIndex(traits = traits.finch, index = funct.1, n
ullmodels = "regional.ind",[] 
 []


Overfull \hbox (57.68854pt too wide) in paragraph at lines 1197--1197
[]\OT1/cmtt/m/n/12 ##  $tapply(x, ind.plot.finch, function(x) mean(x, na.rm = T
))_nm ... null model = regional.ind[] 
 []


Overfull \hbox (82.38855pt too wide) in paragraph at lines 1197--1197
[]\OT1/cmtt/m/n/12 ##  $tapply(x, ind.plot.finch, function(x) kurtosis(x, na.rm
 = T))_nm ... null model = regional.ind[] 
 []


Overfull \hbox (162.66359pt too wide) in paragraph at lines 1197--1197
[]\OT1/cmtt/m/n/12 ##  $tapply(x, ind.plot.finch, function(x) max(x, na.rm = T)
-min(x, na.rm = T))_nm ... null model = regional.ind[] 
 []


Overfull \hbox (63.86354pt too wide) in paragraph at lines 1197--1197
[]\OT1/cmtt/m/n/12 ##  $tapply(x, ind.plot.finch, function(x) CVNND(x, na.rm = 
T))_nm ... null model = regional.ind[] 
 []

[45] [46] <figure/unnamed-chunk-47-1.pdf, id=626, 505.89pt x 289.08pt>
File: figure/unnamed-chunk-47-1.pdf Graphic file (type pdf)

<use figure/unnamed-chunk-47-1.pdf>
Package pdftex.def Info: figure/unnamed-chunk-47-1.pdf used on input line 1261.

(pdftex.def)             Requested size: 505.88875pt x 289.0837pt.
 [47]
<figure/unnamed-chunk-47-2.pdf, id=631, 505.89pt x 289.08pt>
File: figure/unnamed-chunk-47-2.pdf Graphic file (type pdf)

<use figure/unnamed-chunk-47-2.pdf>
Package pdftex.def Info: figure/unnamed-chunk-47-2.pdf used on input line 1271.

(pdftex.def)             Requested size: 505.88875pt x 289.0837pt.
Package color Info: Redefining color shadecolor on input line 1281.

<figure/unnamed-chunk-48-1.pdf, id=632, 505.89pt x 505.89pt>
File: figure/unnamed-chunk-48-1.pdf Graphic file (type pdf)

<use figure/unnamed-chunk-48-1.pdf>
Package pdftex.def Info: figure/unnamed-chunk-48-1.pdf used on input line 1286.

(pdftex.def)             Requested size: 505.88875pt x 505.89645pt.
 [48 <./figure/unnamed-chunk-47-1.pdf> <./figure/unnamed-chunk-47-2.pdf>]

LaTeX Warning: Command \textendash invalid in math mode on input line 1294.

Package color Info: Redefining color shadecolor on input line 1301.
[49 <./figure/unnamed-chunk-48-1.pdf>]
Package color Info: Redefining color shadecolor on input line 1312.
Package color Info: Redefining color shadecolor on input line 1331.

<figure/unnamed-chunk-51-1.pdf, id=669, 505.89pt x 505.89pt>
File: figure/unnamed-chunk-51-1.pdf Graphic file (type pdf)

<use figure/unnamed-chunk-51-1.pdf>
Package pdftex.def Info: figure/unnamed-chunk-51-1.pdf used on input line 1337.

(pdftex.def)             Requested size: 505.88875pt x 505.89645pt.
 [50]
<figure/unnamed-chunk-51-2.pdf, id=674, 505.89pt x 505.89pt>
File: figure/unnamed-chunk-51-2.pdf Graphic file (type pdf)

<use figure/unnamed-chunk-51-2.pdf>
Package pdftex.def Info: figure/unnamed-chunk-51-2.pdf used on input line 1343.

(pdftex.def)             Requested size: 505.88875pt x 505.89645pt.
 [51 <./figure/unnamed-chunk-51-1.pdf>]
Package color Info: Redefining color shadecolor on input line 1353.

<figure/unnamed-chunk-52-1.pdf, id=685, 505.89pt x 505.89pt>
File: figure/unnamed-chunk-52-1.pdf Graphic file (type pdf)

<use figure/unnamed-chunk-52-1.pdf>
Package pdftex.def Info: figure/unnamed-chunk-52-1.pdf used on input line 1363.

(pdftex.def)             Requested size: 505.88875pt x 505.89645pt.
 [52 <./figure/unnamed-chunk-51-2.pdf>]
[53 <./figure/unnamed-chunk-52-1.pdf>]
Package color Info: Redefining color shadecolor on input line 1379.
Package color Info: Redefining color shadecolor on input line 1394.
 [54] [55]
Package color Info: Redefining color shadecolor on input line 1465.

<figure/unnamed-chunk-55-1.pdf, id=719, 505.89pt x 505.89pt>
File: figure/unnamed-chunk-55-1.pdf Graphic file (type pdf)

<use figure/unnamed-chunk-55-1.pdf>
Package pdftex.def Info: figure/unnamed-chunk-55-1.pdf used on input line 1476.

(pdftex.def)             Requested size: 505.88875pt x 505.89645pt.
Package color Info: Redefining color shadecolor on input line 1483.
 [56 <./figure/unnamed-chunk-55-1.pdf>]
<figure/unnamed-chunk-56-1.pdf, id=740, 505.89pt x 505.89pt>
File: figure/unnamed-chunk-56-1.pdf Graphic file (type pdf)

<use figure/unnamed-chunk-56-1.pdf>
Package pdftex.def Info: figure/unnamed-chunk-56-1.pdf used on input line 1504.

(pdftex.def)             Requested size: 505.88875pt x 505.89645pt.
 [57]
<figure/unnamed-chunk-56-2.pdf, id=745, 505.89pt x 505.89pt>
File: figure/unnamed-chunk-56-2.pdf Graphic file (type pdf)

<use figure/unnamed-chunk-56-2.pdf>
Package pdftex.def Info: figure/unnamed-chunk-56-2.pdf used on input line 1510.

(pdftex.def)             Requested size: 505.88875pt x 505.89645pt.
Package color Info: Redefining color shadecolor on input line 1515.
 [58 <./figure/unnamed-chunk-56-1.pdf>]
Package color Info: Redefining color shadecolor on input line 1525.
Package color Info: Redefining color shadecolor on input line 1537.

Overfull \hbox (14.94159pt too wide) in paragraph at lines 1539--1539
[][]\OT1/cmtt/m/it/12 #all individual are put in the same group: calculate the 
hypervolume without by.factor[][] 
 []


Overfull \hbox (347.91368pt too wide) in paragraph at lines 1556--1556
[]\OT1/cmtt/m/n/12 ## [1] "as.numeric(try(hypervolume(na.omit(x), reps = 100,\n
                       bandwidth = 0.2, verbose = F, warnings = F)@Volume)) 100
 %"[] 
 []

[59 <./figure/unnamed-chunk-56-2.pdf>]
Package color Info: Redefining color shadecolor on input line 1586.

<figure/unnamed-chunk-60-1.pdf, id=811, 361.35pt x 361.35pt>
File: figure/unnamed-chunk-60-1.pdf Graphic file (type pdf)

<use figure/unnamed-chunk-60-1.pdf>
Package pdftex.def Info: figure/unnamed-chunk-60-1.pdf used on input line 1592.

(pdftex.def)             Requested size: 361.34912pt x 361.34912pt.
 [60]
<figure/unnamed-chunk-60-2.pdf, id=816, 361.35pt x 361.35pt>
File: figure/unnamed-chunk-60-2.pdf Graphic file (type pdf)

<use figure/unnamed-chunk-60-2.pdf>
Package pdftex.def Info: figure/unnamed-chunk-60-2.pdf used on input line 1603.

(pdftex.def)             Requested size: 361.34912pt x 361.34912pt.
 [61 <./figure/unnamed-chunk-60-1.pdf>]
Package color Info: Redefining color shadecolor on input line 1614.

[62 <./figure/unnamed-chunk-60-2.pdf>]
Package color Info: Redefining color shadecolor on input line 1651.

<figure/unnamed-chunk-62-1.pdf, id=844, 289.08pt x 289.08pt>
File: figure/unnamed-chunk-62-1.pdf Graphic file (type pdf)

<use figure/unnamed-chunk-62-1.pdf>
Package pdftex.def Info: figure/unnamed-chunk-62-1.pdf used on input line 1656.

(pdftex.def)             Requested size: 289.07928pt x 289.09251pt.
Package color Info: Redefining color shadecolor on input line 1664.
 [63 <./figure/unnamed-chunk-62-1.pdf>]
Package color Info: Redefining color shadecolor on input line 1673.

<figure/unnamed-chunk-64-1.pdf, id=858, 505.89pt x 289.08pt>
File: figure/unnamed-chunk-64-1.pdf Graphic file (type pdf)

<use figure/unnamed-chunk-64-1.pdf>
Package pdftex.def Info: figure/unnamed-chunk-64-1.pdf used on input line 1679.

(pdftex.def)             Requested size: 505.88875pt x 289.0837pt.
Package color Info: Redefining color shadecolor on input line 1685.

<figure/unnamed-chunk-65-1.pdf, id=859, 505.89pt x 289.08pt>
File: figure/unnamed-chunk-65-1.pdf Graphic file (type pdf)

<use figure/unnamed-chunk-65-1.pdf>
Package pdftex.def Info: figure/unnamed-chunk-65-1.pdf used on input line 1691.

(pdftex.def)             Requested size: 505.88875pt x 289.0837pt.
 [64 <./figure/unnamed-chunk-64-1.pdf>]
<figure/unnamed-chunk-65-2.pdf, id=869, 505.89pt x 289.08pt>
File: figure/unnamed-chunk-65-2.pdf Graphic file (type pdf)

<use figure/unnamed-chunk-65-2.pdf>
Package pdftex.def Info: figure/unnamed-chunk-65-2.pdf used on input line 1699.

(pdftex.def)             Requested size: 505.88875pt x 289.0837pt.
Package color Info: Redefining color shadecolor on input line 1706.
 [65 <./figure/unnamed-chunk-65-1.pdf> <./figure/unnamed-chunk-65-2.pdf>]
<figure/unnamed-chunk-66-1.pdf, id=884, 505.89pt x 289.08pt>
File: figure/unnamed-chunk-66-1.pdf Graphic file (type pdf)

<use figure/unnamed-chunk-66-1.pdf>
Package pdftex.def Info: figure/unnamed-chunk-66-1.pdf used on input line 1715.

(pdftex.def)             Requested size: 505.88875pt x 289.0837pt.

<figure/unnamed-chunk-66-2.pdf, id=885, 505.89pt x 289.08pt>
File: figure/unnamed-chunk-66-2.pdf Graphic file (type pdf)

<use figure/unnamed-chunk-66-2.pdf>
Package pdftex.def Info: figure/unnamed-chunk-66-2.pdf used on input line 1724.

(pdftex.def)             Requested size: 505.88875pt x 289.0837pt.
 [66 <./figure/unnamed-chunk-66-1.pdf>]
Package color Info: Redefining color shadecolor on input line 1730.

<figure/unnamed-chunk-67-1.pdf, id=895, 505.89pt x 289.08pt>
File: figure/unnamed-chunk-67-1.pdf Graphic file (type pdf)

<use figure/unnamed-chunk-67-1.pdf>
Package pdftex.def Info: figure/unnamed-chunk-67-1.pdf used on input line 1746.

(pdftex.def)             Requested size: 505.88875pt x 289.0837pt.
 [67 <./figure/unnamed-chunk-66-2.pdf>]
<figure/unnamed-chunk-67-2.pdf, id=906, 505.89pt x 289.08pt>
File: figure/unnamed-chunk-67-2.pdf Graphic file (type pdf)

<use figure/unnamed-chunk-67-2.pdf>
Package pdftex.def Info: figure/unnamed-chunk-67-2.pdf used on input line 1752.

(pdftex.def)             Requested size: 505.88875pt x 289.0837pt.
Package color Info: Redefining color shadecolor on input line 1760.
 [68 <./figure/unnamed-chunk-67-1.pdf> <./figure/unnamed-chunk-67-2.pdf>]
Overfull \hbox (57.68854pt too wide) in paragraph at lines 1764--1764
[] []\OT1/cmtt/m/n/12 matfordudi[][]<-[][]matrix[][]([][]nrow[] []=[] []length[
][]([][]colMeans[][](ses.list[[[][]1[][]]][][]$[][]ses)),[] []ncol[] []=[] []le
ngth[][]([][]names[][](ses.list)))[][] 
 []


Overfull \hbox (70.03854pt too wide) in paragraph at lines 1771--1771
[] []\OT1/cmtt/m/n/12 matfordudi2[][]<-[][]matrix[][]([][]nrow[] []=[] []length
[][]([][]as.vector[][](ses.list[[[][]1[][]]][][]$[][]ses)),[] []ncol[] []=[] []
length[][]([][]names[][](ses.list)))[][] 
 []

Package color Info: Redefining color shadecolor on input line 1781.
<figure/unnamed-chunk-69-1.pdf, id=921, 505.89pt x 505.89pt>
File: figure/unnamed-chunk-69-1.pdf Graphic file (type pdf)

<use figure/unnamed-chunk-69-1.pdf>
Package pdftex.def Info: figure/unnamed-chunk-69-1.pdf used on input line 1789.

(pdftex.def)             Requested size: 505.88875pt x 505.89645pt.
 [69]
<figure/unnamed-chunk-69-2.pdf, id=926, 505.89pt x 505.89pt>
File: figure/unnamed-chunk-69-2.pdf Graphic file (type pdf)

<use figure/unnamed-chunk-69-2.pdf>
Package pdftex.def Info: figure/unnamed-chunk-69-2.pdf used on input line 1795.

(pdftex.def)             Requested size: 505.88875pt x 505.89645pt.
 [70 <./figure/unnamed-chunk-69-1.pdf>]
<figure/unnamed-chunk-69-3.pdf, id=936, 505.89pt x 505.89pt>
File: figure/unnamed-chunk-69-3.pdf Graphic file (type pdf)

<use figure/unnamed-chunk-69-3.pdf>
Package pdftex.def Info: figure/unnamed-chunk-69-3.pdf used on input line 1800.

(pdftex.def)             Requested size: 505.88875pt x 505.89645pt.
 [71 <./figure/unnamed-chunk-69-2.pdf>]
<figure/unnamed-chunk-69-4.pdf, id=947, 505.89pt x 505.89pt>
File: figure/unnamed-chunk-69-4.pdf Graphic file (type pdf)

<use figure/unnamed-chunk-69-4.pdf>
Package pdftex.def Info: figure/unnamed-chunk-69-4.pdf used on input line 1807.

(pdftex.def)             Requested size: 505.88875pt x 505.89645pt.
 [72 <./figure/unnamed-chunk-69-3.pdf>]
<figure/unnamed-chunk-69-5.pdf, id=957, 505.89pt x 505.89pt>
File: figure/unnamed-chunk-69-5.pdf Graphic file (type pdf)

<use figure/unnamed-chunk-69-5.pdf>
Package pdftex.def Info: figure/unnamed-chunk-69-5.pdf used on input line 1814.

(pdftex.def)             Requested size: 505.88875pt x 505.89645pt.
 [73 <./figure/unnamed-chunk-69-4.pdf>]
LaTeX Font Info:    Try loading font information for OMS+cmr on input line 1824
.

(/usr/share/texlive/texmf-dist/tex/latex/base/omscmr.fd
File: omscmr.fd 1999/05/25 v2.5h Standard LaTeX font definitions
)
LaTeX Font Info:    Font shape `OMS/cmr/m/n' in size <12> not available
(Font)              Font shape `OMS/cmsy/m/n' tried instead on input line 1824.

 [74 <./figure/unnamed-chunk-69-5.pdf>]
Package color Info: Redefining color shadecolor on input line 1836.
Package color Info: Redefining color shadecolor on input line 1883.
 [75]
Package atveryend Info: Empty hook `BeforeClearDocument' on input line 1908.
 [76]
Package atveryend Info: Empty hook `AfterLastShipout' on input line 1908.
 (./vignette.aux)
Package atveryend Info: Executing hook `AtVeryEndDocument' on input line 1908.
Package atveryend Info: Executing hook `AtEndAfterFileList' on input line 1908.

Package rerunfilecheck Info: File `vignette.out' has not changed.
(rerunfilecheck)             Checksum: 3B3C54082509B26784F61DCD6E60BE13;2442.
Package atveryend Info: Empty hook `AtVeryVeryEnd' on input line 1908.
 ) 
Here is how much of TeX's memory you used:
 6993 strings out of 493304
 105144 string characters out of 6139872
 206719 words of memory out of 5000000
 10167 multiletter control sequences out of 15000+600000
 20247 words of font info for 76 fonts, out of 8000000 for 9000
 957 hyphenation exceptions out of 8191
 33i,6n,32p,774b,446s stack positions out of 5000i,500n,10000p,200000b,80000s
</usr/share/texlive/texmf-dist/fonts/type1/public/amsfonts/cm/cmbx12.pfb></us
r/share/texlive/texmf-dist/fonts/type1/public/amsfonts/cm/cmitt10.pfb></usr/sha
re/texlive/texmf-dist/fonts/type1/public/amsfonts/cm/cmmi12.pfb></usr/share/tex
live/texmf-dist/fonts/type1/public/amsfonts/cm/cmmi8.pfb></usr/share/texlive/te
xmf-dist/fonts/type1/public/amsfonts/cm/cmr12.pfb></usr/share/texlive/texmf-dis
t/fonts/type1/public/amsfonts/cm/cmr17.pfb></usr/share/texlive/texmf-dist/fonts
/type1/public/amsfonts/cm/cmsy10.pfb></usr/share/texlive/texmf-dist/fonts/type1
/public/amsfonts/cm/cmsy7.pfb></usr/share/texlive/texmf-dist/fonts/type1/public
/amsfonts/cm/cmti10.pfb></usr/share/texlive/texmf-dist/fonts/type1/public/amsfo
nts/cm/cmtt10.pfb></usr/share/texlive/texmf-dist/fonts/type1/public/amsfonts/cm
/cmtt12.pfb>
Output written on vignette.pdf (76 pages, 8402766 bytes).
PDF statistics:
 1053 PDF objects out of 1200 (max. 8388607)
 840 compressed objects within 9 object streams
 107 named destinations out of 1000 (max. 500000)
 515 words of extra memory for PDF output out of 10000 (max. 10000000)

