* using log directory 'C:/Users/taudiere/Desktop/cati/pkg/cati.Rcheck'
* using R version 3.0.3 (2014-03-06)
* using platform: x86_64-w64-mingw32 (64-bit)
* using session charset: ASCII
* checking for file 'cati/DESCRIPTION' ... OK
* checking extension type ... Package
* this is package 'cati' version '0.91'
* checking CRAN incoming feasibility ... NOTE
Maintainer: 'Adrien Taudiere <adrien.taudiere@cefe.cnrs.fr>'
Version jumps in minor (submitted: 0.91, existing: 0.8)
* checking package namespace information ... OK
* checking package dependencies ... OK
* checking if this is a source package ... OK
* checking if there is a namespace ... OK
* checking for executable files ... OK
* checking for hidden files and directories ... OK
* checking for portable file names ... OK
* checking whether package 'cati' can be installed ... OK
* checking installed package size ... OK
* checking package directory ... OK
* checking DESCRIPTION meta-information ... OK
* checking top-level files ... OK
* checking for left-over files ... OK
* checking index information ... OK
* checking package subdirectories ... OK
* checking R files for non-ASCII characters ... OK
* checking R files for syntax errors ... OK
* checking whether the package can be loaded ... OK
* checking whether the package can be loaded with stated dependencies ... OK
* checking whether the package can be unloaded cleanly ... OK
* checking whether the namespace can be loaded with stated dependencies ... OK
* checking whether the namespace can be unloaded cleanly ... OK
* checking loading without being on the library search path ... OK
* checking dependencies in R code ... NOTE
Namespaces in Imports field not imported from:
  'e1071' 'hypervolume' 'mice' 'rasterVis'
  All declared Imports should be used.
Packages in Depends field not imported from:
  'ade4' 'ape' 'nlme'
  These packages need to be imported from (in the NAMESPACE file)
  for when this namespace is loaded but not attached.
See the information on DESCRIPTION files in the chapter 'Creating R
packages' of the 'Writing R Extensions' manual.
* checking S3 generic/method consistency ... OK
* checking replacement functions ... OK
* checking foreign function calls ... OK
* checking R code for possible problems ... NOTE
barPartvar: no visible global function definition for 'anyNA'
piePartvar: no visible global function definition for 'anyNA'
* checking Rd files ... OK
* checking Rd metadata ... OK
* checking Rd line widths ... OK
* checking Rd cross-references ... OK
* checking for missing documentation entries ... OK
* checking for code/documentation mismatches ... OK
* checking Rd \usage sections ... OK
* checking Rd contents ... OK
* checking for unstated dependencies in examples ... OK
* checking contents of 'data' directory ... OK
* checking data for non-ASCII characters ... OK
* checking data for ASCII and uncompressed saves ... OK
* checking examples ... ERROR
Running examples in 'cati-Ex.R' failed
The error most likely occurred in:

> base::assign(".ptime", proc.time(), pos = "CheckExEnv")
> ### Name: CVNND
> ### Title: Coefficient of variation of the nearest neigbourhood distance
> ###   (CVNND)
> ### Aliases: CVNND
> 
> ### ** Examples
> 
> 	data(finch.ind)
> 	CVNND(traits.finch[,1])
Error: could not find function "CVNND"
Execution halted
