* installing *source* package 'cati' ...
** R
** data
** inst
** preparing package for lazy loading
Avis : replacing previous import by 'vegan::cca' when loading 'cati'
** help
Avis : C:/Users/taudiere/Documents/GitHub/cati/pkg/cati.Rcheck/00_pkg_src/cati/man/samplingSubsetData.Rd:17: unexpected section header '\arguments'
Avis : C:/Users/taudiere/Documents/GitHub/cati/pkg/cati.Rcheck/00_pkg_src/cati/man/samplingSubsetData.Rd:18: unknown macro '\item'
Avis : C:/Users/taudiere/Documents/GitHub/cati/pkg/cati.Rcheck/00_pkg_src/cati/man/samplingSubsetData.Rd:21: unknown macro '\item'
Avis : C:/Users/taudiere/Documents/GitHub/cati/pkg/cati.Rcheck/00_pkg_src/cati/man/samplingSubsetData.Rd:24: unknown macro '\item'
Avis : C:/Users/taudiere/Documents/GitHub/cati/pkg/cati.Rcheck/00_pkg_src/cati/man/samplingSubsetData.Rd:27: unknown macro '\item'
Avis : C:/Users/taudiere/Documents/GitHub/cati/pkg/cati.Rcheck/00_pkg_src/cati/man/samplingSubsetData.Rd:30: unknown macro '\item'
Avis : C:/Users/taudiere/Documents/GitHub/cati/pkg/cati.Rcheck/00_pkg_src/cati/man/samplingSubsetData.Rd:35: unexpected section header '\details'
Avis : C:/Users/taudiere/Documents/GitHub/cati/pkg/cati.Rcheck/00_pkg_src/cati/man/samplingSubsetData.Rd:39: unexpected section header '\value'
Avis : C:/Users/taudiere/Documents/GitHub/cati/pkg/cati.Rcheck/00_pkg_src/cati/man/samplingSubsetData.Rd:43: unexpected section header '\author'
Avis : C:/Users/taudiere/Documents/GitHub/cati/pkg/cati.Rcheck/00_pkg_src/cati/man/samplingSubsetData.Rd:47: unexpected END_OF_INPUT '
'
*** installing help indices
** building package indices
** testing if installed package can be loaded
*** arch - i386
Avis : replacing previous import by 'vegan::cca' when loading 'cati'
*** arch - x64
Avis : replacing previous import by 'vegan::cca' when loading 'cati'
* DONE (cati)
