This is pdfTeX, Version 3.1415926-2.5-1.40.14 (MiKTeX 2.9) (preloaded format=pdflatex 2014.3.11)  9 SEP 2014 17:18
entering extended mode
**vignette.tex
(C:\Users\taudiere\Desktop\cati\tutorial\vignettes\vignette.tex
LaTeX2e <2011/06/27>
Babel <v3.8m> and hyphenation patterns for english, afrikaans, ancientgreek, ar
abic, armenian, assamese, basque, bengali, bokmal, bulgarian, catalan, coptic, 
croatian, czech, danish, dutch, esperanto, estonian, farsi, finnish, french, ga
lician, german, german-x-2013-05-26, greek, gujarati, hindi, hungarian, iceland
ic, indonesian, interlingua, irish, italian, kannada, kurmanji, latin, latvian,
 lithuanian, malayalam, marathi, mongolian, mongolianlmc, monogreek, ngerman, n
german-x-2013-05-26, nynorsk, oriya, panjabi, pinyin, polish, portuguese, roman
ian, russian, sanskrit, serbian, slovak, slovenian, spanish, swedish, swissgerm
an, tamil, telugu, turkish, turkmen, ukenglish, ukrainian, uppersorbian, usengl
ishmax, welsh, loaded.
("C:\Program Files (x86)\MiKTeX 2.9\tex\latex\base\article.cls"
Document Class: article 2007/10/19 v1.4h Standard LaTeX document class
("C:\Program Files (x86)\MiKTeX 2.9\tex\latex\base\size12.clo"
File: size12.clo 2007/10/19 v1.4h Standard LaTeX file (size option)
)
\c@part=\count79
\c@section=\count80
\c@subsection=\count81
\c@subsubsection=\count82
\c@paragraph=\count83
\c@subparagraph=\count84
\c@figure=\count85
\c@table=\count86
\abovecaptionskip=\skip41
\belowcaptionskip=\skip42
\bibindent=\dimen102
)
("C:\Program Files (x86)\MiKTeX 2.9\tex\latex\graphics\graphicx.sty"
Package: graphicx 1999/02/16 v1.0f Enhanced LaTeX Graphics (DPC,SPQR)

("C:\Program Files (x86)\MiKTeX 2.9\tex\latex\graphics\keyval.sty"
Package: keyval 1999/03/16 v1.13 key=value parser (DPC)
\KV@toks@=\toks14
)
("C:\Program Files (x86)\MiKTeX 2.9\tex\latex\graphics\graphics.sty"
Package: graphics 2009/02/05 v1.0o Standard LaTeX Graphics (DPC,SPQR)

("C:\Program Files (x86)\MiKTeX 2.9\tex\latex\graphics\trig.sty"
Package: trig 1999/03/16 v1.09 sin cos tan (DPC)
)
("C:\Program Files (x86)\MiKTeX 2.9\tex\latex\00miktex\graphics.cfg"
File: graphics.cfg 2007/01/18 v1.5 graphics configuration of teTeX/TeXLive
)
Package graphics Info: Driver file: pdftex.def on input line 91.

("C:\Program Files (x86)\MiKTeX 2.9\tex\latex\pdftex-def\pdftex.def"
File: pdftex.def 2011/05/27 v0.06d Graphics/color for pdfTeX

("C:\Program Files (x86)\MiKTeX 2.9\tex\generic\oberdiek\infwarerr.sty"
Package: infwarerr 2010/04/08 v1.3 Providing info/warning/error messages (HO)
)
("C:\Program Files (x86)\MiKTeX 2.9\tex\generic\oberdiek\ltxcmds.sty"
Package: ltxcmds 2011/11/09 v1.22 LaTeX kernel commands for general use (HO)
)
\Gread@gobject=\count87
))
\Gin@req@height=\dimen103
\Gin@req@width=\dimen104
)
("C:\Program Files (x86)\MiKTeX 2.9\tex\latex\graphics\color.sty"
Package: color 2005/11/14 v1.0j Standard LaTeX Color (DPC)

("C:\Program Files (x86)\MiKTeX 2.9\tex\latex\00miktex\color.cfg"
File: color.cfg 2007/01/18 v1.5 color configuration of teTeX/TeXLive
)
Package color Info: Driver file: pdftex.def on input line 130.
)
("C:\Program Files (x86)\MiKTeX 2.9\tex\latex\framed\framed.sty"
Package: framed 2011/10/22 v 0.96: framed or shaded text with page breaks
\OuterFrameSep=\skip43
\fb@frw=\dimen105
\fb@frh=\dimen106
\FrameRule=\dimen107
\FrameSep=\dimen108
)
("C:\Program Files (x86)\MiKTeX 2.9\tex\latex\base\alltt.sty"
Package: alltt 1997/06/16 v2.0g defines alltt environment
)
("C:\Program Files (x86)\MiKTeX 2.9\tex\latex\base\inputenc.sty"
Package: inputenc 2008/03/30 v1.1d Input encoding file
\inpenc@prehook=\toks15
\inpenc@posthook=\toks16

("C:\Program Files (x86)\MiKTeX 2.9\tex\latex\base\utf8.def"
File: utf8.def 2008/04/05 v1.1m UTF-8 support for inputenc
Now handling font encoding OML ...
... no UTF-8 mapping file for font encoding OML
Now handling font encoding T1 ...
... processing UTF-8 mapping file for font encoding T1

("C:\Program Files (x86)\MiKTeX 2.9\tex\latex\base\t1enc.dfu"
File: t1enc.dfu 2008/04/05 v1.1m UTF-8 support for inputenc
   defining Unicode char U+00A1 (decimal 161)
   defining Unicode char U+00A3 (decimal 163)
   defining Unicode char U+00AB (decimal 171)
   defining Unicode char U+00BB (decimal 187)
   defining Unicode char U+00BF (decimal 191)
   defining Unicode char U+00C0 (decimal 192)
   defining Unicode char U+00C1 (decimal 193)
   defining Unicode char U+00C2 (decimal 194)
   defining Unicode char U+00C3 (decimal 195)
   defining Unicode char U+00C4 (decimal 196)
   defining Unicode char U+00C5 (decimal 197)
   defining Unicode char U+00C6 (decimal 198)
   defining Unicode char U+00C7 (decimal 199)
   defining Unicode char U+00C8 (decimal 200)
   defining Unicode char U+00C9 (decimal 201)
   defining Unicode char U+00CA (decimal 202)
   defining Unicode char U+00CB (decimal 203)
   defining Unicode char U+00CC (decimal 204)
   defining Unicode char U+00CD (decimal 205)
   defining Unicode char U+00CE (decimal 206)
   defining Unicode char U+00CF (decimal 207)
   defining Unicode char U+00D0 (decimal 208)
   defining Unicode char U+00D1 (decimal 209)
   defining Unicode char U+00D2 (decimal 210)
   defining Unicode char U+00D3 (decimal 211)
   defining Unicode char U+00D4 (decimal 212)
   defining Unicode char U+00D5 (decimal 213)
   defining Unicode char U+00D6 (decimal 214)
   defining Unicode char U+00D8 (decimal 216)
   defining Unicode char U+00D9 (decimal 217)
   defining Unicode char U+00DA (decimal 218)
   defining Unicode char U+00DB (decimal 219)
   defining Unicode char U+00DC (decimal 220)
   defining Unicode char U+00DD (decimal 221)
   defining Unicode char U+00DE (decimal 222)
   defining Unicode char U+00DF (decimal 223)
   defining Unicode char U+00E0 (decimal 224)
   defining Unicode char U+00E1 (decimal 225)
   defining Unicode char U+00E2 (decimal 226)
   defining Unicode char U+00E3 (decimal 227)
   defining Unicode char U+00E4 (decimal 228)
   defining Unicode char U+00E5 (decimal 229)
   defining Unicode char U+00E6 (decimal 230)
   defining Unicode char U+00E7 (decimal 231)
   defining Unicode char U+00E8 (decimal 232)
   defining Unicode char U+00E9 (decimal 233)
   defining Unicode char U+00EA (decimal 234)
   defining Unicode char U+00EB (decimal 235)
   defining Unicode char U+00EC (decimal 236)
   defining Unicode char U+00ED (decimal 237)
   defining Unicode char U+00EE (decimal 238)
   defining Unicode char U+00EF (decimal 239)
   defining Unicode char U+00F0 (decimal 240)
   defining Unicode char U+00F1 (decimal 241)
   defining Unicode char U+00F2 (decimal 242)
   defining Unicode char U+00F3 (decimal 243)
   defining Unicode char U+00F4 (decimal 244)
   defining Unicode char U+00F5 (decimal 245)
   defining Unicode char U+00F6 (decimal 246)
   defining Unicode char U+00F8 (decimal 248)
   defining Unicode char U+00F9 (decimal 249)
   defining Unicode char U+00FA (decimal 250)
   defining Unicode char U+00FB (decimal 251)
   defining Unicode char U+00FC (decimal 252)
   defining Unicode char U+00FD (decimal 253)
   defining Unicode char U+00FE (decimal 254)
   defining Unicode char U+00FF (decimal 255)
   defining Unicode char U+0102 (decimal 258)
   defining Unicode char U+0103 (decimal 259)
   defining Unicode char U+0104 (decimal 260)
   defining Unicode char U+0105 (decimal 261)
   defining Unicode char U+0106 (decimal 262)
   defining Unicode char U+0107 (decimal 263)
   defining Unicode char U+010C (decimal 268)
   defining Unicode char U+010D (decimal 269)
   defining Unicode char U+010E (decimal 270)
   defining Unicode char U+010F (decimal 271)
   defining Unicode char U+0110 (decimal 272)
   defining Unicode char U+0111 (decimal 273)
   defining Unicode char U+0118 (decimal 280)
   defining Unicode char U+0119 (decimal 281)
   defining Unicode char U+011A (decimal 282)
   defining Unicode char U+011B (decimal 283)
   defining Unicode char U+011E (decimal 286)
   defining Unicode char U+011F (decimal 287)
   defining Unicode char U+0130 (decimal 304)
   defining Unicode char U+0131 (decimal 305)
   defining Unicode char U+0132 (decimal 306)
   defining Unicode char U+0133 (decimal 307)
   defining Unicode char U+0139 (decimal 313)
   defining Unicode char U+013A (decimal 314)
   defining Unicode char U+013D (decimal 317)
   defining Unicode char U+013E (decimal 318)
   defining Unicode char U+0141 (decimal 321)
   defining Unicode char U+0142 (decimal 322)
   defining Unicode char U+0143 (decimal 323)
   defining Unicode char U+0144 (decimal 324)
   defining Unicode char U+0147 (decimal 327)
   defining Unicode char U+0148 (decimal 328)
   defining Unicode char U+014A (decimal 330)
   defining Unicode char U+014B (decimal 331)
   defining Unicode char U+0150 (decimal 336)
   defining Unicode char U+0151 (decimal 337)
   defining Unicode char U+0152 (decimal 338)
   defining Unicode char U+0153 (decimal 339)
   defining Unicode char U+0154 (decimal 340)
   defining Unicode char U+0155 (decimal 341)
   defining Unicode char U+0158 (decimal 344)
   defining Unicode char U+0159 (decimal 345)
   defining Unicode char U+015A (decimal 346)
   defining Unicode char U+015B (decimal 347)
   defining Unicode char U+015E (decimal 350)
   defining Unicode char U+015F (decimal 351)
   defining Unicode char U+0160 (decimal 352)
   defining Unicode char U+0161 (decimal 353)
   defining Unicode char U+0162 (decimal 354)
   defining Unicode char U+0163 (decimal 355)
   defining Unicode char U+0164 (decimal 356)
   defining Unicode char U+0165 (decimal 357)
   defining Unicode char U+016E (decimal 366)
   defining Unicode char U+016F (decimal 367)
   defining Unicode char U+0170 (decimal 368)
   defining Unicode char U+0171 (decimal 369)
   defining Unicode char U+0178 (decimal 376)
   defining Unicode char U+0179 (decimal 377)
   defining Unicode char U+017A (decimal 378)
   defining Unicode char U+017B (decimal 379)
   defining Unicode char U+017C (decimal 380)
   defining Unicode char U+017D (decimal 381)
   defining Unicode char U+017E (decimal 382)
   defining Unicode char U+200C (decimal 8204)
   defining Unicode char U+2013 (decimal 8211)
   defining Unicode char U+2014 (decimal 8212)
   defining Unicode char U+2018 (decimal 8216)
   defining Unicode char U+2019 (decimal 8217)
   defining Unicode char U+201A (decimal 8218)
   defining Unicode char U+201C (decimal 8220)
   defining Unicode char U+201D (decimal 8221)
   defining Unicode char U+201E (decimal 8222)
   defining Unicode char U+2030 (decimal 8240)
   defining Unicode char U+2031 (decimal 8241)
   defining Unicode char U+2039 (decimal 8249)
   defining Unicode char U+203A (decimal 8250)
   defining Unicode char U+2423 (decimal 9251)
)
Now handling font encoding OT1 ...
... processing UTF-8 mapping file for font encoding OT1

("C:\Program Files (x86)\MiKTeX 2.9\tex\latex\base\ot1enc.dfu"
File: ot1enc.dfu 2008/04/05 v1.1m UTF-8 support for inputenc
   defining Unicode char U+00A1 (decimal 161)
   defining Unicode char U+00A3 (decimal 163)
   defining Unicode char U+00B8 (decimal 184)
   defining Unicode char U+00BF (decimal 191)
   defining Unicode char U+00C5 (decimal 197)
   defining Unicode char U+00C6 (decimal 198)
   defining Unicode char U+00D8 (decimal 216)
   defining Unicode char U+00DF (decimal 223)
   defining Unicode char U+00E6 (decimal 230)
   defining Unicode char U+00EC (decimal 236)
   defining Unicode char U+00ED (decimal 237)
   defining Unicode char U+00EE (decimal 238)
   defining Unicode char U+00EF (decimal 239)
   defining Unicode char U+00F8 (decimal 248)
   defining Unicode char U+0131 (decimal 305)
   defining Unicode char U+0141 (decimal 321)
   defining Unicode char U+0142 (decimal 322)
   defining Unicode char U+0152 (decimal 338)
   defining Unicode char U+0153 (decimal 339)
   defining Unicode char U+2013 (decimal 8211)
   defining Unicode char U+2014 (decimal 8212)
   defining Unicode char U+2018 (decimal 8216)
   defining Unicode char U+2019 (decimal 8217)
   defining Unicode char U+201C (decimal 8220)
   defining Unicode char U+201D (decimal 8221)
)
Now handling font encoding OMS ...
... processing UTF-8 mapping file for font encoding OMS

("C:\Program Files (x86)\MiKTeX 2.9\tex\latex\base\omsenc.dfu"
File: omsenc.dfu 2008/04/05 v1.1m UTF-8 support for inputenc
   defining Unicode char U+00A7 (decimal 167)
   defining Unicode char U+00B6 (decimal 182)
   defining Unicode char U+00B7 (decimal 183)
   defining Unicode char U+2020 (decimal 8224)
   defining Unicode char U+2021 (decimal 8225)
   defining Unicode char U+2022 (decimal 8226)
)
Now handling font encoding OMX ...
... no UTF-8 mapping file for font encoding OMX
Now handling font encoding U ...
... no UTF-8 mapping file for font encoding U
   defining Unicode char U+00A9 (decimal 169)
   defining Unicode char U+00AA (decimal 170)
   defining Unicode char U+00AE (decimal 174)
   defining Unicode char U+00BA (decimal 186)
   defining Unicode char U+02C6 (decimal 710)
   defining Unicode char U+02DC (decimal 732)
   defining Unicode char U+200C (decimal 8204)
   defining Unicode char U+2026 (decimal 8230)
   defining Unicode char U+2122 (decimal 8482)
   defining Unicode char U+2423 (decimal 9251)
))
("C:\Program Files (x86)\MiKTeX 2.9\tex\latex\hyperref\hyperref.sty"
Package: hyperref 2012/11/06 v6.83m Hypertext links for LaTeX

("C:\Program Files (x86)\MiKTeX 2.9\tex\generic\oberdiek\hobsub-hyperref.sty"
Package: hobsub-hyperref 2012/04/25 v1.12 Bundle oberdiek, subset hyperref (HO)


("C:\Program Files (x86)\MiKTeX 2.9\tex\generic\oberdiek\hobsub-generic.sty"
Package: hobsub-generic 2012/04/25 v1.12 Bundle oberdiek, subset generic (HO)
Package: hobsub 2012/04/25 v1.12 Construct package bundles (HO)
Package hobsub Info: Skipping package `infwarerr' (already loaded).
Package hobsub Info: Skipping package `ltxcmds' (already loaded).
Package: ifluatex 2010/03/01 v1.3 Provides the ifluatex switch (HO)
Package ifluatex Info: LuaTeX not detected.
Package: ifvtex 2010/03/01 v1.5 Detect VTeX and its facilities (HO)
Package ifvtex Info: VTeX not detected.
Package: intcalc 2007/09/27 v1.1 Expandable calculations with integers (HO)
Package: ifpdf 2011/01/30 v2.3 Provides the ifpdf switch (HO)
Package ifpdf Info: pdfTeX in PDF mode is detected.
Package: etexcmds 2011/02/16 v1.5 Avoid name clashes with e-TeX commands (HO)
Package etexcmds Info: Could not find \expanded.
(etexcmds)             That can mean that you are not using pdfTeX 1.50 or
(etexcmds)             that some package has redefined \expanded.
(etexcmds)             In the latter case, load this package earlier.
Package: kvsetkeys 2012/04/25 v1.16 Key value parser (HO)
Package: kvdefinekeys 2011/04/07 v1.3 Define keys (HO)
Package: pdftexcmds 2011/11/29 v0.20 Utility functions of pdfTeX for LuaTeX (HO
)
Package pdftexcmds Info: LuaTeX not detected.
Package pdftexcmds Info: \pdf@primitive is available.
Package pdftexcmds Info: \pdf@ifprimitive is available.
Package pdftexcmds Info: \pdfdraftmode found.
Package: pdfescape 2011/11/25 v1.13 Implements pdfTeX's escape features (HO)
Package: bigintcalc 2012/04/08 v1.3 Expandable calculations on big integers (HO
)
Package: bitset 2011/01/30 v1.1 Handle bit-vector datatype (HO)
Package: uniquecounter 2011/01/30 v1.2 Provide unlimited unique counter (HO)
)
Package hobsub Info: Skipping package `hobsub' (already loaded).
Package: letltxmacro 2010/09/02 v1.4 Let assignment for LaTeX macros (HO)
Package: hopatch 2011/06/24 v1.1 Wrapper for package hooks (HO)
Package: xcolor-patch 2011/01/30 xcolor patch
Package: atveryend 2011/06/30 v1.8 Hooks at the very end of document (HO)
Package atveryend Info: \enddocument detected (standard20110627).
Package: atbegshi 2011/10/05 v1.16 At begin shipout hook (HO)
Package: refcount 2011/10/16 v3.4 Data extraction from label references (HO)
Package: hycolor 2011/01/30 v1.7 Color options for hyperref/bookmark (HO)
)
("C:\Program Files (x86)\MiKTeX 2.9\tex\generic\ifxetex\ifxetex.sty"
Package: ifxetex 2010/09/12 v0.6 Provides ifxetex conditional
)
("C:\Program Files (x86)\MiKTeX 2.9\tex\latex\oberdiek\auxhook.sty"
Package: auxhook 2011/03/04 v1.3 Hooks for auxiliary files (HO)
)
("C:\Program Files (x86)\MiKTeX 2.9\tex\latex\oberdiek\kvoptions.sty"
Package: kvoptions 2011/06/30 v3.11 Key value format for package options (HO)
)
\@linkdim=\dimen109
\Hy@linkcounter=\count88
\Hy@pagecounter=\count89

("C:\Program Files (x86)\MiKTeX 2.9\tex\latex\hyperref\pd1enc.def"
File: pd1enc.def 2012/11/06 v6.83m Hyperref: PDFDocEncoding definition (HO)
Now handling font encoding PD1 ...
... no UTF-8 mapping file for font encoding PD1
)
\Hy@SavedSpaceFactor=\count90

("C:\Program Files (x86)\MiKTeX 2.9\tex\latex\00miktex\hyperref.cfg"
File: hyperref.cfg 2002/06/06 v1.2 hyperref configuration of TeXLive
)
Package hyperref Info: Option `colorlinks' set `true' on input line 4319.
Package hyperref Info: Hyper figures OFF on input line 4443.
Package hyperref Info: Link nesting OFF on input line 4448.
Package hyperref Info: Hyper index ON on input line 4451.
Package hyperref Info: Plain pages OFF on input line 4458.
Package hyperref Info: Backreferencing OFF on input line 4463.
Package hyperref Info: Implicit mode ON; LaTeX internals redefined.
Package hyperref Info: Bookmarks ON on input line 4688.
\c@Hy@tempcnt=\count91

("C:\Program Files (x86)\MiKTeX 2.9\tex\latex\url\url.sty"
\Urlmuskip=\muskip10
Package: url 2013/09/16  ver 3.4  Verb mode for urls, etc.
)
LaTeX Info: Redefining \url on input line 5041.
\XeTeXLinkMargin=\dimen110
\Fld@menulength=\count92
\Field@Width=\dimen111
\Fld@charsize=\dimen112
Package hyperref Info: Hyper figures OFF on input line 6295.
Package hyperref Info: Link nesting OFF on input line 6300.
Package hyperref Info: Hyper index ON on input line 6303.
Package hyperref Info: backreferencing OFF on input line 6310.
Package hyperref Info: Link coloring ON on input line 6313.
Package hyperref Info: Link coloring with OCG OFF on input line 6320.
Package hyperref Info: PDF/A mode OFF on input line 6325.
LaTeX Info: Redefining \ref on input line 6365.
LaTeX Info: Redefining \pageref on input line 6369.
\Hy@abspage=\count93
\c@Item=\count94
\c@Hfootnote=\count95
)

Package hyperref Message: Driver (autodetected): hpdftex.

("C:\Program Files (x86)\MiKTeX 2.9\tex\latex\hyperref\hpdftex.def"
File: hpdftex.def 2012/11/06 v6.83m Hyperref driver for pdfTeX
\Fld@listcount=\count96
\c@bookmark@seq@number=\count97

("C:\Program Files (x86)\MiKTeX 2.9\tex\latex\oberdiek\rerunfilecheck.sty"
Package: rerunfilecheck 2011/04/15 v1.7 Rerun checks for auxiliary files (HO)
Package uniquecounter Info: New unique counter `rerunfilecheck' on input line 2
82.
)
\Hy@SectionHShift=\skip44
)
("C:\Program Files (x86)\MiKTeX 2.9\tex\latex\tools\array.sty"
Package: array 2008/09/09 v2.4c Tabular extension package (FMi)
\col@sep=\dimen113
\extrarowheight=\dimen114
\NC@list=\toks17
\extratabsurround=\skip45
\backup@length=\skip46
)
("C:\Program Files (x86)\MiKTeX 2.9\tex\generic\babel\babel.sty"
Package: babel 2008/07/08 v3.8m The Babel package

*************************************
* Local config file bblopts.cfg used
*
("C:\Program Files (x86)\MiKTeX 2.9\tex\latex\00miktex\bblopts.cfg"
File: bblopts.cfg 2006/07/31 v1.0 MiKTeX 'babel' configuration
)
("C:\Program Files (x86)\MiKTeX 2.9\tex\generic\babel\english.ldf"
Language: english 2005/03/30 v3.3o English support from the babel system

("C:\Program Files (x86)\MiKTeX 2.9\tex\generic\babel\babel.def"
File: babel.def 2008/07/08 v3.8m Babel common definitions
\babel@savecnt=\count98
\U@D=\dimen115
)
\l@canadian = a dialect from \language\l@american 
\l@australian = a dialect from \language\l@british 
\l@newzealand = a dialect from \language\l@british 
))
("C:\Program Files (x86)\MiKTeX 2.9\tex\latex\amsfonts\amsfonts.sty"
Package: amsfonts 2013/01/14 v3.01 Basic AMSFonts support
\@emptytoks=\toks18
\symAMSa=\mathgroup4
\symAMSb=\mathgroup5
LaTeX Font Info:    Overwriting math alphabet `\mathfrak' in version `bold'
(Font)                  U/euf/m/n --> U/euf/b/n on input line 106.
)
("C:\Program Files (x86)\MiKTeX 2.9\tex\latex\tools\bm.sty"
Package: bm 2004/02/26 v1.1c Bold Symbol Support (DPC/FMi)
\symboldoperators=\mathgroup6
\symboldletters=\mathgroup7
\symboldsymbols=\mathgroup8
LaTeX Font Info:    Redeclaring math alphabet \mathbf on input line 138.
LaTeX Info: Redefining \bm on input line 204.
)
("C:\Program Files (x86)\MiKTeX 2.9\tex\latex\geometry\geometry.sty"
Package: geometry 2010/09/12 v5.6 Page Geometry
\Gm@cnth=\count99
\Gm@cntv=\count100
\c@Gm@tempcnt=\count101
\Gm@bindingoffset=\dimen116
\Gm@wd@mp=\dimen117
\Gm@odd@mp=\dimen118
\Gm@even@mp=\dimen119
\Gm@layoutwidth=\dimen120
\Gm@layoutheight=\dimen121
\Gm@layouthoffset=\dimen122
\Gm@layoutvoffset=\dimen123
\Gm@dimlist=\toks19

("C:\Program Files (x86)\MiKTeX 2.9\tex\latex\geometry\geometry.cfg"))
("C:\Program Files (x86)\MiKTeX 2.9\tex\latex\preprint\authblk.sty"
Package: authblk 2001/02/27 1.3 (PWD)
\affilsep=\skip47
\@affilsep=\skip48
\c@Maxaffil=\count102
\c@authors=\count103
\c@affil=\count104
)
("C:\Program Files (x86)\MiKTeX 2.9\tex\latex\upquote\upquote.sty"
Package: upquote 2012/04/19 v1.3 upright-quote and grave-accent glyphs in verba
tim
)
(C:\Users\taudiere\Desktop\cati\tutorial\vignettes\vignette.aux)
LaTeX Font Info:    Checking defaults for OML/cmm/m/it on input line 84.
LaTeX Font Info:    ... okay on input line 84.
LaTeX Font Info:    Checking defaults for T1/cmr/m/n on input line 84.
LaTeX Font Info:    ... okay on input line 84.
LaTeX Font Info:    Checking defaults for OT1/cmr/m/n on input line 84.
LaTeX Font Info:    ... okay on input line 84.
LaTeX Font Info:    Checking defaults for OMS/cmsy/m/n on input line 84.
LaTeX Font Info:    ... okay on input line 84.
LaTeX Font Info:    Checking defaults for OMX/cmex/m/n on input line 84.
LaTeX Font Info:    ... okay on input line 84.
LaTeX Font Info:    Checking defaults for U/cmr/m/n on input line 84.
LaTeX Font Info:    ... okay on input line 84.
LaTeX Font Info:    Checking defaults for PD1/pdf/m/n on input line 84.
LaTeX Font Info:    ... okay on input line 84.

("C:\Program Files (x86)\MiKTeX 2.9\tex\context\base\supp-pdf.mkii"
[Loading MPS to PDF converter (version 2006.09.02).]
\scratchcounter=\count105
\scratchdimen=\dimen124
\scratchbox=\box26
\nofMPsegments=\count106
\nofMParguments=\count107
\everyMPshowfont=\toks20
\MPscratchCnt=\count108
\MPscratchDim=\dimen125
\MPnumerator=\count109
\makeMPintoPDFobject=\count110
\everyMPtoPDFconversion=\toks21
)
\AtBeginShipoutBox=\box27
Package hyperref Info: Link coloring ON on input line 84.
 ("C:\Program Files (x86)\MiKTeX 2.9\tex\latex\hyperref\nameref.sty"
Package: nameref 2012/10/27 v2.43 Cross-referencing by name of section

("C:\Program Files (x86)\MiKTeX 2.9\tex\generic\oberdiek\gettitlestring.sty"
Package: gettitlestring 2010/12/03 v1.4 Cleanup title references (HO)
)
\c@section@level=\count111
)
LaTeX Info: Redefining \ref on input line 84.
LaTeX Info: Redefining \pageref on input line 84.
LaTeX Info: Redefining \nameref on input line 84.

(C:\Users\taudiere\Desktop\cati\tutorial\vignettes\vignette.out)
(C:\Users\taudiere\Desktop\cati\tutorial\vignettes\vignette.out)
\@outlinefile=\write3

*geometry* driver: auto-detecting
*geometry* detected driver: pdftex
*geometry* verbose mode - [ preamble ] result:
* driver: pdftex
* paper: <default>
* layout: <same size as paper>
* layoutoffset:(h,v)=(0.0pt,0.0pt)
* modes: 
* h-part:(L,W,R)=(42.67912pt, 528.93675pt, 42.67912pt)
* v-part:(T,H,B)=(42.67912pt, 709.61174pt, 42.67912pt)
* \paperwidth=614.295pt
* \paperheight=794.96999pt
* \textwidth=528.93675pt
* \textheight=709.61174pt
* \oddsidemargin=-29.59087pt
* \evensidemargin=-29.59087pt
* \topmargin=-66.59087pt
* \headheight=12.0pt
* \headsep=25.0pt
* \topskip=12.0pt
* \footskip=30.0pt
* \marginparwidth=44.0pt
* \marginparsep=10.0pt
* \columnsep=10.0pt
* \skip\footins=10.8pt plus 4.0pt minus 2.0pt
* \hoffset=0.0pt
* \voffset=0.0pt
* \mag=1000
* \@twocolumnfalse
* \@twosidefalse
* \@mparswitchfalse
* \@reversemarginfalse
* (1in=72.27pt=25.4mm, 1cm=28.453pt)

LaTeX Font Info:    Try loading font information for U+msa on input line 90.
("C:\Program Files (x86)\MiKTeX 2.9\tex\latex\amsfonts\umsa.fd"
File: umsa.fd 2013/01/14 v3.01 AMS symbols A
)
LaTeX Font Info:    Try loading font information for U+msb on input line 90.

("C:\Program Files (x86)\MiKTeX 2.9\tex\latex\amsfonts\umsb.fd"
File: umsb.fd 2013/01/14 v3.01 AMS symbols B
) [1

{C:/ProgramData/MiKTeX/2.9/pdftex/config/pdftex.map}]
(C:\Users\taudiere\Desktop\cati\tutorial\vignettes\vignette.toc)
\tf@toc=\write4
 [2]
Package color Info: Redefining color shadecolor on input line 114.
Package color Info: Redefining color shadecolor on input line 126.
LaTeX Font Info:    Font shape `OT1/cmtt/bx/n' in size <12> not available
(Font)              Font shape `OT1/cmtt/m/n' tried instead on input line 129.
Package color Info: Redefining color shadecolor on input line 143.
Package color Info: Redefining color shadecolor on input line 159.
Package color Info: Redefining color shadecolor on input line 177.
 [3]
Package color Info: Redefining color shadecolor on input line 189.
Package color Info: Redefining color shadecolor on input line 202.
Package color Info: Redefining color shadecolor on input line 214.


LaTeX Warning: File `figs/darwinfinch.pdf' not found on input line 233.


! Package pdftex.def Error: File `figs/darwinfinch.pdf' not found.

See the pdftex.def package documentation for explanation.
Type  H <return>  for immediate help.
 ...                                              
                                                  
l.233 ...s[width=\textwidth]{figs/darwinfinch.pdf}
                                                  
Using draft setting for this image.
Try typing  <return>  to proceed.
If that doesn't work, type  X <return>  to quit.

[4] [5]
Package color Info: Redefining color shadecolor on input line 248.
 <figure/unnamed-chunk-101.pdf, id=170, 505.89pt x 505.89pt>
File: figure/unnamed-chunk-101.pdf Graphic file (type pdf)

<use figure/unnamed-chunk-101.pdf>
Package pdftex.def Info: figure/unnamed-chunk-101.pdf used on input line 255.
(pdftex.def)             Requested size: 505.88875pt x 505.89645pt.

<figure/unnamed-chunk-102.pdf, id=171, 505.89pt x 505.89pt>
File: figure/unnamed-chunk-102.pdf Graphic file (type pdf)

<use figure/unnamed-chunk-102.pdf>
Package pdftex.def Info: figure/unnamed-chunk-102.pdf used on input line 257.
(pdftex.def)             Requested size: 505.88875pt x 505.89645pt.

<figure/unnamed-chunk-103.pdf, id=172, 505.89pt x 505.89pt> [6 <C:/Users/taudie
re/Desktop/cati/tutorial/vignettes/figure/unnamed-chunk-101.pdf>]
File: figure/unnamed-chunk-103.pdf Graphic file (type pdf)

<use figure/unnamed-chunk-103.pdf>
Package pdftex.def Info: figure/unnamed-chunk-103.pdf used on input line 259.
(pdftex.def)             Requested size: 505.88875pt x 505.89645pt.
 [7 <C:/Users/taudiere/Desktop/cati/tutorial/vignettes/figure/unnamed-chunk-102
.pdf>] [8 <C:/Users/taudiere/Desktop/cati/tutorial/vignettes/figure/unnamed-chu
nk-103.pdf>]
Package color Info: Redefining color shadecolor on input line 268.

<figure/unnamed-chunk-111.pdf, id=213, 505.89pt x 505.89pt>
File: figure/unnamed-chunk-111.pdf Graphic file (type pdf)

<use figure/unnamed-chunk-111.pdf>
Package pdftex.def Info: figure/unnamed-chunk-111.pdf used on input line 275.
(pdftex.def)             Requested size: 505.88875pt x 505.89645pt.

<figure/unnamed-chunk-112.pdf, id=214, 505.89pt x 505.89pt>
File: figure/unnamed-chunk-112.pdf Graphic file (type pdf)

<use figure/unnamed-chunk-112.pdf>
Package pdftex.def Info: figure/unnamed-chunk-112.pdf used on input line 277.
(pdftex.def)             Requested size: 505.88875pt x 505.89645pt.
 [9 <C:/Users/taudiere/Desktop/cati/tutorial/vignettes/figure/unnamed-chunk-111
.pdf>]
Package color Info: Redefining color shadecolor on input line 284.

<figure/unnamed-chunk-12.pdf, id=228, 505.89pt x 361.35pt>
File: figure/unnamed-chunk-12.pdf Graphic file (type pdf)

<use figure/unnamed-chunk-12.pdf>
Package pdftex.def Info: figure/unnamed-chunk-12.pdf used on input line 291.
(pdftex.def)             Requested size: 505.88875pt x 361.35463pt.
 [10 <C:/Users/taudiere/Desktop/cati/tutorial/vignettes/figure/unnamed-chunk-11
2.pdf>]
Package color Info: Redefining color shadecolor on input line 297.

<figure/unnamed-chunk-13.pdf, id=242, 505.89pt x 505.89pt>
File: figure/unnamed-chunk-13.pdf Graphic file (type pdf)

<use figure/unnamed-chunk-13.pdf>
Package pdftex.def Info: figure/unnamed-chunk-13.pdf used on input line 304.
(pdftex.def)             Requested size: 505.88875pt x 505.89645pt.
Package color Info: Redefining color shadecolor on input line 309.
 [11 <C:/Users/taudiere/Desktop/cati/tutorial/vignettes/figure/unnamed-chunk-12
.pdf>]
<figure/unnamed-chunk-14.pdf, id=256, 505.89pt x 505.89pt>
File: figure/unnamed-chunk-14.pdf Graphic file (type pdf)

<use figure/unnamed-chunk-14.pdf>
Package pdftex.def Info: figure/unnamed-chunk-14.pdf used on input line 315.
(pdftex.def)             Requested size: 505.88875pt x 505.89645pt.
 [12 <C:/Users/taudiere/Desktop/cati/tutorial/vignettes/figure/unnamed-chunk-13
.pdf>]
Package color Info: Redefining color shadecolor on input line 321.
 [13 <C:/Users/taudiere/Desktop/cati/tutorial/vignettes/figure/unnamed-chunk-14
.pdf>]

! Package inputenc Error: Unicode char \u8:α not set up for use with LaTeX.

See the inputenc package documentation for explanation.
Type  H <return>  for immediate help.
 ...                                              
                                                  
l.335 The Rao function computes α
                                  , γ and β -components for taxonomic, fun...

Your command was ignored.
Type  I <command> <return>  to replace it with another command,
or  <return>  to continue without it.


! Package inputenc Error: Unicode char \u8:γ not set up for use with LaTeX.

See the inputenc package documentation for explanation.
Type  H <return>  for immediate help.
 ...                                              
                                                  
l.335 The Rao function computes α, γ
                                       and β -components for taxonomic, fun...

Your command was ignored.
Type  I <command> <return>  to replace it with another command,
or  <return>  to continue without it.


! Package inputenc Error: Unicode char \u8:β not set up for use with LaTeX.

See the inputenc package documentation for explanation.
Type  H <return>  for immediate help.
 ...                                              
                                                  
l.335 The Rao function computes α, γ and β
                                              -components for taxonomic, fun...

Your command was ignored.
Type  I <command> <return>  to replace it with another command,
or  <return>  to continue without it.

! Missing $ inserted.
<inserted text> 
                $
l.341 Where: \gamma
                    is the diversity of the regional pool, \alpha is the div...
I've inserted a begin-math/end-math symbol since I think
you left one out. Proceed, with fingers crossed.

! Missing $ inserted.
<inserted text> 
                $
l.343 
      
I've inserted a begin-math/end-math symbol since I think
you left one out. Proceed, with fingers crossed.


Overfull \hbox (446.15492pt too wide) in paragraph at lines 341--343
[]\OT1/cmr/m/n/12 Where: $\OML/cmm/m/it/12 isthediversityoftheregionalpool; i
sthediversityofthelocalcommunityandistheturnoverbetweenlocalcommunities\OT1/cm
r/m/n/12 ; \OML/cmm/m/it/12 diversityisestimatedusingtheRaoquadraticentropyindi
ces:[] $
 []


Underfull \hbox (badness 10000) in paragraph at lines 341--343

 []

Package color Info: Redefining color shadecolor on input line 351.
Package color Info: Redefining color shadecolor on input line 391.
[14]
Package color Info: Redefining color shadecolor on input line 418.
 <figure/unnamed-chunk-18.pdf, id=288, 361.35pt x 361.35pt>
File: figure/unnamed-chunk-18.pdf Graphic file (type pdf)

<use figure/unnamed-chunk-18.pdf>
Package pdftex.def Info: figure/unnamed-chunk-18.pdf used on input line 427.
(pdftex.def)             Requested size: 361.34912pt x 361.34912pt.
Package color Info: Redefining color shadecolor on input line 440.
 [15 <C:/Users/taudiere/Desktop/cati/tutorial/vignettes/figure/unnamed-chunk-18
.pdf>]
Package color Info: Redefining color shadecolor on input line 454.
LaTeX Font Info:    Try loading font information for OMS+cmtt on input line 463
.

(C:/PROGRA~1/R/R-31~1.1/share/texmf/tex/latex\omscmtt.fd
File: omscmtt.fd 
)
LaTeX Font Info:    Font shape `OMS/cmtt/m/n' in size <12> not available
(Font)              Font shape `OMS/cmsy/m/n' tried instead on input line 463.
Package color Info: Redefining color shadecolor on input line 477.

<figure/unnamed-chunk-21.pdf, id=298, 361.35pt x 361.35pt>
File: figure/unnamed-chunk-21.pdf Graphic file (type pdf)

<use figure/unnamed-chunk-21.pdf>
Package pdftex.def Info: figure/unnamed-chunk-21.pdf used on input line 485.
(pdftex.def)             Requested size: 361.34912pt x 361.34912pt.
 [16]
Package color Info: Redefining color shadecolor on input line 495.

<figure/unnamed-chunk-221.pdf, id=303, 433.62pt x 433.62pt>
File: figure/unnamed-chunk-221.pdf Graphic file (type pdf)

<use figure/unnamed-chunk-221.pdf>
Package pdftex.def Info: figure/unnamed-chunk-221.pdf used on input line 504.
(pdftex.def)             Requested size: 433.61894pt x 433.63878pt.
 [17 <C:/Users/taudiere/Desktop/cati/tutorial/vignettes/figure/unnamed-chunk-21
.pdf>]
<figure/unnamed-chunk-222.pdf, id=313, 433.62pt x 433.62pt>
File: figure/unnamed-chunk-222.pdf Graphic file (type pdf)

<use figure/unnamed-chunk-222.pdf>
Package pdftex.def Info: figure/unnamed-chunk-222.pdf used on input line 515.
(pdftex.def)             Requested size: 433.61894pt x 433.63878pt.
 [18 <C:/Users/taudiere/Desktop/cati/tutorial/vignettes/figure/unnamed-chunk-22
1.pdf>] [19 <C:/Users/taudiere/Desktop/cati/tutorial/vignettes/figure/unnamed-c
hunk-222.pdf>]
Underfull \hbox (badness 10000) in paragraph at lines 530--532

 []

Package color Info: Redefining color shadecolor on input line 536.
Package color Info: Redefining color shadecolor on input line 553.
<figure/unnamed-chunk-241.pdf, id=334, 289.08pt x 289.08pt>
File: figure/unnamed-chunk-241.pdf Graphic file (type pdf)

<use figure/unnamed-chunk-241.pdf>
Package pdftex.def Info: figure/unnamed-chunk-241.pdf used on input line 565.
(pdftex.def)             Requested size: 289.07928pt x 289.09251pt.
 [20 <C:/Users/taudiere/Desktop/cati/tutorial/vignettes/figure/unnamed-chunk-24
1.pdf>]
<figure/unnamed-chunk-242.pdf, id=345, 289.08pt x 289.08pt>
File: figure/unnamed-chunk-242.pdf Graphic file (type pdf)

<use figure/unnamed-chunk-242.pdf>
Package pdftex.def Info: figure/unnamed-chunk-242.pdf used on input line 577.
(pdftex.def)             Requested size: 289.07928pt x 289.09251pt.
 [21 <C:/Users/taudiere/Desktop/cati/tutorial/vignettes/figure/unnamed-chunk-24
2.pdf>]
Package color Info: Redefining color shadecolor on input line 594.

<figure/unnamed-chunk-25.pdf, id=355, 505.89pt x 505.89pt>
File: figure/unnamed-chunk-25.pdf Graphic file (type pdf)

<use figure/unnamed-chunk-25.pdf>
Package pdftex.def Info: figure/unnamed-chunk-25.pdf used on input line 599.
(pdftex.def)             Requested size: 505.88875pt x 505.89645pt.
 [22 <C:/Users/taudiere/Desktop/cati/tutorial/vignettes/figure/unnamed-chunk-25
.pdf>]
Package color Info: Redefining color shadecolor on input line 608.

<figure/unnamed-chunk-26.pdf, id=370, 505.89pt x 505.89pt>
File: figure/unnamed-chunk-26.pdf Graphic file (type pdf)

<use figure/unnamed-chunk-26.pdf>
Package pdftex.def Info: figure/unnamed-chunk-26.pdf used on input line 614.
(pdftex.def)             Requested size: 505.88875pt x 505.89645pt.
 [23 <C:/Users/taudiere/Desktop/cati/tutorial/vignettes/figure/unnamed-chunk-26
.pdf>]
Package color Info: Redefining color shadecolor on input line 623.

<figure/unnamed-chunk-271.pdf, id=386, 505.89pt x 505.89pt>
File: figure/unnamed-chunk-271.pdf Graphic file (type pdf)

<use figure/unnamed-chunk-271.pdf>
Package pdftex.def Info: figure/unnamed-chunk-271.pdf used on input line 629.
(pdftex.def)             Requested size: 505.88875pt x 505.89645pt.

<figure/unnamed-chunk-272.pdf, id=387, 505.89pt x 505.89pt>
File: figure/unnamed-chunk-272.pdf Graphic file (type pdf)

<use figure/unnamed-chunk-272.pdf>
Package pdftex.def Info: figure/unnamed-chunk-272.pdf used on input line 635.
(pdftex.def)             Requested size: 505.88875pt x 505.89645pt.
 [24 <C:/Users/taudiere/Desktop/cati/tutorial/vignettes/figure/unnamed-chunk-27
1.pdf>]
<figure/unnamed-chunk-273.pdf, id=397, 505.89pt x 505.89pt>
File: figure/unnamed-chunk-273.pdf Graphic file (type pdf)

<use figure/unnamed-chunk-273.pdf>
Package pdftex.def Info: figure/unnamed-chunk-273.pdf used on input line 642.
(pdftex.def)             Requested size: 505.88875pt x 505.89645pt.
 [25 <C:/Users/taudiere/Desktop/cati/tutorial/vignettes/figure/unnamed-chunk-27
2.pdf>] [26 <C:/Users/taudiere/Desktop/cati/tutorial/vignettes/figure/unnamed-c
hunk-273.pdf>]
Underfull \hbox (badness 10000) in paragraph at lines 655--657

 []

Package color Info: Redefining color shadecolor on input line 661.
Package color Info: Redefining color shadecolor on input line 700.
<figure/unnamed-chunk-29.pdf, id=417, 433.62pt x 433.62pt>
File: figure/unnamed-chunk-29.pdf Graphic file (type pdf)

<use figure/unnamed-chunk-29.pdf>
Package pdftex.def Info: figure/unnamed-chunk-29.pdf used on input line 706.
(pdftex.def)             Requested size: 433.61894pt x 433.63878pt.
 [27]
Package color Info: Redefining color shadecolor on input line 716.

<figure/unnamed-chunk-301.pdf, id=423, 325.215pt x 252.945pt>
File: figure/unnamed-chunk-301.pdf Graphic file (type pdf)

<use figure/unnamed-chunk-301.pdf>
Package pdftex.def Info: figure/unnamed-chunk-301.pdf used on input line 722.
(pdftex.def)             Requested size: 325.2142pt x 252.96367pt.
 [28 <C:/Users/taudiere/Desktop/cati/tutorial/vignettes/figure/unnamed-chunk-29
.pdf>]
<figure/unnamed-chunk-302.pdf, id=433, 325.215pt x 252.945pt>
File: figure/unnamed-chunk-302.pdf Graphic file (type pdf)

<use figure/unnamed-chunk-302.pdf>
Package pdftex.def Info: figure/unnamed-chunk-302.pdf used on input line 732.
(pdftex.def)             Requested size: 325.2142pt x 252.96367pt.

<figure/unnamed-chunk-303.pdf, id=434, 325.215pt x 252.945pt>
File: figure/unnamed-chunk-303.pdf Graphic file (type pdf)

<use figure/unnamed-chunk-303.pdf>
Package pdftex.def Info: figure/unnamed-chunk-303.pdf used on input line 745.
(pdftex.def)             Requested size: 325.2142pt x 252.96367pt.
 [29 <C:/Users/taudiere/Desktop/cati/tutorial/vignettes/figure/unnamed-chunk-30
1.pdf> <C:/Users/taudiere/Desktop/cati/tutorial/vignettes/figure/unnamed-chunk-
302.pdf>]
<figure/unnamed-chunk-304.pdf, id=449, 325.215pt x 252.945pt>
File: figure/unnamed-chunk-304.pdf Graphic file (type pdf)

<use figure/unnamed-chunk-304.pdf>
Package pdftex.def Info: figure/unnamed-chunk-304.pdf used on input line 755.
(pdftex.def)             Requested size: 325.2142pt x 252.96367pt.
 [30 <C:/Users/taudiere/Desktop/cati/tutorial/vignettes/figure/unnamed-chunk-30
3.pdf> <C:/Users/taudiere/Desktop/cati/tutorial/vignettes/figure/unnamed-chunk-
304.pdf>]
Package color Info: Redefining color shadecolor on input line 778.

<figure/unnamed-chunk-31.pdf, id=464, 361.35pt x 361.35pt>
File: figure/unnamed-chunk-31.pdf Graphic file (type pdf)

<use figure/unnamed-chunk-31.pdf>
Package pdftex.def Info: figure/unnamed-chunk-31.pdf used on input line 784.
(pdftex.def)             Requested size: 361.34912pt x 361.34912pt.
Package color Info: Redefining color shadecolor on input line 793.
 [31 <C:/Users/taudiere/Desktop/cati/tutorial/vignettes/figure/unnamed-chunk-31
.pdf>] [32]
Package color Info: Redefining color shadecolor on input line 872.

<figure/unnamed-chunk-331.pdf, id=479, 505.89pt x 505.89pt>
File: figure/unnamed-chunk-331.pdf Graphic file (type pdf)

<use figure/unnamed-chunk-331.pdf>
Package pdftex.def Info: figure/unnamed-chunk-331.pdf used on input line 878.
(pdftex.def)             Requested size: 505.88875pt x 505.89645pt.

<figure/unnamed-chunk-332.pdf, id=480, 505.89pt x 505.89pt>
File: figure/unnamed-chunk-332.pdf Graphic file (type pdf)

<use figure/unnamed-chunk-332.pdf>
Package pdftex.def Info: figure/unnamed-chunk-332.pdf used on input line 880.
(pdftex.def)             Requested size: 505.88875pt x 505.89645pt.

<figure/unnamed-chunk-333.pdf, id=481, 505.89pt x 505.89pt> [33 <C:/Users/taudi
ere/Desktop/cati/tutorial/vignettes/figure/unnamed-chunk-331.pdf>]
File: figure/unnamed-chunk-333.pdf Graphic file (type pdf)

<use figure/unnamed-chunk-333.pdf>
Package pdftex.def Info: figure/unnamed-chunk-333.pdf used on input line 882.
(pdftex.def)             Requested size: 505.88875pt x 505.89645pt.
 [34 <C:/Users/taudiere/Desktop/cati/tutorial/vignettes/figure/unnamed-chunk-33
2.pdf>]
Package color Info: Redefining color shadecolor on input line 889.

<figure/unnamed-chunk-34.pdf, id=502, 505.89pt x 505.89pt>
File: figure/unnamed-chunk-34.pdf Graphic file (type pdf)

<use figure/unnamed-chunk-34.pdf>
Package pdftex.def Info: figure/unnamed-chunk-34.pdf used on input line 897.
(pdftex.def)             Requested size: 505.88875pt x 505.89645pt.
 [35 <C:/Users/taudiere/Desktop/cati/tutorial/vignettes/figure/unnamed-chunk-33
3.pdf>]
Package color Info: Redefining color shadecolor on input line 904.

<figure/unnamed-chunk-35.pdf, id=513, 505.89pt x 505.89pt>
File: figure/unnamed-chunk-35.pdf Graphic file (type pdf)

<use figure/unnamed-chunk-35.pdf>
Package pdftex.def Info: figure/unnamed-chunk-35.pdf used on input line 911.
(pdftex.def)             Requested size: 505.88875pt x 505.89645pt.
 [36 <C:/Users/taudiere/Desktop/cati/tutorial/vignettes/figure/unnamed-chunk-34
.pdf>] [37 <C:/Users/taudiere/Desktop/cati/tutorial/vignettes/figure/unnamed-ch
unk-35.pdf>]
Underfull \hbox (badness 10000) in paragraph at lines 922--923
\OT1/cmtt/m/n/12 The function ComIndex allow to choose your own function (like 
mean, range,
 []


Underfull \hbox (badness 10000) in paragraph at lines 922--923
\OT1/cmtt/m/n/12 variance...) to calculate customize metrics. Here CVNND refers
 to the Coefficient
 []


Underfull \hbox (badness 10000) in paragraph at lines 922--923
\OT1/cmtt/m/n/12 of Variation of the Nearest Neighborhood Distance. ComIndexMul
ti do the same things
 []

Package color Info: Redefining color shadecolor on input line 925.

Underfull \hbox (badness 10000) in paragraph at lines 944--945
[]\OT1/cmtt/m/n/12 These two functions allows to calcul index by sites for exam
ple using "tapply(x,
 []

Package color Info: Redefining color shadecolor on input line 947.
Package color Info: Redefining color shadecolor on input line 971.

Overfull \hbox (21.24153pt too wide) in paragraph at lines 974--974
[][]\OT1/cmtt/m/it/12 #like in the function ComIndex and determine the site for
 each population (sites_bypop)[][] 
 []

[38]
Package color Info: Redefining color shadecolor on input line 1010.

Overfull \hbox (113.26357pt too wide) in paragraph at lines 1034--1034
[]\OT1/cmtt/m/n/12 ##   ..$ tapply(x, ind.plot.finch, function(x) mean(x, na.rm
=T))               : num [1:6, 1:4] NULL ...[] 
 []


Overfull \hbox (113.26357pt too wide) in paragraph at lines 1034--1034
[]\OT1/cmtt/m/n/12 ##   ..$ tapply(x, ind.plot.finch, function(x) kurtosis(x, n
a.rm=T))           : num [1:6, 1:4] NULL ...[] 
 []


Overfull \hbox (113.26357pt too wide) in paragraph at lines 1034--1034
[]\OT1/cmtt/m/n/12 ##   ..$ tapply(x, ind.plot.finch, function(x) max(x, na.rm=
T)-min(x, na.rm=T)): num [1:6, 1:4] NULL ...[] 
 []


Overfull \hbox (113.26357pt too wide) in paragraph at lines 1034--1034
[]\OT1/cmtt/m/n/12 ##   ..$ tapply(x, ind.plot.finch, function(x) CVNND(x))    
                   : num [1:6, 1:4] NULL ...[] 
 []

[39]
Underfull \vbox (badness 10000) detected at line 1156
 []


Underfull \vbox (badness 10000) detected at line 1156
 []

[40] [41] <figure/unnamed-chunk-391.pdf, id=549, 361.35pt x 361.35pt>
File: figure/unnamed-chunk-391.pdf Graphic file (type pdf)

<use figure/unnamed-chunk-391.pdf>
Package pdftex.def Info: figure/unnamed-chunk-391.pdf used on input line 1157.
(pdftex.def)             Requested size: 361.34912pt x 361.34912pt.

<figure/unnamed-chunk-392.pdf, id=550, 361.35pt x 361.35pt>
File: figure/unnamed-chunk-392.pdf Graphic file (type pdf)

<use figure/unnamed-chunk-392.pdf>
Package pdftex.def Info: figure/unnamed-chunk-392.pdf used on input line 1162.
(pdftex.def)             Requested size: 361.34912pt x 361.34912pt.
 [42 <C:/Users/taudiere/Desktop/cati/tutorial/vignettes/figure/unnamed-chunk-39
1.pdf>]
Underfull \hbox (badness 10000) in paragraph at lines 1168--1169
\OT1/cmtt/m/n/12 The class listofindex permit to stock differents metrics compu
ted using Tstats,
 []


Underfull \hbox (badness 10000) in paragraph at lines 1168--1169
\OT1/cmtt/m/n/12 ComIndex and ComIndexMulti and compared to different null mode
l. To do that we can
 []


LaTeX Warning: Command \textendash invalid in math mode on input line 1171.


Underfull \hbox (badness 10000) in paragraph at lines 1174--1175
[]\OT1/cmtt/m/n/12 where $\OML/cmm/m/it/12 I[]bs$ \OT1/cmtt/m/n/12 is the obser
ved value, $\OML/cmm/m/it/12 I[]im$ \OT1/cmtt/m/n/12 the mean of values calcula
ted from the null
 []

Package color Info: Redefining color shadecolor on input line 1178.
Package color Info: Redefining color shadecolor on input line 1189.
[43 <C:/Users/taudiere/Desktop/cati/tutorial/vignettes/figure/unnamed-chunk-392
.pdf>]
Package color Info: Redefining color shadecolor on input line 1208.

Underfull \hbox (badness 10000) in paragraph at lines 1206--1208
[]\OT1/cmtt/m/n/12 The plot type bytraits allows to plot all SES traits values 
for all sites or all
 []

<figure/unnamed-chunk-42.pdf, id=570, 505.89pt x 505.89pt>
File: figure/unnamed-chunk-42.pdf Graphic file (type pdf)

<use figure/unnamed-chunk-42.pdf>
Package pdftex.def Info: figure/unnamed-chunk-42.pdf used on input line 1222.
(pdftex.def)             Requested size: 505.88875pt x 505.89645pt.
 [44]
Package color Info: Redefining color shadecolor on input line 1229.

<figure/unnamed-chunk-431.pdf, id=575, 505.89pt x 505.89pt>
File: figure/unnamed-chunk-431.pdf Graphic file (type pdf)

<use figure/unnamed-chunk-431.pdf>
Package pdftex.def Info: figure/unnamed-chunk-431.pdf used on input line 1235.
(pdftex.def)             Requested size: 505.88875pt x 505.89645pt.
 [45 <C:/Users/taudiere/Desktop/cati/tutorial/vignettes/figure/unnamed-chunk-42
.pdf>]
<figure/unnamed-chunk-432.pdf, id=586, 505.89pt x 505.89pt>
File: figure/unnamed-chunk-432.pdf Graphic file (type pdf)

<use figure/unnamed-chunk-432.pdf>
Package pdftex.def Info: figure/unnamed-chunk-432.pdf used on input line 1245.
(pdftex.def)             Requested size: 505.88875pt x 505.89645pt.
 [46 <C:/Users/taudiere/Desktop/cati/tutorial/vignettes/figure/unnamed-chunk-43
1.pdf>]
<figure/unnamed-chunk-433.pdf, id=596, 505.89pt x 505.89pt>
File: figure/unnamed-chunk-433.pdf Graphic file (type pdf)

<use figure/unnamed-chunk-433.pdf>
Package pdftex.def Info: figure/unnamed-chunk-433.pdf used on input line 1250.
(pdftex.def)             Requested size: 505.88875pt x 505.89645pt.
 [47 <C:/Users/taudiere/Desktop/cati/tutorial/vignettes/figure/unnamed-chunk-43
2.pdf>] [48 <C:/Users/taudiere/Desktop/cati/tutorial/vignettes/figure/unnamed-c
hunk-433.pdf>]
Underfull \hbox (badness 10000) in paragraph at lines 1263--1264
\OT1/cmtt/m/n/12 For most multivariate functions we need to replace (or exclude
) NA values. For this
 []

Package color Info: Redefining color shadecolor on input line 1266.
Package color Info: Redefining color shadecolor on input line 1281.
[49]
Underfull \hbox (badness 10000) in paragraph at lines 1316--1317
[]\OT1/cmtt/m/n/12 A more interesting example using the function hypervolume fr
om the package ...
 []


Underfull \hbox (badness 10000) in paragraph at lines 1316--1317
\OT1/cmtt/m/n/12 hypervolume. We show here several results which differe in the
re factor that delimit
 []

Package color Info: Redefining color shadecolor on input line 1320.
<figure/unnamed-chunk-46.pdf, id=620, 505.89pt x 505.89pt>
File: figure/unnamed-chunk-46.pdf Graphic file (type pdf)

<use figure/unnamed-chunk-46.pdf>
Package pdftex.def Info: figure/unnamed-chunk-46.pdf used on input line 1328.
(pdftex.def)             Requested size: 505.88875pt x 505.89645pt.
Package color Info: Redefining color shadecolor on input line 1335.
 [50 <C:/Users/taudiere/Desktop/cati/tutorial/vignettes/figure/unnamed-chunk-46
.pdf>]
<figure/unnamed-chunk-471.pdf, id=642, 505.89pt x 505.89pt>
File: figure/unnamed-chunk-471.pdf Graphic file (type pdf)

<use figure/unnamed-chunk-471.pdf>
Package pdftex.def Info: figure/unnamed-chunk-471.pdf used on input line 1357.
(pdftex.def)             Requested size: 505.88875pt x 505.89645pt.
 [51]
<figure/unnamed-chunk-472.pdf, id=647, 505.89pt x 505.89pt>
File: figure/unnamed-chunk-472.pdf Graphic file (type pdf)

<use figure/unnamed-chunk-472.pdf>
Package pdftex.def Info: figure/unnamed-chunk-472.pdf used on input line 1362.
(pdftex.def)             Requested size: 505.88875pt x 505.89645pt.
 [52 <C:/Users/taudiere/Desktop/cati/tutorial/vignettes/figure/unnamed-chunk-47
1.pdf>] [53 <C:/Users/taudiere/Desktop/cati/tutorial/vignettes/figure/unnamed-c
hunk-472.pdf>]
Underfull \vbox (badness 10000) detected at line 1502
 []


Underfull \vbox (badness 10000) detected at line 1502
 []

[54]
Underfull \vbox (badness 10000) detected at line 1502
 []


Underfull \vbox (badness 10000) detected at line 1502
 []

[55]
Underfull \hbox (badness 10000) in paragraph at lines 1505--1506
[]\OT1/cmtt/m/n/12 The standard example of the hypervolume package also use fin
ch data but at the
 []

Package color Info: Redefining color shadecolor on input line 1508.

Overfull \hbox (193.5386pt too wide) in paragraph at lines 1579--1579
[]\OT1/cmtt/m/n/12 ## +     hv_finches_list@HVList[[i]] <- hypervolume(this_spe
cies_log, bandwidth=estimate_bandwidth(this_species_log),[] 
 []


Overfull \hbox (230.58862pt too wide) in paragraph at lines 1579--1579
[]\OT1/cmtt/m/n/12 ## +                                                reps=100
00, quantile=0, name=as.character(species_list[i]), warn=FALSE)[] 
 []


Overfull \hbox (323.21367pt too wide) in paragraph at lines 1579--1579
[]\OT1/cmtt/m/n/12 ## +         this_set = hypervolume_set(hv_finches_list@HVLi
st[[i]], hv_finches_list@HVList[[j]],reduction_factor=0.5, check_memory=FALSE)[
] 
 []


Overfull \hbox (39.16353pt too wide) in paragraph at lines 1579--1579
[]\OT1/cmtt/m/n/12 ## +         # calculate a Sorensen overlap index (2 x share
d volume / sum of |hv1| + |hv2|)[] 
 []


Overfull \hbox (354.08868pt too wide) in paragraph at lines 1579--1579
[]\OT1/cmtt/m/n/12 ## +         overlap[i,j] = 2 * this_set@HVList$Intersection
@Volume / (hv_finches_list@HVList[[i]]@Volume + hv_finches_list@HVList[[j]]@Vol
ume)[] 
 []


Overfull \hbox (63.86354pt too wide) in paragraph at lines 1579--1579
[]\OT1/cmtt/m/n/12 ## +   # show pairwise overlaps - note that actually very fe
w species overlap in nine dimensions[] 
 []


Overfull \hbox (82.38855pt too wide) in paragraph at lines 1579--1579
[]\OT1/cmtt/m/n/12 ## +   image(x=1:nrow(overlap), y=1:nrow(overlap), z=overlap
,axes=F,xlab=,ylab=,col=rainbow(5))[] 
 []


Overfull \hbox (94.73856pt too wide) in paragraph at lines 1579--1579
[]\OT1/cmtt/m/n/12 ## +   axis(side=1, at=1:(length(dimnames(overlap)[[1]])),di
mnames(overlap)[[1]],las=2,cex.axis=0.75)[] 
 []


Overfull \hbox (94.73856pt too wide) in paragraph at lines 1579--1579
[]\OT1/cmtt/m/n/12 ## +   axis(side=2, at=1:(length(dimnames(overlap)[[2]])),di
mnames(overlap)[[2]],las=1,cex.axis=0.75)[] 
 []

[56]
Underfull \vbox (badness 10000) detected at line 1582
 []


Underfull \vbox (badness 10000) detected at line 1582
 []

[57]
Underfull \hbox (badness 10000) in paragraph at lines 1585--1586
[]\OT1/cmtt/m/n/12 ComIndexMulti takes the same arguments as ComIndex and an ar
gument by factor to
 []

Package color Info: Redefining color shadecolor on input line 1588.

Overfull \hbox (372.6137pt too wide) in paragraph at lines 1607--1607
[]\OT1/cmtt/m/n/12 ## [1] "as.numeric(try(hypervolume(na.omit(x), reps=100, \n 
                                 bandwidth=0.2, verbose=F, warnings=F)@Volume))
 100 %"[] 
 []


Overfull \hbox (372.6137pt too wide) in paragraph at lines 1625--1625
[]\OT1/cmtt/m/n/12 ## [1] "as.numeric(try(hypervolume(na.omit(x), reps=100, \n 
                                 bandwidth=0.2, verbose=F, warnings=F)@Volume))
 100 %"[] 
 []


Overfull \hbox (366.43869pt too wide) in paragraph at lines 1643--1643
[]\OT1/cmtt/m/n/12 ## [1] "as.numeric(try(hypervolume(na.omit(x), reps=100,\n  
                                bandwidth=0.2, verbose=F, warnings=F)@Volume)) 
100 %"[] 
 []


Overfull \hbox (372.6137pt too wide) in paragraph at lines 1661--1661
[]\OT1/cmtt/m/n/12 ## [1] "as.numeric(try(hypervolume(na.omit(x), reps=100, \n 
                                 bandwidth=0.2, verbose=F, warnings=F)@Volume))
 100 %"[] 
 []

[58]
Package color Info: Redefining color shadecolor on input line 1671.
 <figure/unnamed-chunk-501.pdf, id=732, 289.08pt x 289.08pt>
File: figure/unnamed-chunk-501.pdf Graphic file (type pdf)

<use figure/unnamed-chunk-501.pdf>
Package pdftex.def Info: figure/unnamed-chunk-501.pdf used on input line 1676.
(pdftex.def)             Requested size: 289.07928pt x 289.09251pt.
 [59]
<figure/unnamed-chunk-502.pdf, id=737, 289.08pt x 289.08pt>
File: figure/unnamed-chunk-502.pdf Graphic file (type pdf)

<use figure/unnamed-chunk-502.pdf>
Package pdftex.def Info: figure/unnamed-chunk-502.pdf used on input line 1681.
(pdftex.def)             Requested size: 289.07928pt x 289.09251pt.
Package color Info: Redefining color shadecolor on input line 1688.
 [60 <C:/Users/taudiere/Desktop/cati/tutorial/vignettes/figure/unnamed-chunk-50
1.pdf> <C:/Users/taudiere/Desktop/cati/tutorial/vignettes/figure/unnamed-chunk-
502.pdf>]
Package color Info: Redefining color shadecolor on input line 1725.

<figure/unnamed-chunk-52.pdf, id=752, 289.08pt x 289.08pt>
File: figure/unnamed-chunk-52.pdf Graphic file (type pdf)

<use figure/unnamed-chunk-52.pdf>
Package pdftex.def Info: figure/unnamed-chunk-52.pdf used on input line 1730.
(pdftex.def)             Requested size: 289.07928pt x 289.09251pt.
Package color Info: Redefining color shadecolor on input line 1738.
 [61 <C:/Users/taudiere/Desktop/cati/tutorial/vignettes/figure/unnamed-chunk-52
.pdf>]
Package color Info: Redefining color shadecolor on input line 1747.

<figure/unnamed-chunk-54.pdf, id=763, 505.89pt x 505.89pt>
File: figure/unnamed-chunk-54.pdf Graphic file (type pdf)

<use figure/unnamed-chunk-54.pdf>
Package pdftex.def Info: figure/unnamed-chunk-54.pdf used on input line 1753.
(pdftex.def)             Requested size: 505.88875pt x 505.89645pt.
Package color Info: Redefining color shadecolor on input line 1759.
 [62]
<figure/unnamed-chunk-551.pdf, id=768, 505.89pt x 505.89pt>
File: figure/unnamed-chunk-551.pdf Graphic file (type pdf)

<use figure/unnamed-chunk-551.pdf>
Package pdftex.def Info: figure/unnamed-chunk-551.pdf used on input line 1765.
(pdftex.def)             Requested size: 505.88875pt x 505.89645pt.
 [63 <C:/Users/taudiere/Desktop/cati/tutorial/vignettes/figure/unnamed-chunk-54
.pdf>]
<figure/unnamed-chunk-552.pdf, id=778, 505.89pt x 505.89pt>
File: figure/unnamed-chunk-552.pdf Graphic file (type pdf)

<use figure/unnamed-chunk-552.pdf>
Package pdftex.def Info: figure/unnamed-chunk-552.pdf used on input line 1773.
(pdftex.def)             Requested size: 505.88875pt x 505.89645pt.
 [64 <C:/Users/taudiere/Desktop/cati/tutorial/vignettes/figure/unnamed-chunk-55
1.pdf>]
Underfull \hbox (badness 10000) in paragraph at lines 1777--1778
[]\OT1/cmtt/m/n/12 An other example using ses.listofindex. The first plot repre
sent "ses" values and
 []


Underfull \hbox (badness 10000) in paragraph at lines 1777--1778
\OT1/cmtt/m/n/12 the second one the result of a test with H0: observed index va
lue are greater than
 []

Package color Info: Redefining color shadecolor on input line 1780.
<figure/unnamed-chunk-561.pdf, id=788, 505.89pt x 505.89pt>
File: figure/unnamed-chunk-561.pdf Graphic file (type pdf)

<use figure/unnamed-chunk-561.pdf>
Package pdftex.def Info: figure/unnamed-chunk-561.pdf used on input line 1789.
(pdftex.def)             Requested size: 505.88875pt x 505.89645pt.
 [65 <C:/Users/taudiere/Desktop/cati/tutorial/vignettes/figure/unnamed-chunk-55
2.pdf>]
<figure/unnamed-chunk-562.pdf, id=798, 505.89pt x 505.89pt>
File: figure/unnamed-chunk-562.pdf Graphic file (type pdf)

<use figure/unnamed-chunk-562.pdf>
Package pdftex.def Info: figure/unnamed-chunk-562.pdf used on input line 1798.
(pdftex.def)             Requested size: 505.88875pt x 505.89645pt.
 [66 <C:/Users/taudiere/Desktop/cati/tutorial/vignettes/figure/unnamed-chunk-56
1.pdf>]
Package color Info: Redefining color shadecolor on input line 1804.

Underfull \hbox (badness 10000) in paragraph at lines 1802--1804
[]\OT1/cmtt/m/n/12 Compare metrics calculate on individual against metrics calc
ulate after
 []


Overfull \vbox (0.98466pt too high) detected at line 1819
 []

[67 <C:/Users/taudiere/Desktop/cati/tutorial/vignettes/figure/unnamed-chunk-562
.pdf>] <figure/unnamed-chunk-571.pdf, id=818, 505.89pt x 505.89pt>
File: figure/unnamed-chunk-571.pdf Graphic file (type pdf)

<use figure/unnamed-chunk-571.pdf>
Package pdftex.def Info: figure/unnamed-chunk-571.pdf used on input line 1820.
(pdftex.def)             Requested size: 505.88875pt x 505.89645pt.

<figure/unnamed-chunk-572.pdf, id=819, 505.89pt x 505.89pt>
File: figure/unnamed-chunk-572.pdf Graphic file (type pdf)

<use figure/unnamed-chunk-572.pdf>
Package pdftex.def Info: figure/unnamed-chunk-572.pdf used on input line 1826.
(pdftex.def)             Requested size: 505.88875pt x 505.89645pt.
 [68 <C:/Users/taudiere/Desktop/cati/tutorial/vignettes/figure/unnamed-chunk-57
1.pdf>]
Underfull \hbox (badness 10000) in paragraph at lines 1831--1832
\OT1/cmtt/m/n/12 To finish, we can do a multivariate analysis of the metrics ob
tain during this
 []


Underfull \hbox (badness 10000) in paragraph at lines 1831--1832
\OT1/cmtt/m/n/12 tutorial. Analysis dudi 1 put together all traits by meaning t
he SES values for
 []


Underfull \hbox (badness 10000) in paragraph at lines 1831--1832
\OT1/cmtt/m/n/12 each metrics in each sites whereas analysis dudi 2 analyse all
 combination of traits
 []

Package color Info: Redefining color shadecolor on input line 1834.

Overfull \hbox (32.98853pt too wide) in paragraph at lines 1838--1838
[] []\OT1/cmtt/m/n/12 matfordudi[][]<-[][]matrix[][]([][]nrow[][]=[][]length[][
]([][]colMeans[][](ses.list[[[][]1[][]]][][]$[][]ses)),[] []ncol[][]=[][]length
[][]([][]names[][](ses.list)))[][] 
 []


Overfull \hbox (45.33853pt too wide) in paragraph at lines 1845--1845
[] []\OT1/cmtt/m/n/12 matfordudi2[][]<-[][]matrix[][]([][]nrow[][]=[][]length[]
[]([][]as.vector[][](ses.list[[[][]1[][]]][][]$[][]ses)),[] []ncol[][]=[][]leng
th[][]([][]names[][](ses.list)))[][] 
 []

[69 <C:/Users/taudiere/Desktop/cati/tutorial/vignettes/figure/unnamed-chunk-572
.pdf>]
Package color Info: Redefining color shadecolor on input line 1855.
Package color Info: Redefining color shadecolor on input line 1866.

Overfull \hbox (181.1886pt too wide) in paragraph at lines 1903--1903
[][]\OT1/cmtt/m/n/12 s.class[][](res.dudi2[][]$[][]li,[] []as.factor[][]([][]c[
][]([][]rep[][]([][]"WingL"[][],[][]6[][]),[] []rep[][]([][]"BeakH"[][],[][]6[]
[]),[] []rep[][]([][]"UBeakL"[][],[][]6[][]),[] []rep[][]([][]"N.UBkL"[][],[][]
6[][]))),[] []col[][]=[][]funky[][]([][]4[][]))[][] 
 []


Overfull \hbox (187.3636pt too wide) in paragraph at lines 1908--1908
[][]\OT1/cmtt/m/n/12 s.class[][](res.dudi2[][]$[][]li,[] []as.factor[][]([][]re
p[][]([][]c[][]([][]"DMaj"[][],[][]"EspHd"[][],[][]"FlorChrl"[][],[][]"GnovTwr"
[][],[][]"MrchBndl"[][],[][]"SCruInde"[][]),[][]4[] [])),[] []col[][]=[][]funky
[][]([][]6[][]))[][] 
 []

Package atveryend Info: Empty hook `BeforeClearDocument' on input line 1918.
[70] [71]
Package atveryend Info: Empty hook `AfterLastShipout' on input line 1918.
 (C:\Users\taudiere\Desktop\cati\tutorial\vignettes\vignette.aux)
Package atveryend Info: Executing hook `AtVeryEndDocument' on input line 1918.
Package atveryend Info: Executing hook `AtEndAfterFileList' on input line 1918.

Package rerunfilecheck Info: File `vignette.out' has not changed.
(rerunfilecheck)             Checksum: 3D30377A85D6052DD45F7CD601BA98CE;2213.
Package atveryend Info: Empty hook `AtVeryVeryEnd' on input line 1918.
 ) 
Here is how much of TeX's memory you used:
 6742 strings out of 493921
 101030 string characters out of 3144867
 206145 words of memory out of 3000000
 9776 multiletter control sequences out of 15000+200000
 21907 words of font info for 81 fonts, out of 3000000 for 9000
 841 hyphenation exceptions out of 8191
 33i,6n,32p,682b,427s stack positions out of 5000i,500n,10000p,200000b,50000s
<C:/Program Files (x86)/MiKTeX 2.9/fonts/type1/public/amsfonts/cm/cmbx10.pfb>
<C:/Program Files (x86)/MiKTeX 2.9/fonts/type1/public/amsfonts/cm/cmbx12.pfb><C
:/Program Files (x86)/MiKTeX 2.9/fonts/type1/public/amsfonts/cm/cmbxti10.pfb><C
:/Program Files (x86)/MiKTeX 2.9/fonts/type1/public/amsfonts/cm/cmitt10.pfb><C:
/Program Files (x86)/MiKTeX 2.9/fonts/type1/public/amsfonts/cm/cmmi12.pfb><C:/P
rogram Files (x86)/MiKTeX 2.9/fonts/type1/public/amsfonts/cm/cmmi8.pfb><C:/Prog
ram Files (x86)/MiKTeX 2.9/fonts/type1/public/amsfonts/cm/cmr10.pfb><C:/Program
 Files (x86)/MiKTeX 2.9/fonts/type1/public/amsfonts/cm/cmr12.pfb><C:/Program Fi
les (x86)/MiKTeX 2.9/fonts/type1/public/amsfonts/cm/cmr17.pfb><C:/Program Files
 (x86)/MiKTeX 2.9/fonts/type1/public/amsfonts/cm/cmsy10.pfb><C:/Program Files (
x86)/MiKTeX 2.9/fonts/type1/public/amsfonts/cm/cmsy7.pfb><C:/Program Files (x86
)/MiKTeX 2.9/fonts/type1/public/amsfonts/cm/cmti10.pfb><C:/Program Files (x86)/
MiKTeX 2.9/fonts/type1/public/amsfonts/cm/cmti12.pfb><C:/Program Files (x86)/Mi
KTeX 2.9/fonts/type1/public/amsfonts/cm/cmtt10.pfb><C:/Program Files (x86)/MiKT
eX 2.9/fonts/type1/public/amsfonts/cm/cmtt12.pfb>
Output written on vignette.pdf (71 pages, 8854756 bytes).
PDF statistics:
 918 PDF objects out of 1000 (max. 8388607)
 99 named destinations out of 1000 (max. 500000)
 454 words of extra memory for PDF output out of 10000 (max. 10000000)

